2024-05-07.22:16:50.0840 [DSM:4] 953 records retrieved from the spreadsheet
2024-05-07.22:16:50.0842 [DSM:4] Currently Processing record: 1
2024-05-07.22:16:50.0842 [DSM:4] Currently Processing record: 2
2024-05-07.22:16:50.0843 [DSM:4] Currently Processing record: 3
2024-05-07.22:17:04.0284 [DSM:4] Currently Processing record: 4
2024-05-07.22:17:05.0339 [DSM:4] Currently Processing record: 5
2024-05-07.22:17:06.0429 [DSM:4] Currently Processing record: 6
2024-05-07.22:17:07.0143 [DSM:4] Currently Processing record: 7
2024-05-07.22:17:08.0119 [DSM:4] Currently Processing record: 8
2024-05-07.22:17:45.0883 [DSM:4] Currently Processing record: 9
2024-05-07.22:17:49.0580 [DSM:4] Currently Processing record: 10
2024-05-07.22:17:49.0585 [DSM:4] Currently Processing record: 11
2024-05-07.22:17:49.0590 [DSM:4] Currently Processing record: 12
2024-05-07.22:17:52.0237 [DSM:4] Currently Processing record: 13
2024-05-07.22:17:52.0242 [DSM:4] Currently Processing record: 14
2024-05-07.22:17:52.0246 [DSM:4] Currently Processing record: 15
2024-05-07.22:17:52.0251 [DSM:4] Currently Processing record: 16
2024-05-07.22:17:52.0256 [DSM:4] Currently Processing record: 17
2024-05-07.22:17:52.0261 [DSM:4] Currently Processing record: 18
2024-05-07.22:17:52.0265 [DSM:4] Currently Processing record: 19
2024-05-07.22:17:52.0269 [DSM:4] Currently Processing record: 20
2024-05-07.22:17:52.0272 [DSM:4] Currently Processing record: 21
2024-05-07.22:17:52.0275 [DSM:4] Currently Processing record: 22
2024-05-07.22:17:52.0277 [DSM:4] Currently Processing record: 23
2024-05-07.22:17:52.0277 [DSM:4] Currently Processing record: 24
2024-05-07.22:17:52.0277 [DSM:4] Currently Processing record: 25
2024-05-07.22:17:52.0278 [DSM:4] Currently Processing record: 26
2024-05-07.22:17:52.0278 [DSM:4] Currently Processing record: 27
2024-05-07.22:17:52.0278 [DSM:4] Currently Processing record: 28
2024-05-07.22:17:52.0278 [DSM:4] Currently Processing record: 29
2024-05-07.22:17:52.0278 [DSM:4] Currently Processing record: 30
2024-05-07.22:17:52.0283 [DSM:4] Currently Processing record: 31
2024-05-07.22:17:52.0283 [DSM:4] Currently Processing record: 32
2024-05-07.22:17:52.0283 [DSM:4] Currently Processing record: 33
2024-05-07.22:17:52.0287 [DSM:4] Currently Processing record: 34
2024-05-07.22:17:52.0291 [DSM:4] Currently Processing record: 35
2024-05-07.22:17:52.0295 [DSM:4] Currently Processing record: 36
2024-05-07.22:17:52.0298 [DSM:4] Currently Processing record: 37
2024-05-07.22:17:52.0301 [DSM:4] Currently Processing record: 38
2024-05-07.22:17:52.0304 [DSM:4] Currently Processing record: 39
2024-05-07.22:17:52.0307 [DSM:4] Currently Processing record: 40
2024-05-07.22:17:52.0310 [DSM:4] Currently Processing record: 41
2024-05-07.22:17:52.0310 [DSM:4] Currently Processing record: 42
2024-05-07.22:17:52.0310 [DSM:4] Currently Processing record: 43
2024-05-07.22:17:52.0310 [DSM:4] Currently Processing record: 44
2024-05-07.22:17:52.0310 [DSM:4] Currently Processing record: 45
2024-05-07.22:17:52.0310 [DSM:4] Currently Processing record: 46
2024-05-07.22:17:52.0310 [DSM:4] Currently Processing record: 47
2024-05-07.22:17:52.0310 [DSM:4] Currently Processing record: 48
2024-05-07.22:17:52.0314 [DSM:4] Currently Processing record: 49
2024-05-07.22:17:52.0317 [DSM:4] Currently Processing record: 50
2024-05-07.22:17:52.0320 [DSM:4] Currently Processing record: 51
2024-05-07.22:17:52.0325 [DSM:4] Currently Processing record: 52
2024-05-07.22:17:52.0328 [DSM:4] Currently Processing record: 53
2024-05-07.22:17:52.0332 [DSM:4] Currently Processing record: 54
2024-05-07.22:17:52.0336 [DSM:4] Currently Processing record: 55
2024-05-07.22:17:52.0336 [DSM:4] Currently Processing record: 56
2024-05-07.22:17:52.0336 [DSM:4] Currently Processing record: 57
2024-05-07.22:17:52.0336 [DSM:4] Currently Processing record: 58
2024-05-07.22:17:52.0336 [DSM:4] Currently Processing record: 59
2024-05-07.22:17:52.0336 [DSM:4] Currently Processing record: 60
2024-05-07.22:17:52.0336 [DSM:4] Currently Processing record: 61
2024-05-07.22:17:52.0336 [DSM:4] Currently Processing record: 62
2024-05-07.22:17:52.0336 [DSM:4] Currently Processing record: 63
2024-05-07.22:17:52.0340 [DSM:4] Currently Processing record: 64
2024-05-07.22:17:52.0343 [DSM:4] Currently Processing record: 65
2024-05-07.22:17:52.0347 [DSM:4] Currently Processing record: 66
2024-05-07.22:17:52.0350 [DSM:4] Currently Processing record: 67
2024-05-07.22:17:52.0353 [DSM:4] Currently Processing record: 68
2024-05-07.22:17:52.0353 [DSM:4] Currently Processing record: 69
2024-05-07.22:17:52.0353 [DSM:4] Currently Processing record: 70
2024-05-07.22:17:52.0358 [DSM:4] Currently Processing record: 71
2024-05-07.22:17:52.0362 [DSM:4] Currently Processing record: 72
2024-05-07.22:17:52.0365 [DSM:4] Currently Processing record: 73
2024-05-07.22:17:52.0368 [DSM:4] Currently Processing record: 74
2024-05-07.22:17:52.0372 [DSM:4] Currently Processing record: 75
2024-05-07.22:17:52.0376 [DSM:4] Currently Processing record: 76
2024-05-07.22:17:52.0379 [DSM:4] Currently Processing record: 77
2024-05-07.22:17:52.0382 [DSM:4] Currently Processing record: 78
2024-05-07.22:17:52.0385 [DSM:4] Currently Processing record: 79
2024-05-07.22:17:52.0388 [DSM:4] Currently Processing record: 80
2024-05-07.22:17:52.0389 [DSM:4] Currently Processing record: 81
2024-05-07.22:17:52.0389 [DSM:4] Currently Processing record: 82
2024-05-07.22:17:52.0389 [DSM:4] Currently Processing record: 83
2024-05-07.22:17:52.0389 [DSM:4] Currently Processing record: 84
2024-05-07.22:17:52.0389 [DSM:4] Currently Processing record: 85
2024-05-07.22:17:52.0389 [DSM:4] Currently Processing record: 86
2024-05-07.22:17:52.0393 [DSM:4] Currently Processing record: 87
2024-05-07.22:17:52.0397 [DSM:4] Currently Processing record: 88
2024-05-07.22:17:52.0397 [DSM:4] Currently Processing record: 89
2024-05-07.22:17:52.0401 [DSM:4] Currently Processing record: 90
2024-05-07.22:17:52.0404 [DSM:4] Currently Processing record: 91
2024-05-07.22:17:52.0408 [DSM:4] Currently Processing record: 92
2024-05-07.22:17:52.0412 [DSM:4] Currently Processing record: 93
2024-05-07.22:17:52.0415 [DSM:4] Currently Processing record: 94
2024-05-07.22:17:52.0419 [DSM:4] Currently Processing record: 95
2024-05-07.22:17:52.0422 [DSM:4] Currently Processing record: 96
2024-05-07.22:17:52.0425 [DSM:4] Currently Processing record: 97
2024-05-07.22:17:52.0425 [DSM:4] Currently Processing record: 98
2024-05-07.22:17:52.0425 [DSM:4] Currently Processing record: 99
2024-05-07.22:17:52.0429 [DSM:4] Currently Processing record: 100
2024-05-07.22:17:52.0433 [DSM:4] Currently Processing record: 101
2024-05-07.22:17:52.0438 [DSM:4] Currently Processing record: 102
2024-05-07.22:17:52.0441 [DSM:4] Currently Processing record: 103
2024-05-07.22:17:52.0444 [DSM:4] Currently Processing record: 104
2024-05-07.22:17:52.0447 [DSM:4] Currently Processing record: 105
2024-05-07.22:17:52.0452 [DSM:4] Currently Processing record: 106
2024-05-07.22:17:52.0456 [DSM:4] Currently Processing record: 107
2024-05-07.22:17:52.0460 [DSM:4] Currently Processing record: 108
2024-05-07.22:17:52.0464 [DSM:4] Currently Processing record: 109
2024-05-07.22:17:52.0468 [DSM:4] Currently Processing record: 110
2024-05-07.22:17:52.0472 [DSM:4] Currently Processing record: 111
2024-05-07.22:17:52.0474 [DSM:4] Currently Processing record: 112
2024-05-07.22:17:52.0477 [DSM:4] Currently Processing record: 113
2024-05-07.22:17:52.0477 [DSM:4] Currently Processing record: 114
2024-05-07.22:17:52.0480 [DSM:4] Currently Processing record: 115
2024-05-07.22:17:52.0484 [DSM:4] Currently Processing record: 116
2024-05-07.22:17:52.0488 [DSM:4] Currently Processing record: 117
2024-05-07.22:17:52.0491 [DSM:4] Currently Processing record: 118
2024-05-07.22:17:52.0491 [DSM:4] Currently Processing record: 119
2024-05-07.22:17:52.0494 [DSM:4] Currently Processing record: 120
2024-05-07.22:17:52.0497 [DSM:4] Currently Processing record: 121
2024-05-07.22:17:52.0500 [DSM:4] Currently Processing record: 122
2024-05-07.22:17:52.0502 [DSM:4] Currently Processing record: 123
2024-05-07.22:17:52.0506 [DSM:4] Currently Processing record: 124
2024-05-07.22:17:52.0509 [DSM:4] Currently Processing record: 125
2024-05-07.22:17:52.0511 [DSM:4] Currently Processing record: 126
2024-05-07.22:17:52.0514 [DSM:4] Currently Processing record: 127
2024-05-07.22:17:52.0518 [DSM:4] Currently Processing record: 128
2024-05-07.22:17:52.0520 [DSM:4] Currently Processing record: 129
2024-05-07.22:17:52.0523 [DSM:4] Currently Processing record: 130
2024-05-07.22:17:52.0526 [DSM:4] Currently Processing record: 131
2024-05-07.22:17:52.0529 [DSM:4] Currently Processing record: 132
2024-05-07.22:17:52.0532 [DSM:4] Currently Processing record: 133
2024-05-07.22:17:52.0535 [DSM:4] Currently Processing record: 134
2024-05-07.22:17:52.0535 [DSM:4] Currently Processing record: 135
2024-05-07.22:17:52.0535 [DSM:4] Currently Processing record: 136
2024-05-07.22:17:52.0537 [DSM:4] Currently Processing record: 137
2024-05-07.22:17:52.0538 [DSM:4] Currently Processing record: 138
2024-05-07.22:17:52.0538 [DSM:4] Currently Processing record: 139
2024-05-07.22:17:52.0541 [DSM:4] Currently Processing record: 140
2024-05-07.22:17:52.0544 [DSM:4] Currently Processing record: 141
2024-05-07.22:17:52.0548 [DSM:4] Currently Processing record: 142
2024-05-07.22:17:52.0552 [DSM:4] Currently Processing record: 143
2024-05-07.22:17:52.0554 [DSM:4] Currently Processing record: 144
2024-05-07.22:17:52.0558 [DSM:4] Currently Processing record: 145
2024-05-07.22:17:52.0562 [DSM:4] Currently Processing record: 146
2024-05-07.22:17:52.0562 [DSM:4] Currently Processing record: 147
2024-05-07.22:17:52.0562 [DSM:4] Currently Processing record: 148
2024-05-07.22:17:52.0566 [DSM:4] Currently Processing record: 149
2024-05-07.22:17:52.0566 [DSM:4] Currently Processing record: 150
2024-05-07.22:17:52.0569 [DSM:4] Currently Processing record: 151
2024-05-07.22:17:52.0569 [DSM:4] Currently Processing record: 152
2024-05-07.22:17:52.0573 [DSM:4] Currently Processing record: 153
2024-05-07.22:17:52.0577 [DSM:4] Currently Processing record: 154
2024-05-07.22:17:52.0581 [DSM:4] Currently Processing record: 155
2024-05-07.22:17:52.0584 [DSM:4] Currently Processing record: 156
2024-05-07.22:17:52.0588 [DSM:4] Currently Processing record: 157
2024-05-07.22:17:52.0591 [DSM:4] Currently Processing record: 158
2024-05-07.22:17:52.0594 [DSM:4] Currently Processing record: 159
2024-05-07.22:17:52.0597 [DSM:4] Currently Processing record: 160
2024-05-07.22:17:52.0601 [DSM:4] Currently Processing record: 161
2024-05-07.22:17:52.0605 [DSM:4] Currently Processing record: 162
2024-05-07.22:17:52.0608 [DSM:4] Currently Processing record: 163
2024-05-07.22:17:52.0611 [DSM:4] Currently Processing record: 164
2024-05-07.22:17:52.0614 [DSM:4] Currently Processing record: 165
2024-05-07.22:17:52.0618 [DSM:4] Currently Processing record: 166
2024-05-07.22:17:52.0623 [DSM:4] Currently Processing record: 167
2024-05-07.22:17:52.0627 [DSM:4] Currently Processing record: 168
2024-05-07.22:17:52.0628 [DSM:4] Currently Processing record: 169
2024-05-07.22:17:52.0633 [DSM:4] Currently Processing record: 170
2024-05-07.22:17:52.0636 [DSM:4] Currently Processing record: 171
2024-05-07.22:17:52.0640 [DSM:4] Currently Processing record: 172
2024-05-07.22:17:52.0643 [DSM:4] Currently Processing record: 173
2024-05-07.22:17:52.0646 [DSM:4] Currently Processing record: 174
2024-05-07.22:17:52.0650 [DSM:4] Currently Processing record: 175
2024-05-07.22:17:52.0655 [DSM:4] Currently Processing record: 176
2024-05-07.22:17:52.0659 [DSM:4] Currently Processing record: 177
2024-05-07.22:17:52.0662 [DSM:4] Currently Processing record: 178
2024-05-07.22:17:52.0666 [DSM:4] Currently Processing record: 179
2024-05-07.22:17:52.0669 [DSM:4] Currently Processing record: 180
2024-05-07.22:17:52.0673 [DSM:4] Currently Processing record: 181
2024-05-07.22:17:52.0676 [DSM:4] Currently Processing record: 182
2024-05-07.22:17:52.0680 [DSM:4] Currently Processing record: 183
2024-05-07.22:17:52.0683 [DSM:4] Currently Processing record: 184
2024-05-07.22:17:52.0686 [DSM:4] Currently Processing record: 185
2024-05-07.22:17:52.0688 [DSM:4] Currently Processing record: 186
2024-05-07.22:17:52.0691 [DSM:4] Currently Processing record: 187
2024-05-07.22:17:52.0694 [DSM:4] Currently Processing record: 188
2024-05-07.22:17:52.0694 [DSM:4] Currently Processing record: 189
2024-05-07.22:17:52.0698 [DSM:4] Currently Processing record: 190
2024-05-07.22:17:52.0701 [DSM:4] Currently Processing record: 191
2024-05-07.22:17:52.0704 [DSM:4] Currently Processing record: 192
2024-05-07.22:17:52.0707 [DSM:4] Currently Processing record: 193
2024-05-07.22:17:52.0709 [DSM:4] Currently Processing record: 194
2024-05-07.22:17:52.0712 [DSM:4] Currently Processing record: 195
2024-05-07.22:17:52.0716 [DSM:4] Currently Processing record: 196
2024-05-07.22:17:52.0718 [DSM:4] Currently Processing record: 197
2024-05-07.22:17:52.0721 [DSM:4] Currently Processing record: 198
2024-05-07.22:17:52.0724 [DSM:4] Currently Processing record: 199
2024-05-07.22:17:52.0726 [DSM:4] Currently Processing record: 200
2024-05-07.22:17:52.0729 [DSM:4] Currently Processing record: 201
2024-05-07.22:17:52.0733 [DSM:4] Currently Processing record: 202
2024-05-07.22:17:52.0736 [DSM:4] Currently Processing record: 203
2024-05-07.22:17:52.0736 [DSM:4] Currently Processing record: 204
2024-05-07.22:17:52.0736 [DSM:4] Currently Processing record: 205
2024-05-07.22:17:52.0740 [DSM:4] Currently Processing record: 206
2024-05-07.22:17:52.0742 [DSM:4] Currently Processing record: 207
2024-05-07.22:17:52.0745 [DSM:4] Currently Processing record: 208
2024-05-07.22:17:52.0748 [DSM:4] Currently Processing record: 209
2024-05-07.22:17:52.0748 [DSM:4] Currently Processing record: 210
2024-05-07.22:17:52.0748 [DSM:4] Currently Processing record: 211
2024-05-07.22:17:52.0748 [DSM:4] Currently Processing record: 212
2024-05-07.22:17:52.0748 [DSM:4] Currently Processing record: 213
2024-05-07.22:17:52.0748 [DSM:4] Currently Processing record: 214
2024-05-07.22:17:52.0748 [DSM:4] Currently Processing record: 215
2024-05-07.22:17:52.0751 [DSM:4] Currently Processing record: 216
2024-05-07.22:17:52.0754 [DSM:4] Currently Processing record: 217
2024-05-07.22:17:52.0757 [DSM:4] Currently Processing record: 218
2024-05-07.22:17:52.0757 [DSM:4] Currently Processing record: 219
2024-05-07.22:17:52.0758 [DSM:4] Currently Processing record: 220
2024-05-07.22:17:52.0758 [DSM:4] Currently Processing record: 221
2024-05-07.22:17:52.0758 [DSM:4] Currently Processing record: 222
2024-05-07.22:17:52.0761 [DSM:4] Currently Processing record: 223
2024-05-07.22:17:52.0765 [DSM:4] Currently Processing record: 224
2024-05-07.22:17:52.0768 [DSM:4] Currently Processing record: 225
2024-05-07.22:17:52.0771 [DSM:4] Currently Processing record: 226
2024-05-07.22:17:52.0771 [DSM:4] Currently Processing record: 227
2024-05-07.22:17:52.0771 [DSM:4] Currently Processing record: 228
2024-05-07.22:17:52.0774 [DSM:4] Currently Processing record: 229
2024-05-07.22:17:52.0778 [DSM:4] Currently Processing record: 230
2024-05-07.22:17:52.0781 [DSM:4] Currently Processing record: 231
2024-05-07.22:17:52.0784 [DSM:4] Currently Processing record: 232
2024-05-07.22:17:52.0787 [DSM:4] Currently Processing record: 233
2024-05-07.22:17:52.0790 [DSM:4] Currently Processing record: 234
2024-05-07.22:17:52.0792 [DSM:4] Currently Processing record: 235
2024-05-07.22:17:52.0796 [DSM:4] Currently Processing record: 236
2024-05-07.22:17:52.0798 [DSM:4] Currently Processing record: 237
2024-05-07.22:17:52.0802 [DSM:4] Currently Processing record: 238
2024-05-07.22:17:52.0805 [DSM:4] Currently Processing record: 239
2024-05-07.22:17:52.0808 [DSM:4] Currently Processing record: 240
2024-05-07.22:17:52.0809 [DSM:4] Currently Processing record: 241
2024-05-07.22:17:52.0809 [DSM:4] Currently Processing record: 242
2024-05-07.22:17:52.0813 [DSM:4] Currently Processing record: 243
2024-05-07.22:17:52.0816 [DSM:4] Currently Processing record: 244
2024-05-07.22:17:52.0821 [DSM:4] Currently Processing record: 245
2024-05-07.22:17:52.0824 [DSM:4] Currently Processing record: 246
2024-05-07.22:17:52.0828 [DSM:4] Currently Processing record: 247
2024-05-07.22:17:52.0831 [DSM:4] Currently Processing record: 248
2024-05-07.22:17:52.0835 [DSM:4] Currently Processing record: 249
2024-05-07.22:17:52.0835 [DSM:4] Currently Processing record: 250
2024-05-07.22:17:52.0838 [DSM:4] Currently Processing record: 251
2024-05-07.22:17:52.0838 [DSM:4] Currently Processing record: 252
2024-05-07.22:17:52.0843 [DSM:4] Currently Processing record: 253
2024-05-07.22:17:52.0847 [DSM:4] Currently Processing record: 254
2024-05-07.22:17:52.0850 [DSM:4] Currently Processing record: 255
2024-05-07.22:17:52.0854 [DSM:4] Currently Processing record: 256
2024-05-07.22:17:52.0854 [DSM:4] Currently Processing record: 257
2024-05-07.22:17:52.0854 [DSM:4] Currently Processing record: 258
2024-05-07.22:17:52.0859 [DSM:4] Currently Processing record: 259
2024-05-07.22:17:52.0861 [DSM:4] Currently Processing record: 260
2024-05-07.22:17:52.0865 [DSM:4] Currently Processing record: 261
2024-05-07.22:17:52.0868 [DSM:4] Currently Processing record: 262
2024-05-07.22:17:52.0870 [DSM:4] Currently Processing record: 263
2024-05-07.22:17:52.0873 [DSM:4] Currently Processing record: 264
2024-05-07.22:17:52.0876 [DSM:4] Currently Processing record: 265
2024-05-07.22:17:52.0877 [DSM:4] Currently Processing record: 266
2024-05-07.22:17:52.0884 [DSM:4] Currently Processing record: 267
2024-05-07.22:17:52.0891 [DSM:4] Currently Processing record: 268
2024-05-07.22:17:52.0891 [DSM:4] Currently Processing record: 269
2024-05-07.22:17:52.0891 [DSM:4] Currently Processing record: 270
2024-05-07.22:17:52.0891 [DSM:4] Currently Processing record: 271
2024-05-07.22:17:52.0891 [DSM:4] Currently Processing record: 272
2024-05-07.22:17:52.0894 [DSM:4] Currently Processing record: 273
2024-05-07.22:17:52.0897 [DSM:4] Currently Processing record: 274
2024-05-07.22:17:52.0900 [DSM:4] Currently Processing record: 275
2024-05-07.22:17:52.0907 [DSM:4] Currently Processing record: 276
2024-05-07.22:17:52.0914 [DSM:4] Currently Processing record: 277
2024-05-07.22:17:52.0917 [DSM:4] Currently Processing record: 278
2024-05-07.22:17:52.0920 [DSM:4] Currently Processing record: 279
2024-05-07.22:17:52.0922 [DSM:4] Currently Processing record: 280
2024-05-07.22:17:52.0925 [DSM:4] Currently Processing record: 281
2024-05-07.22:17:52.0928 [DSM:4] Currently Processing record: 282
2024-05-07.22:17:52.0931 [DSM:4] Currently Processing record: 283
2024-05-07.22:17:52.0945 [DSM:4] Currently Processing record: 284
2024-05-07.22:17:52.0949 [DSM:4] Currently Processing record: 285
2024-05-07.22:17:52.0952 [DSM:4] Currently Processing record: 286
2024-05-07.22:17:52.0952 [DSM:4] Currently Processing record: 287
2024-05-07.22:17:52.0952 [DSM:4] Currently Processing record: 288
2024-05-07.22:17:52.0955 [DSM:4] Currently Processing record: 289
2024-05-07.22:17:52.0958 [DSM:4] Currently Processing record: 290
2024-05-07.22:17:52.0961 [DSM:4] Currently Processing record: 291
2024-05-07.22:17:52.0964 [DSM:4] Currently Processing record: 292
2024-05-07.22:17:52.0968 [DSM:4] Currently Processing record: 293
2024-05-07.22:17:52.0971 [DSM:4] Currently Processing record: 294
2024-05-07.22:17:52.0974 [DSM:4] Currently Processing record: 295
2024-05-07.22:17:52.0977 [DSM:4] Currently Processing record: 296
2024-05-07.22:17:52.0979 [DSM:4] Currently Processing record: 297
2024-05-07.22:17:52.0984 [DSM:4] Currently Processing record: 298
2024-05-07.22:17:52.0988 [DSM:4] Currently Processing record: 299
2024-05-07.22:17:52.0989 [DSM:4] Currently Processing record: 300
2024-05-07.22:17:52.0993 [DSM:4] Currently Processing record: 301
2024-05-07.22:17:52.0996 [DSM:4] Currently Processing record: 302
2024-05-07.22:17:52.0997 [DSM:4] Currently Processing record: 303
2024-05-07.22:17:53.0002 [DSM:4] Currently Processing record: 304
2024-05-07.22:17:53.0005 [DSM:4] Currently Processing record: 305
2024-05-07.22:17:53.0009 [DSM:4] Currently Processing record: 306
2024-05-07.22:17:53.0012 [DSM:4] Currently Processing record: 307
2024-05-07.22:17:53.0016 [DSM:4] Currently Processing record: 308
2024-05-07.22:17:53.0020 [DSM:4] Currently Processing record: 309
2024-05-07.22:17:53.0022 [DSM:4] Currently Processing record: 310
2024-05-07.22:17:53.0024 [DSM:4] Currently Processing record: 311
2024-05-07.22:17:53.0027 [DSM:4] Currently Processing record: 312
2024-05-07.22:17:53.0031 [DSM:4] Currently Processing record: 313
2024-05-07.22:17:53.0034 [DSM:4] Currently Processing record: 314
2024-05-07.22:17:53.0034 [DSM:4] Currently Processing record: 315
2024-05-07.22:17:53.0034 [DSM:4] Currently Processing record: 316
2024-05-07.22:17:53.0037 [DSM:4] Currently Processing record: 317
2024-05-07.22:17:53.0041 [DSM:4] Currently Processing record: 318
2024-05-07.22:17:53.0043 [DSM:4] Currently Processing record: 319
2024-05-07.22:17:53.0043 [DSM:4] Currently Processing record: 320
2024-05-07.22:17:53.0043 [DSM:4] Currently Processing record: 321
2024-05-07.22:17:53.0044 [DSM:4] Currently Processing record: 322
2024-05-07.22:17:53.0047 [DSM:4] Currently Processing record: 323
2024-05-07.22:17:53.0051 [DSM:4] Currently Processing record: 324
2024-05-07.22:17:53.0053 [DSM:4] Currently Processing record: 325
2024-05-07.22:17:53.0054 [DSM:4] Currently Processing record: 326
2024-05-07.22:17:53.0056 [DSM:4] Currently Processing record: 327
2024-05-07.22:17:53.0059 [DSM:4] Currently Processing record: 328
2024-05-07.22:17:53.0063 [DSM:4] Currently Processing record: 329
2024-05-07.22:17:53.0067 [DSM:4] Currently Processing record: 330
2024-05-07.22:17:53.0067 [DSM:4] Currently Processing record: 331
2024-05-07.22:17:53.0067 [DSM:4] Currently Processing record: 332
2024-05-07.22:17:53.0067 [DSM:4] Currently Processing record: 333
2024-05-07.22:17:53.0067 [DSM:4] Currently Processing record: 334
2024-05-07.22:17:53.0071 [DSM:4] Currently Processing record: 335
2024-05-07.22:17:53.0074 [DSM:4] Currently Processing record: 336
2024-05-07.22:17:53.0079 [DSM:4] Currently Processing record: 337
2024-05-07.22:17:53.0082 [DSM:4] Currently Processing record: 338
2024-05-07.22:17:53.0086 [DSM:4] Currently Processing record: 339
2024-05-07.22:17:53.0090 [DSM:4] Currently Processing record: 340
2024-05-07.22:17:53.0094 [DSM:4] Currently Processing record: 341
2024-05-07.22:17:53.0094 [DSM:4] Currently Processing record: 342
2024-05-07.22:17:53.0094 [DSM:4] Currently Processing record: 343
2024-05-07.22:17:53.0098 [DSM:4] Currently Processing record: 344
2024-05-07.22:17:53.0102 [DSM:4] Currently Processing record: 345
2024-05-07.22:17:53.0105 [DSM:4] Currently Processing record: 346
2024-05-07.22:17:53.0109 [DSM:4] Currently Processing record: 347
2024-05-07.22:17:53.0112 [DSM:4] Currently Processing record: 348
2024-05-07.22:17:53.0112 [DSM:4] Currently Processing record: 349
2024-05-07.22:17:53.0112 [DSM:4] Currently Processing record: 350
2024-05-07.22:17:53.0116 [DSM:4] Currently Processing record: 351
2024-05-07.22:17:53.0119 [DSM:4] Currently Processing record: 352
2024-05-07.22:17:53.0122 [DSM:4] Currently Processing record: 353
2024-05-07.22:17:53.0125 [DSM:4] Currently Processing record: 354
2024-05-07.22:17:53.0128 [DSM:4] Currently Processing record: 355
2024-05-07.22:17:53.0132 [DSM:4] Currently Processing record: 356
2024-05-07.22:17:53.0136 [DSM:4] Currently Processing record: 357
2024-05-07.22:17:53.0139 [DSM:4] Currently Processing record: 358
2024-05-07.22:17:53.0144 [DSM:4] Currently Processing record: 359
2024-05-07.22:17:53.0147 [DSM:4] Currently Processing record: 360
2024-05-07.22:17:53.0150 [DSM:4] Currently Processing record: 361
2024-05-07.22:17:53.0150 [DSM:4] Currently Processing record: 362
2024-05-07.22:17:53.0150 [DSM:4] Currently Processing record: 363
2024-05-07.22:17:53.0155 [DSM:4] Currently Processing record: 364
2024-05-07.22:17:53.0157 [DSM:4] Currently Processing record: 365
2024-05-07.22:17:53.0157 [DSM:4] Currently Processing record: 366
2024-05-07.22:17:53.0157 [DSM:4] Currently Processing record: 367
2024-05-07.22:17:53.0161 [DSM:4] Currently Processing record: 368
2024-05-07.22:17:53.0165 [DSM:4] Currently Processing record: 369
2024-05-07.22:17:53.0168 [DSM:4] Currently Processing record: 370
2024-05-07.22:17:53.0172 [DSM:4] Currently Processing record: 371
2024-05-07.22:17:53.0172 [DSM:4] Currently Processing record: 372
2024-05-07.22:17:53.0172 [DSM:4] Currently Processing record: 373
2024-05-07.22:17:53.0175 [DSM:4] Currently Processing record: 374
2024-05-07.22:17:53.0178 [DSM:4] Currently Processing record: 375
2024-05-07.22:17:53.0183 [DSM:4] Currently Processing record: 376
2024-05-07.22:17:53.0186 [DSM:4] Currently Processing record: 377
2024-05-07.22:17:53.0190 [DSM:4] Currently Processing record: 378
2024-05-07.22:17:53.0192 [DSM:4] Date of Birth Changed from 01/01/2000 00:00:00 to 01/01/0001 00:00:00 for Reg No.: AX00956604
2024-05-07.22:17:53.0192 [DSM:4] Date of Birth Changed from 01/01/2000 00:00:00 to NULL for Reg No.: AX00956604
2024-05-07.22:17:53.0197 [DSM:4] Currently Processing record: 379
2024-05-07.22:17:53.0201 [DSM:4] Currently Processing record: 380
2024-05-07.22:17:53.0204 [DSM:4] Currently Processing record: 381
2024-05-07.22:17:53.0208 [DSM:4] Currently Processing record: 382
2024-05-07.22:17:53.0211 [DSM:4] Currently Processing record: 383
2024-05-07.22:17:53.0216 [DSM:4] Currently Processing record: 384
2024-05-07.22:17:53.0220 [DSM:4] Currently Processing record: 385
2024-05-07.22:17:53.0224 [DSM:4] Currently Processing record: 386
2024-05-07.22:17:53.0227 [DSM:4] Currently Processing record: 387
2024-05-07.22:17:53.0233 [DSM:4] Currently Processing record: 388
2024-05-07.22:17:53.0239 [DSM:4] Currently Processing record: 389
2024-05-07.22:17:53.0246 [DSM:4] Currently Processing record: 390
2024-05-07.22:17:53.0251 [DSM:4] Currently Processing record: 391
2024-05-07.22:17:53.0259 [DSM:4] Currently Processing record: 392
2024-05-07.22:17:53.0268 [DSM:4] Currently Processing record: 393
2024-05-07.22:17:53.0275 [DSM:4] Currently Processing record: 394
2024-05-07.22:17:53.0283 [DSM:4] Currently Processing record: 395
2024-05-07.22:17:53.0286 [DSM:4] Currently Processing record: 396
2024-05-07.22:17:53.0289 [DSM:4] Currently Processing record: 397
2024-05-07.22:17:53.0292 [DSM:4] Currently Processing record: 398
2024-05-07.22:17:53.0296 [DSM:4] Currently Processing record: 399
2024-05-07.22:17:53.0299 [DSM:4] Currently Processing record: 400
2024-05-07.22:17:53.0299 [DSM:4] Currently Processing record: 401
2024-05-07.22:17:53.0302 [DSM:4] Currently Processing record: 402
2024-05-07.22:17:53.0305 [DSM:4] Currently Processing record: 403
2024-05-07.22:17:53.0309 [DSM:4] Currently Processing record: 404
2024-05-07.22:17:53.0312 [DSM:4] Currently Processing record: 405
2024-05-07.22:17:53.0315 [DSM:4] Currently Processing record: 406
2024-05-07.22:17:53.0318 [DSM:4] Currently Processing record: 407
2024-05-07.22:17:53.0322 [DSM:4] Currently Processing record: 408
2024-05-07.22:17:53.0322 [DSM:4] Currently Processing record: 409
2024-05-07.22:17:53.0322 [DSM:4] Currently Processing record: 410
2024-05-07.22:17:53.0325 [DSM:4] Currently Processing record: 411
2024-05-07.22:17:53.0328 [DSM:4] Currently Processing record: 412
2024-05-07.22:17:53.0328 [DSM:4] Currently Processing record: 413
2024-05-07.22:17:53.0329 [DSM:4] Currently Processing record: 414
2024-05-07.22:17:53.0332 [DSM:4] Currently Processing record: 415
2024-05-07.22:17:53.0335 [DSM:4] Currently Processing record: 416
2024-05-07.22:17:53.0342 [DSM:4] Currently Processing record: 417
2024-05-07.22:17:53.0351 [DSM:4] Currently Processing record: 418
2024-05-07.22:17:53.0358 [DSM:4] Currently Processing record: 419
2024-05-07.22:17:53.0365 [DSM:4] Currently Processing record: 420
2024-05-07.22:17:53.0371 [DSM:4] Currently Processing record: 421
2024-05-07.22:17:53.0376 [DSM:4] Currently Processing record: 422
2024-05-07.22:17:53.0380 [DSM:4] Currently Processing record: 423
2024-05-07.22:17:53.0385 [DSM:4] Currently Processing record: 424
2024-05-07.22:17:53.0389 [DSM:4] Currently Processing record: 425
2024-05-07.22:17:53.0389 [DSM:4] Currently Processing record: 426
2024-05-07.22:17:53.0393 [DSM:4] Currently Processing record: 427
2024-05-07.22:17:53.0396 [DSM:4] Currently Processing record: 428
2024-05-07.22:17:53.0396 [DSM:4] Currently Processing record: 429
2024-05-07.22:17:53.0396 [DSM:4] Currently Processing record: 430
2024-05-07.22:17:53.0397 [DSM:4] Currently Processing record: 431
2024-05-07.22:17:53.0397 [DSM:4] Currently Processing record: 432
2024-05-07.22:17:53.0401 [DSM:4] Currently Processing record: 433
2024-05-07.22:17:53.0404 [DSM:4] Currently Processing record: 434
2024-05-07.22:17:53.0404 [DSM:4] Currently Processing record: 435
2024-05-07.22:17:53.0404 [DSM:4] Currently Processing record: 436
2024-05-07.22:17:53.0407 [DSM:4] Currently Processing record: 437
2024-05-07.22:17:53.0410 [DSM:4] Currently Processing record: 438
2024-05-07.22:17:53.0413 [DSM:4] Currently Processing record: 439
2024-05-07.22:17:53.0417 [DSM:4] Currently Processing record: 440
2024-05-07.22:17:53.0421 [DSM:4] Currently Processing record: 441
2024-05-07.22:17:53.0424 [DSM:4] Currently Processing record: 442
2024-05-07.22:17:53.0427 [DSM:4] Currently Processing record: 443
2024-05-07.22:17:53.0429 [DSM:4] Currently Processing record: 444
2024-05-07.22:17:53.0434 [DSM:4] Currently Processing record: 445
2024-05-07.22:17:53.0434 [DSM:4] Currently Processing record: 446
2024-05-07.22:17:53.0439 [DSM:4] Currently Processing record: 447
2024-05-07.22:17:53.0442 [DSM:4] Currently Processing record: 448
2024-05-07.22:17:53.0445 [DSM:4] Currently Processing record: 449
2024-05-07.22:17:53.0445 [DSM:4] Currently Processing record: 450
2024-05-07.22:17:53.0449 [DSM:4] Currently Processing record: 451
2024-05-07.22:17:53.0453 [DSM:4] Currently Processing record: 452
2024-05-07.22:17:53.0456 [DSM:4] Currently Processing record: 453
2024-05-07.22:17:53.0459 [DSM:4] Currently Processing record: 454
2024-05-07.22:17:53.0462 [DSM:4] Currently Processing record: 455
2024-05-07.22:17:53.0465 [DSM:4] Currently Processing record: 456
2024-05-07.22:17:53.0470 [DSM:4] Currently Processing record: 457
2024-05-07.22:17:53.0470 [DSM:4] Currently Processing record: 458
2024-05-07.22:17:53.0470 [DSM:4] Currently Processing record: 459
2024-05-07.22:17:53.0470 [DSM:4] Currently Processing record: 460
2024-05-07.22:17:53.0470 [DSM:4] Currently Processing record: 461
2024-05-07.22:17:53.0474 [DSM:4] Currently Processing record: 462
2024-05-07.22:17:53.0477 [DSM:4] Currently Processing record: 463
2024-05-07.22:17:53.0480 [DSM:4] Currently Processing record: 464
2024-05-07.22:17:53.0484 [DSM:4] Currently Processing record: 465
2024-05-07.22:17:53.0488 [DSM:4] Currently Processing record: 466
2024-05-07.22:17:53.0491 [DSM:4] Currently Processing record: 467
2024-05-07.22:17:53.0494 [DSM:4] Currently Processing record: 468
2024-05-07.22:17:53.0498 [DSM:4] Currently Processing record: 469
2024-05-07.22:17:53.0498 [DSM:4] Currently Processing record: 470
2024-05-07.22:17:53.0498 [DSM:4] Currently Processing record: 471
2024-05-07.22:17:53.0498 [DSM:4] Currently Processing record: 472
2024-05-07.22:17:53.0498 [DSM:4] Currently Processing record: 473
2024-05-07.22:17:53.0498 [DSM:4] Currently Processing record: 474
2024-05-07.22:17:53.0498 [DSM:4] Currently Processing record: 475
2024-05-07.22:17:53.0503 [DSM:4] Currently Processing record: 476
2024-05-07.22:17:53.0506 [DSM:4] Currently Processing record: 477
2024-05-07.22:17:53.0510 [DSM:4] Currently Processing record: 478
2024-05-07.22:17:53.0514 [DSM:4] Currently Processing record: 479
2024-05-07.22:17:53.0518 [DSM:4] Currently Processing record: 480
2024-05-07.22:17:53.0523 [DSM:4] Currently Processing record: 481
2024-05-07.22:17:53.0526 [DSM:4] Currently Processing record: 482
2024-05-07.22:17:53.0530 [DSM:4] Currently Processing record: 483
2024-05-07.22:17:53.0533 [DSM:4] Currently Processing record: 484
2024-05-07.22:17:53.0537 [DSM:4] Currently Processing record: 485
2024-05-07.22:17:53.0542 [DSM:4] Currently Processing record: 486
2024-05-07.22:17:53.0546 [DSM:4] Currently Processing record: 487
2024-05-07.22:17:53.0550 [DSM:4] Currently Processing record: 488
2024-05-07.22:17:53.0550 [DSM:4] Currently Processing record: 489
2024-05-07.22:17:53.0550 [DSM:4] Currently Processing record: 490
2024-05-07.22:17:53.0554 [DSM:4] Currently Processing record: 491
2024-05-07.22:17:53.0558 [DSM:4] Currently Processing record: 492
2024-05-07.22:17:53.0562 [DSM:4] Currently Processing record: 493
2024-05-07.22:17:53.0566 [DSM:4] Currently Processing record: 494
2024-05-07.22:17:53.0570 [DSM:4] Currently Processing record: 495
2024-05-07.22:17:53.0574 [DSM:4] Currently Processing record: 496
2024-05-07.22:17:53.0578 [DSM:4] Currently Processing record: 497
2024-05-07.22:17:53.0578 [DSM:4] Currently Processing record: 498
2024-05-07.22:17:53.0578 [DSM:4] Currently Processing record: 499
2024-05-07.22:17:53.0578 [DSM:4] Currently Processing record: 500
2024-05-07.22:17:53.0579 [DSM:4] Currently Processing record: 501
2024-05-07.22:17:53.0579 [DSM:4] Currently Processing record: 502
2024-05-07.22:17:53.0579 [DSM:4] Currently Processing record: 503
2024-05-07.22:17:53.0579 [DSM:4] Currently Processing record: 504
2024-05-07.22:17:53.0584 [DSM:4] Currently Processing record: 505
2024-05-07.22:17:53.0587 [DSM:4] Currently Processing record: 506
2024-05-07.22:17:53.0590 [DSM:4] Currently Processing record: 507
2024-05-07.22:17:53.0593 [DSM:4] Currently Processing record: 508
2024-05-07.22:17:53.0597 [DSM:4] Currently Processing record: 509
2024-05-07.22:17:53.0600 [DSM:4] Currently Processing record: 510
2024-05-07.22:17:53.0604 [DSM:4] Currently Processing record: 511
2024-05-07.22:17:53.0607 [DSM:4] Currently Processing record: 512
2024-05-07.22:17:53.0611 [DSM:4] Currently Processing record: 513
2024-05-07.22:17:53.0614 [DSM:4] Currently Processing record: 514
2024-05-07.22:17:53.0618 [DSM:4] Currently Processing record: 515
2024-05-07.22:17:53.0622 [DSM:4] Currently Processing record: 516
2024-05-07.22:17:53.0626 [DSM:4] Currently Processing record: 517
2024-05-07.22:17:53.0630 [DSM:4] Currently Processing record: 518
2024-05-07.22:17:53.0633 [DSM:4] Currently Processing record: 519
2024-05-07.22:17:53.0633 [DSM:4] Currently Processing record: 520
2024-05-07.22:17:53.0633 [DSM:4] Currently Processing record: 521
2024-05-07.22:17:53.0637 [DSM:4] Currently Processing record: 522
2024-05-07.22:17:53.0640 [DSM:4] Currently Processing record: 523
2024-05-07.22:17:53.0644 [DSM:4] Currently Processing record: 524
2024-05-07.22:17:53.0649 [DSM:4] Currently Processing record: 525
2024-05-07.22:17:53.0656 [DSM:4] Currently Processing record: 526
2024-05-07.22:17:53.0663 [DSM:4] Currently Processing record: 527
2024-05-07.22:17:53.0667 [DSM:4] Currently Processing record: 528
2024-05-07.22:17:53.0667 [DSM:4] Currently Processing record: 529
2024-05-07.22:17:53.0671 [DSM:4] Currently Processing record: 530
2024-05-07.22:17:53.0671 [DSM:4] Currently Processing record: 531
2024-05-07.22:17:53.0671 [DSM:4] Currently Processing record: 532
2024-05-07.22:17:53.0676 [DSM:4] Currently Processing record: 533
2024-05-07.22:17:53.0681 [DSM:4] Currently Processing record: 534
2024-05-07.22:17:53.0686 [DSM:4] Currently Processing record: 535
2024-05-07.22:17:53.0689 [DSM:4] Currently Processing record: 536
2024-05-07.22:17:53.0693 [DSM:4] Currently Processing record: 537
2024-05-07.22:17:53.0697 [DSM:4] Currently Processing record: 538
2024-05-07.22:17:53.0702 [DSM:4] Currently Processing record: 539
2024-05-07.22:17:53.0705 [DSM:4] Currently Processing record: 540
2024-05-07.22:17:53.0705 [DSM:4] Currently Processing record: 541
2024-05-07.22:17:53.0705 [DSM:4] Currently Processing record: 542
2024-05-07.22:17:53.0710 [DSM:4] Currently Processing record: 543
2024-05-07.22:17:53.0713 [DSM:4] Currently Processing record: 544
2024-05-07.22:17:53.0718 [DSM:4] Currently Processing record: 545
2024-05-07.22:17:53.0721 [DSM:4] Currently Processing record: 546
2024-05-07.22:17:53.0724 [DSM:4] Currently Processing record: 547
2024-05-07.22:17:53.0726 [DSM:4] Currently Processing record: 548
2024-05-07.22:17:53.0731 [DSM:4] Currently Processing record: 549
2024-05-07.22:17:53.0734 [DSM:4] Currently Processing record: 550
2024-05-07.22:17:53.0738 [DSM:4] Currently Processing record: 551
2024-05-07.22:17:53.0740 [DSM:4] Date of Birth Changed from 01/01/2000 00:00:00 to 01/01/0001 00:00:00 for Reg No.: K160946
2024-05-07.22:17:53.0741 [DSM:4] Date of Birth Changed from 01/01/2000 00:00:00 to NULL for Reg No.: K160946
2024-05-07.22:17:53.0743 [DSM:4] Currently Processing record: 552
2024-05-07.22:17:53.0746 [DSM:4] Currently Processing record: 553
2024-05-07.22:17:53.0750 [DSM:4] Currently Processing record: 554
2024-05-07.22:17:53.0753 [DSM:4] Currently Processing record: 555
2024-05-07.22:17:53.0753 [DSM:4] Currently Processing record: 556
2024-05-07.22:17:53.0753 [DSM:4] Currently Processing record: 557
2024-05-07.22:17:53.0757 [DSM:4] Currently Processing record: 558
2024-05-07.22:17:53.0760 [DSM:4] Currently Processing record: 559
2024-05-07.22:17:53.0763 [DSM:4] Currently Processing record: 560
2024-05-07.22:17:53.0767 [DSM:4] Currently Processing record: 561
2024-05-07.22:17:53.0771 [DSM:4] Currently Processing record: 562
2024-05-07.22:17:53.0775 [DSM:4] Currently Processing record: 563
2024-05-07.22:17:53.0778 [DSM:4] Currently Processing record: 564
2024-05-07.22:17:53.0782 [DSM:4] Currently Processing record: 565
2024-05-07.22:17:53.0785 [DSM:4] Currently Processing record: 566
2024-05-07.22:17:53.0789 [DSM:4] Currently Processing record: 567
2024-05-07.22:17:53.0794 [DSM:4] Currently Processing record: 568
2024-05-07.22:17:53.0797 [DSM:4] Currently Processing record: 569
2024-05-07.22:17:53.0801 [DSM:4] Currently Processing record: 570
2024-05-07.22:17:53.0806 [DSM:4] Currently Processing record: 571
2024-05-07.22:17:53.0808 [DSM:4] Currently Processing record: 572
2024-05-07.22:17:53.0812 [DSM:4] Currently Processing record: 573
2024-05-07.22:17:53.0816 [DSM:4] Currently Processing record: 574
2024-05-07.22:17:53.0820 [DSM:4] Currently Processing record: 575
2024-05-07.22:17:53.0823 [DSM:4] Currently Processing record: 576
2024-05-07.22:17:53.0827 [DSM:4] Currently Processing record: 577
2024-05-07.22:17:53.0830 [DSM:4] Currently Processing record: 578
2024-05-07.22:17:53.0836 [DSM:4] Currently Processing record: 579
2024-05-07.22:17:53.0836 [DSM:4] Currently Processing record: 580
2024-05-07.22:17:53.0836 [DSM:4] Currently Processing record: 581
2024-05-07.22:17:53.0840 [DSM:4] Currently Processing record: 582
2024-05-07.22:17:53.0840 [DSM:4] Currently Processing record: 583
2024-05-07.22:17:53.0840 [DSM:4] Currently Processing record: 584
2024-05-07.22:17:53.0844 [DSM:4] Currently Processing record: 585
2024-05-07.22:17:53.0848 [DSM:4] Currently Processing record: 586
2024-05-07.22:17:53.0852 [DSM:4] Currently Processing record: 587
2024-05-07.22:17:53.0856 [DSM:4] Currently Processing record: 588
2024-05-07.22:17:53.0856 [DSM:4] Currently Processing record: 589
2024-05-07.22:17:53.0856 [DSM:4] Currently Processing record: 590
2024-05-07.22:17:53.0856 [DSM:4] Currently Processing record: 591
2024-05-07.22:17:53.0860 [DSM:4] Currently Processing record: 592
2024-05-07.22:17:53.0864 [DSM:4] Currently Processing record: 593
2024-05-07.22:17:53.0868 [DSM:4] Currently Processing record: 594
2024-05-07.22:17:53.0872 [DSM:4] Currently Processing record: 595
2024-05-07.22:17:53.0872 [DSM:4] Currently Processing record: 596
2024-05-07.22:17:53.0872 [DSM:4] Currently Processing record: 597
2024-05-07.22:17:53.0873 [DSM:4] Currently Processing record: 598
2024-05-07.22:17:53.0873 [DSM:4] Currently Processing record: 599
2024-05-07.22:17:53.0877 [DSM:4] Currently Processing record: 600
2024-05-07.22:17:53.0882 [DSM:4] Currently Processing record: 601
2024-05-07.22:17:53.0886 [DSM:4] Currently Processing record: 602
2024-05-07.22:17:53.0886 [DSM:4] Currently Processing record: 603
2024-05-07.22:17:53.0887 [DSM:4] Currently Processing record: 604
2024-05-07.22:17:53.0887 [DSM:4] Currently Processing record: 605
2024-05-07.22:17:53.0887 [DSM:4] Currently Processing record: 606
2024-05-07.22:17:53.0895 [DSM:4] Currently Processing record: 607
2024-05-07.22:17:53.0902 [DSM:4] Currently Processing record: 608
2024-05-07.22:17:53.0902 [DSM:4] Currently Processing record: 609
2024-05-07.22:17:53.0902 [DSM:4] Currently Processing record: 610
2024-05-07.22:17:53.0907 [DSM:4] Currently Processing record: 611
2024-05-07.22:17:53.0907 [DSM:4] Currently Processing record: 612
2024-05-07.22:17:53.0912 [DSM:4] Currently Processing record: 613
2024-05-07.22:17:53.0915 [DSM:4] Currently Processing record: 614
2024-05-07.22:17:53.0919 [DSM:4] Currently Processing record: 615
2024-05-07.22:17:53.0923 [DSM:4] Currently Processing record: 616
2024-05-07.22:17:53.0925 [DSM:4] Currently Processing record: 617
2024-05-07.22:17:53.0928 [DSM:4] Currently Processing record: 618
2024-05-07.22:17:53.0932 [DSM:4] Currently Processing record: 619
2024-05-07.22:17:53.0936 [DSM:4] Currently Processing record: 620
2024-05-07.22:17:53.0939 [DSM:4] Currently Processing record: 621
2024-05-07.22:17:53.0943 [DSM:4] Currently Processing record: 622
2024-05-07.22:17:53.0946 [DSM:4] Currently Processing record: 623
2024-05-07.22:17:53.0950 [DSM:4] Currently Processing record: 624
2024-05-07.22:17:53.0953 [DSM:4] Currently Processing record: 625
2024-05-07.22:17:53.0957 [DSM:4] Currently Processing record: 626
2024-05-07.22:17:53.0962 [DSM:4] Currently Processing record: 627
2024-05-07.22:17:53.0965 [DSM:4] Currently Processing record: 628
2024-05-07.22:17:53.0967 [DSM:4] Currently Processing record: 629
2024-05-07.22:17:53.0970 [DSM:4] Currently Processing record: 630
2024-05-07.22:17:53.0970 [DSM:4] Currently Processing record: 631
2024-05-07.22:17:53.0970 [DSM:4] Currently Processing record: 632
2024-05-07.22:17:53.0974 [DSM:4] Currently Processing record: 633
2024-05-07.22:17:53.0978 [DSM:4] Currently Processing record: 634
2024-05-07.22:17:53.0981 [DSM:4] Currently Processing record: 635
2024-05-07.22:17:53.0985 [DSM:4] Currently Processing record: 636
2024-05-07.22:17:53.0985 [DSM:4] Currently Processing record: 637
2024-05-07.22:17:53.0985 [DSM:4] Currently Processing record: 638
2024-05-07.22:17:53.0992 [DSM:4] Currently Processing record: 639
2024-05-07.22:17:54.0000 [DSM:4] Currently Processing record: 640
2024-05-07.22:17:54.0007 [DSM:4] Currently Processing record: 641
2024-05-07.22:17:54.0015 [DSM:4] Currently Processing record: 642
2024-05-07.22:17:54.0020 [DSM:4] Currently Processing record: 643
2024-05-07.22:17:54.0024 [DSM:4] Currently Processing record: 644
2024-05-07.22:17:54.0024 [DSM:4] Currently Processing record: 645
2024-05-07.22:17:54.0024 [DSM:4] Currently Processing record: 646
2024-05-07.22:17:54.0028 [DSM:4] Currently Processing record: 647
2024-05-07.22:17:54.0033 [DSM:4] Currently Processing record: 648
2024-05-07.22:17:54.0036 [DSM:4] Currently Processing record: 649
2024-05-07.22:17:54.0041 [DSM:4] Currently Processing record: 650
2024-05-07.22:17:54.0045 [DSM:4] Currently Processing record: 651
2024-05-07.22:17:54.0048 [DSM:4] Currently Processing record: 652
2024-05-07.22:17:54.0053 [DSM:4] Currently Processing record: 653
2024-05-07.22:17:54.0056 [DSM:4] Currently Processing record: 654
2024-05-07.22:17:54.0060 [DSM:4] Currently Processing record: 655
2024-05-07.22:17:54.0064 [DSM:4] Currently Processing record: 656
2024-05-07.22:17:54.0069 [DSM:4] Currently Processing record: 657
2024-05-07.22:17:54.0069 [DSM:4] Currently Processing record: 658
2024-05-07.22:17:54.0073 [DSM:4] Currently Processing record: 659
2024-05-07.22:17:54.0077 [DSM:4] Currently Processing record: 660
2024-05-07.22:17:54.0082 [DSM:4] Currently Processing record: 661
2024-05-07.22:17:54.0088 [DSM:4] Currently Processing record: 662
2024-05-07.22:17:54.0091 [DSM:4] Currently Processing record: 663
2024-05-07.22:17:54.0094 [DSM:4] Currently Processing record: 664
2024-05-07.22:17:54.0098 [DSM:4] Currently Processing record: 665
2024-05-07.22:17:54.0101 [DSM:4] Currently Processing record: 666
2024-05-07.22:17:54.0104 [DSM:4] Currently Processing record: 667
2024-05-07.22:17:54.0108 [DSM:4] Currently Processing record: 668
2024-05-07.22:17:54.0111 [DSM:4] Currently Processing record: 669
2024-05-07.22:17:54.0115 [DSM:4] Currently Processing record: 670
2024-05-07.22:17:54.0118 [DSM:4] Currently Processing record: 671
2024-05-07.22:17:54.0121 [DSM:4] Currently Processing record: 672
2024-05-07.22:17:54.0124 [DSM:4] Currently Processing record: 673
2024-05-07.22:17:54.0127 [DSM:4] Currently Processing record: 674
2024-05-07.22:17:54.0131 [DSM:4] Currently Processing record: 675
2024-05-07.22:17:54.0135 [DSM:4] Currently Processing record: 676
2024-05-07.22:17:54.0142 [DSM:4] Currently Processing record: 677
2024-05-07.22:17:54.0148 [DSM:4] Currently Processing record: 678
2024-05-07.22:17:54.0153 [DSM:4] Currently Processing record: 679
2024-05-07.22:17:54.0159 [DSM:4] Currently Processing record: 680
2024-05-07.22:17:54.0166 [DSM:4] Currently Processing record: 681
2024-05-07.22:17:54.0171 [DSM:4] Currently Processing record: 682
2024-05-07.22:17:54.0174 [DSM:4] Currently Processing record: 683
2024-05-07.22:17:54.0179 [DSM:4] Currently Processing record: 684
2024-05-07.22:17:54.0183 [DSM:4] Currently Processing record: 685
2024-05-07.22:17:54.0188 [DSM:4] Dog already entered in this class.
2024-05-07.22:17:54.0189 [DSM:4] Unable to add Arkens Cosmos (K0266526) to class 20 : Special Class
2024-05-07.22:17:54.0189 [DSM:4] Currently Processing record: 686
2024-05-07.22:17:54.0194 [DSM:4] Currently Processing record: 687
2024-05-07.22:17:54.0199 [DSM:4] Currently Processing record: 688
2024-05-07.22:17:54.0204 [DSM:4] Currently Processing record: 689
2024-05-07.22:17:54.0204 [DSM:4] Currently Processing record: 690
2024-05-07.22:17:54.0204 [DSM:4] Currently Processing record: 691
2024-05-07.22:17:54.0204 [DSM:4] Currently Processing record: 692
2024-05-07.22:17:54.0211 [DSM:4] Currently Processing record: 693
2024-05-07.22:17:54.0217 [DSM:4] Currently Processing record: 694
2024-05-07.22:17:54.0217 [DSM:4] Currently Processing record: 695
2024-05-07.22:17:54.0220 [DSM:4] Currently Processing record: 696
2024-05-07.22:17:54.0224 [DSM:4] Currently Processing record: 697
2024-05-07.22:17:54.0230 [DSM:4] Currently Processing record: 698
2024-05-07.22:17:54.0234 [DSM:4] Currently Processing record: 699
2024-05-07.22:17:54.0239 [DSM:4] Currently Processing record: 700
2024-05-07.22:17:54.0245 [DSM:4] Currently Processing record: 701
2024-05-07.22:17:54.0249 [DSM:4] Currently Processing record: 702
2024-05-07.22:17:54.0252 [DSM:4] Currently Processing record: 703
2024-05-07.22:17:54.0257 [DSM:4] Currently Processing record: 704
2024-05-07.22:17:54.0258 [DSM:4] Currently Processing record: 705
2024-05-07.22:17:54.0262 [DSM:4] Currently Processing record: 706
2024-05-07.22:17:54.0266 [DSM:4] Currently Processing record: 707
2024-05-07.22:17:54.0270 [DSM:4] Currently Processing record: 708
2024-05-07.22:17:54.0274 [DSM:4] Currently Processing record: 709
2024-05-07.22:17:54.0276 [DSM:4] Currently Processing record: 710
2024-05-07.22:17:54.0279 [DSM:4] Currently Processing record: 711
2024-05-07.22:17:54.0283 [DSM:4] Currently Processing record: 712
2024-05-07.22:17:54.0286 [DSM:4] Currently Processing record: 713
2024-05-07.22:17:54.0286 [DSM:4] Currently Processing record: 714
2024-05-07.22:17:54.0286 [DSM:4] Currently Processing record: 715
2024-05-07.22:17:54.0286 [DSM:4] Currently Processing record: 716
2024-05-07.22:17:54.0286 [DSM:4] Currently Processing record: 717
2024-05-07.22:17:54.0292 [DSM:4] Currently Processing record: 718
2024-05-07.22:17:54.0296 [DSM:4] Currently Processing record: 719
2024-05-07.22:17:54.0300 [DSM:4] Currently Processing record: 720
2024-05-07.22:17:54.0303 [DSM:4] Currently Processing record: 721
2024-05-07.22:17:54.0306 [DSM:4] Currently Processing record: 722
2024-05-07.22:17:54.0309 [DSM:4] Currently Processing record: 723
2024-05-07.22:17:54.0313 [DSM:4] Currently Processing record: 724
2024-05-07.22:17:54.0316 [DSM:4] Currently Processing record: 725
2024-05-07.22:17:54.0320 [DSM:4] Currently Processing record: 726
2024-05-07.22:17:54.0323 [DSM:4] Currently Processing record: 727
2024-05-07.22:17:54.0326 [DSM:4] Currently Processing record: 728
2024-05-07.22:17:54.0329 [DSM:4] Currently Processing record: 729
2024-05-07.22:17:54.0333 [DSM:4] Currently Processing record: 730
2024-05-07.22:17:54.0336 [DSM:4] Currently Processing record: 731
2024-05-07.22:17:54.0339 [DSM:4] Currently Processing record: 732
2024-05-07.22:17:54.0343 [DSM:4] Currently Processing record: 733
2024-05-07.22:17:54.0345 [DSM:4] Currently Processing record: 734
2024-05-07.22:17:54.0345 [DSM:4] Currently Processing record: 735
2024-05-07.22:17:54.0346 [DSM:4] Currently Processing record: 736
2024-05-07.22:17:54.0346 [DSM:4] Currently Processing record: 737
2024-05-07.22:17:54.0346 [DSM:4] Currently Processing record: 738
2024-05-07.22:17:54.0349 [DSM:4] Currently Processing record: 739
2024-05-07.22:17:54.0353 [DSM:4] Currently Processing record: 740
2024-05-07.22:17:54.0356 [DSM:4] Currently Processing record: 741
2024-05-07.22:17:54.0358 [DSM:4] Currently Processing record: 742
2024-05-07.22:17:54.0363 [DSM:4] Currently Processing record: 743
2024-05-07.22:17:54.0367 [DSM:4] Currently Processing record: 744
2024-05-07.22:17:54.0372 [DSM:4] Currently Processing record: 745
2024-05-07.22:17:54.0375 [DSM:4] Currently Processing record: 746
2024-05-07.22:17:54.0379 [DSM:4] Currently Processing record: 747
2024-05-07.22:17:54.0384 [DSM:4] Currently Processing record: 748
2024-05-07.22:17:54.0388 [DSM:4] Currently Processing record: 749
2024-05-07.22:17:54.0393 [DSM:4] Currently Processing record: 750
2024-05-07.22:17:54.0395 [DSM:4] Currently Processing record: 751
2024-05-07.22:17:54.0400 [DSM:4] Currently Processing record: 752
2024-05-07.22:17:54.0404 [DSM:4] Currently Processing record: 753
2024-05-07.22:17:54.0409 [DSM:4] Currently Processing record: 754
2024-05-07.22:17:54.0413 [DSM:4] Currently Processing record: 755
2024-05-07.22:17:54.0416 [DSM:4] Currently Processing record: 756
2024-05-07.22:17:54.0421 [DSM:4] Currently Processing record: 757
2024-05-07.22:17:54.0424 [DSM:4] Currently Processing record: 758
2024-05-07.22:17:54.0429 [DSM:4] Currently Processing record: 759
2024-05-07.22:17:54.0434 [DSM:4] Currently Processing record: 760
2024-05-07.22:17:54.0435 [DSM:4] Date of Birth Changed from 01/01/2000 00:00:00 to 01/01/0001 00:00:00 for Reg No.: K0265570
2024-05-07.22:17:54.0435 [DSM:4] Date of Birth Changed from 01/01/2000 00:00:00 to NULL for Reg No.: K0265570
2024-05-07.22:17:54.0438 [DSM:4] Currently Processing record: 761
2024-05-07.22:17:54.0439 [DSM:4] Date of Birth Changed from 01/01/2000 00:00:00 to 01/01/0001 00:00:00 for Reg No.: K0265570
2024-05-07.22:17:54.0440 [DSM:4] Date of Birth Changed from 01/01/2000 00:00:00 to NULL for Reg No.: K0265570
2024-05-07.22:17:54.0443 [DSM:4] Currently Processing record: 762
2024-05-07.22:17:54.0448 [DSM:4] Currently Processing record: 763
2024-05-07.22:17:54.0451 [DSM:4] Currently Processing record: 764
2024-05-07.22:17:54.0455 [DSM:4] Currently Processing record: 765
2024-05-07.22:17:54.0460 [DSM:4] Currently Processing record: 766
2024-05-07.22:17:54.0464 [DSM:4] Currently Processing record: 767
2024-05-07.22:17:54.0468 [DSM:4] Currently Processing record: 768
2024-05-07.22:17:54.0473 [DSM:4] Currently Processing record: 769
2024-05-07.22:17:54.0478 [DSM:4] Currently Processing record: 770
2024-05-07.22:17:54.0482 [DSM:4] Currently Processing record: 771
2024-05-07.22:17:54.0482 [DSM:4] Currently Processing record: 772
2024-05-07.22:17:54.0482 [DSM:4] Currently Processing record: 773
2024-05-07.22:17:54.0486 [DSM:4] Currently Processing record: 774
2024-05-07.22:17:54.0490 [DSM:4] Currently Processing record: 775
2024-05-07.22:17:54.0495 [DSM:4] Currently Processing record: 776
2024-05-07.22:17:54.0499 [DSM:4] Currently Processing record: 777
2024-05-07.22:17:54.0502 [DSM:4] Currently Processing record: 778
2024-05-07.22:17:54.0505 [DSM:4] Currently Processing record: 779
2024-05-07.22:17:54.0510 [DSM:4] Currently Processing record: 780
2024-05-07.22:17:54.0513 [DSM:4] Currently Processing record: 781
2024-05-07.22:17:54.0517 [DSM:4] Currently Processing record: 782
2024-05-07.22:17:54.0520 [DSM:4] Currently Processing record: 783
2024-05-07.22:17:54.0524 [DSM:4] Currently Processing record: 784
2024-05-07.22:17:54.0528 [DSM:4] Currently Processing record: 785
2024-05-07.22:17:54.0530 [DSM:4] Currently Processing record: 786
2024-05-07.22:17:54.0535 [DSM:4] Currently Processing record: 787
2024-05-07.22:17:54.0538 [DSM:4] Currently Processing record: 788
2024-05-07.22:17:54.0543 [DSM:4] Currently Processing record: 789
2024-05-07.22:17:54.0543 [DSM:4] Currently Processing record: 790
2024-05-07.22:17:54.0543 [DSM:4] Currently Processing record: 791
2024-05-07.22:17:54.0543 [DSM:4] Currently Processing record: 792
2024-05-07.22:17:54.0551 [DSM:4] Currently Processing record: 793
2024-05-07.22:17:54.0551 [DSM:4] Currently Processing record: 794
2024-05-07.22:17:54.0551 [DSM:4] Currently Processing record: 795
2024-05-07.22:17:54.0559 [DSM:4] Currently Processing record: 796
2024-05-07.22:17:54.0567 [DSM:4] Currently Processing record: 797
2024-05-07.22:17:54.0567 [DSM:4] Currently Processing record: 798
2024-05-07.22:17:54.0568 [DSM:4] Currently Processing record: 799
2024-05-07.22:17:54.0568 [DSM:4] Currently Processing record: 800
2024-05-07.22:17:54.0568 [DSM:4] Currently Processing record: 801
2024-05-07.22:17:54.0572 [DSM:4] Currently Processing record: 802
2024-05-07.22:17:54.0577 [DSM:4] Currently Processing record: 803
2024-05-07.22:17:54.0580 [DSM:4] Currently Processing record: 804
2024-05-07.22:17:54.0586 [DSM:4] Currently Processing record: 805
2024-05-07.22:17:54.0590 [DSM:4] Currently Processing record: 806
2024-05-07.22:17:54.0594 [DSM:4] Currently Processing record: 807
2024-05-07.22:17:54.0597 [DSM:4] Currently Processing record: 808
2024-05-07.22:17:54.0602 [DSM:4] Currently Processing record: 809
2024-05-07.22:17:54.0606 [DSM:4] Currently Processing record: 810
2024-05-07.22:17:54.0610 [DSM:4] Currently Processing record: 811
2024-05-07.22:17:54.0615 [DSM:4] Currently Processing record: 812
2024-05-07.22:17:54.0619 [DSM:4] Currently Processing record: 813
2024-05-07.22:17:54.0624 [DSM:4] Currently Processing record: 814
2024-05-07.22:17:54.0627 [DSM:4] Currently Processing record: 815
2024-05-07.22:17:54.0632 [DSM:4] Currently Processing record: 816
2024-05-07.22:17:54.0637 [DSM:4] Currently Processing record: 817
2024-05-07.22:17:54.0641 [DSM:4] Currently Processing record: 818
2024-05-07.22:17:54.0645 [DSM:4] Currently Processing record: 819
2024-05-07.22:17:54.0651 [DSM:4] Currently Processing record: 820
2024-05-07.22:17:54.0651 [DSM:4] Currently Processing record: 821
2024-05-07.22:17:54.0651 [DSM:4] Currently Processing record: 822
2024-05-07.22:17:54.0655 [DSM:4] Currently Processing record: 823
2024-05-07.22:17:54.0659 [DSM:4] Currently Processing record: 824
2024-05-07.22:17:54.0664 [DSM:4] Currently Processing record: 825
2024-05-07.22:17:54.0668 [DSM:4] Currently Processing record: 826
2024-05-07.22:17:54.0673 [DSM:4] Currently Processing record: 827
2024-05-07.22:17:54.0677 [DSM:4] Currently Processing record: 828
2024-05-07.22:17:54.0680 [DSM:4] Currently Processing record: 829
2024-05-07.22:17:54.0684 [DSM:4] Currently Processing record: 830
2024-05-07.22:17:54.0688 [DSM:4] Currently Processing record: 831
2024-05-07.22:17:54.0692 [DSM:4] Currently Processing record: 832
2024-05-07.22:17:54.0697 [DSM:4] Currently Processing record: 833
2024-05-07.22:17:54.0702 [DSM:4] Currently Processing record: 834
2024-05-07.22:17:54.0707 [DSM:4] Currently Processing record: 835
2024-05-07.22:17:54.0711 [DSM:4] Currently Processing record: 836
2024-05-07.22:17:54.0715 [DSM:4] Currently Processing record: 837
2024-05-07.22:17:54.0720 [DSM:4] Currently Processing record: 838
2024-05-07.22:17:54.0723 [DSM:4] Currently Processing record: 839
2024-05-07.22:17:54.0727 [DSM:4] Currently Processing record: 840
2024-05-07.22:17:54.0731 [DSM:4] Currently Processing record: 841
2024-05-07.22:17:54.0735 [DSM:4] Currently Processing record: 842
2024-05-07.22:17:54.0735 [DSM:4] Currently Processing record: 843
2024-05-07.22:17:54.0735 [DSM:4] Currently Processing record: 844
2024-05-07.22:17:54.0735 [DSM:4] Currently Processing record: 845
2024-05-07.22:17:54.0739 [DSM:4] Currently Processing record: 846
2024-05-07.22:17:54.0743 [DSM:4] Currently Processing record: 847
2024-05-07.22:17:54.0743 [DSM:4] Currently Processing record: 848
2024-05-07.22:17:54.0743 [DSM:4] Currently Processing record: 849
2024-05-07.22:17:54.0743 [DSM:4] Currently Processing record: 850
2024-05-07.22:17:54.0743 [DSM:4] Currently Processing record: 851
2024-05-07.22:17:54.0743 [DSM:4] Currently Processing record: 852
2024-05-07.22:17:54.0743 [DSM:4] Currently Processing record: 853
2024-05-07.22:17:54.0747 [DSM:4] Currently Processing record: 854
2024-05-07.22:17:54.0751 [DSM:4] Currently Processing record: 855
2024-05-07.22:17:54.0755 [DSM:4] Currently Processing record: 856
2024-05-07.22:17:54.0760 [DSM:4] Currently Processing record: 857
2024-05-07.22:17:54.0763 [DSM:4] Currently Processing record: 858
2024-05-07.22:17:54.0768 [DSM:4] Currently Processing record: 859
2024-05-07.22:17:54.0772 [DSM:4] Currently Processing record: 860
2024-05-07.22:17:54.0775 [DSM:4] Currently Processing record: 861
2024-05-07.22:17:54.0779 [DSM:4] Currently Processing record: 862
2024-05-07.22:17:54.0783 [DSM:4] Currently Processing record: 863
2024-05-07.22:17:54.0786 [DSM:4] Currently Processing record: 864
2024-05-07.22:17:54.0791 [DSM:4] Currently Processing record: 865
2024-05-07.22:17:54.0795 [DSM:4] Currently Processing record: 866
2024-05-07.22:17:54.0799 [DSM:4] Currently Processing record: 867
2024-05-07.22:17:54.0802 [DSM:4] Currently Processing record: 868
2024-05-07.22:17:54.0807 [DSM:4] Currently Processing record: 869
2024-05-07.22:17:54.0811 [DSM:4] Currently Processing record: 870
2024-05-07.22:17:54.0814 [DSM:4] Currently Processing record: 871
2024-05-07.22:17:54.0818 [DSM:4] Currently Processing record: 872
2024-05-07.22:17:54.0818 [DSM:4] Currently Processing record: 873
2024-05-07.22:17:54.0818 [DSM:4] Currently Processing record: 874
2024-05-07.22:17:54.0822 [DSM:4] Currently Processing record: 875
2024-05-07.22:17:54.0827 [DSM:4] Currently Processing record: 876
2024-05-07.22:17:54.0831 [DSM:4] Currently Processing record: 877
2024-05-07.22:17:54.0834 [DSM:4] Currently Processing record: 878
2024-05-07.22:17:54.0839 [DSM:4] Currently Processing record: 879
2024-05-07.22:17:54.0842 [DSM:4] Currently Processing record: 880
2024-05-07.22:17:54.0842 [DSM:4] Currently Processing record: 881
2024-05-07.22:17:54.0842 [DSM:4] Currently Processing record: 882
2024-05-07.22:17:54.0842 [DSM:4] Currently Processing record: 883
2024-05-07.22:17:54.0847 [DSM:4] Currently Processing record: 884
2024-05-07.22:17:54.0851 [DSM:4] Currently Processing record: 885
2024-05-07.22:17:54.0856 [DSM:4] Currently Processing record: 886
2024-05-07.22:17:54.0856 [DSM:4] Currently Processing record: 887
2024-05-07.22:17:54.0856 [DSM:4] Currently Processing record: 888
2024-05-07.22:17:54.0856 [DSM:4] Currently Processing record: 889
2024-05-07.22:17:54.0860 [DSM:4] Currently Processing record: 890
2024-05-07.22:17:54.0864 [DSM:4] Currently Processing record: 891
2024-05-07.22:17:54.0869 [DSM:4] Currently Processing record: 892
2024-05-07.22:17:54.0873 [DSM:4] Currently Processing record: 893
2024-05-07.22:17:54.0877 [DSM:4] Currently Processing record: 894
2024-05-07.22:17:54.0881 [DSM:4] Currently Processing record: 895
2024-05-07.22:17:54.0885 [DSM:4] Currently Processing record: 896
2024-05-07.22:17:54.0889 [DSM:4] Currently Processing record: 897
2024-05-07.22:17:54.0894 [DSM:4] Currently Processing record: 898
2024-05-07.22:17:54.0899 [DSM:4] Currently Processing record: 899
2024-05-07.22:17:54.0904 [DSM:4] Currently Processing record: 900
2024-05-07.22:17:54.0908 [DSM:4] Currently Processing record: 901
2024-05-07.22:17:54.0912 [DSM:4] Currently Processing record: 902
2024-05-07.22:17:54.0917 [DSM:4] Currently Processing record: 903
2024-05-07.22:17:54.0920 [DSM:4] Currently Processing record: 904
2024-05-07.22:17:54.0925 [DSM:4] Currently Processing record: 905
2024-05-07.22:17:54.0928 [DSM:4] Currently Processing record: 906
2024-05-07.22:17:54.0933 [DSM:4] Currently Processing record: 907
2024-05-07.22:17:54.0936 [DSM:4] Currently Processing record: 908
2024-05-07.22:17:54.0940 [DSM:4] Currently Processing record: 909
2024-05-07.22:17:54.0943 [DSM:4] Currently Processing record: 910
2024-05-07.22:17:54.0947 [DSM:4] Currently Processing record: 911
2024-05-07.22:17:54.0951 [DSM:4] Currently Processing record: 912
2024-05-07.22:17:54.0956 [DSM:4] Currently Processing record: 913
2024-05-07.22:17:54.0959 [DSM:4] Currently Processing record: 914
2024-05-07.22:17:54.0963 [DSM:4] Currently Processing record: 915
2024-05-07.22:17:54.0968 [DSM:4] Currently Processing record: 916
2024-05-07.22:17:54.0971 [DSM:4] Currently Processing record: 917
2024-05-07.22:17:54.0975 [DSM:4] Currently Processing record: 918
2024-05-07.22:17:54.0978 [DSM:4] Currently Processing record: 919
2024-05-07.22:17:54.0982 [DSM:4] Currently Processing record: 920
2024-05-07.22:17:54.0986 [DSM:4] Currently Processing record: 921
2024-05-07.22:17:54.0989 [DSM:4] Currently Processing record: 922
2024-05-07.22:17:54.0993 [DSM:4] Currently Processing record: 923
2024-05-07.22:17:54.0997 [DSM:4] Currently Processing record: 924
2024-05-07.22:17:55.0001 [DSM:4] Currently Processing record: 925
2024-05-07.22:17:55.0005 [DSM:4] Currently Processing record: 926
2024-05-07.22:17:55.0008 [DSM:4] Currently Processing record: 927
2024-05-07.22:17:55.0020 [DSM:4] Currently Processing record: 928
2024-05-07.22:17:55.0024 [DSM:4] Currently Processing record: 929
2024-05-07.22:17:55.0028 [DSM:4] Currently Processing record: 930
2024-05-07.22:17:55.0033 [DSM:4] Currently Processing record: 931
2024-05-07.22:17:55.0037 [DSM:4] Currently Processing record: 932
2024-05-07.22:17:55.0042 [DSM:4] Currently Processing record: 933
2024-05-07.22:17:55.0046 [DSM:4] Currently Processing record: 934
2024-05-07.22:17:55.0051 [DSM:4] Currently Processing record: 935
2024-05-07.22:17:55.0055 [DSM:4] Currently Processing record: 936
2024-05-07.22:17:55.0060 [DSM:4] Currently Processing record: 937
2024-05-07.22:17:55.0065 [DSM:4] Currently Processing record: 938
2024-05-07.22:17:55.0070 [DSM:4] Currently Processing record: 939
2024-05-07.22:17:55.0074 [DSM:4] Currently Processing record: 940
2024-05-07.22:17:55.0078 [DSM:4] Currently Processing record: 941
2024-05-07.22:17:55.0082 [DSM:4] Currently Processing record: 942
2024-05-07.22:17:55.0086 [DSM:4] Currently Processing record: 943
2024-05-07.22:17:55.0091 [DSM:4] Currently Processing record: 944
2024-05-07.22:17:55.0095 [DSM:4] Currently Processing record: 945
2024-05-07.22:17:55.0100 [DSM:4] Currently Processing record: 946
2024-05-07.22:17:55.0104 [DSM:4] Currently Processing record: 947
2024-05-07.22:17:55.0109 [DSM:4] Currently Processing record: 948
2024-05-07.22:17:55.0114 [DSM:4] Currently Processing record: 949
2024-05-07.22:17:55.0118 [DSM:4] Currently Processing record: 950
2024-05-07.22:17:55.0122 [DSM:4] Currently Processing record: 951
2024-05-07.22:17:55.0125 [DSM:4] Currently Processing record: 952
2024-05-07.22:17:55.0129 [DSM:4] Currently Processing record: 953
2024-05-07.22:17:55.0135 [DSM:1] *****************************
2024-05-07.22:17:55.0135 [DSM:1] 745 class entries added
2024-05-07.22:17:55.0135 [DSM:1] 207 NFC entries ignored
2024-05-07.22:17:55.0135 [DSM:1] 0 entries marked as not for Import
2024-05-07.22:17:55.0135 [DSM:1] *****************************
