2019-05-03.20:24:30.0528 [DSM:4] Dog Breed not specified for record number 57
2019-05-03.20:24:30.0533 [DSM:4] Dog Breed not specified for record number 58
2019-05-03.20:24:30.0653 [DSM:4] Dog Breed not specified for record number 288
2019-05-03.20:24:30.0656 [DSM:4] Dog Breed not specified for record number 289
2019-05-03.20:24:30.0660 [DSM:4] Dog Breed not specified for record number 290
2019-05-03.20:24:30.0663 [DSM:4] Dog Breed not specified for record number 291
2019-05-03.20:24:30.0703 [DSM:4] Dog Breed not specified for record number 365
2019-05-03.20:24:30.0831 [DSM:4] Invalid date of entry for record number 660
2019-05-03.20:24:30.0835 [DSM:4] 658 records retrieved from the spreadsheet
2019-05-03.20:24:30.0841 [DSM:4] Currently Processing record: 1
2019-05-03.20:24:30.0937 [DSM:4] Currently Processing record: 2
2019-05-03.20:24:30.0971 [DSM:4] Currently Processing record: 3
2019-05-03.20:24:30.0987 [DSM:4] Currently Processing record: 4
2019-05-03.20:24:30.0998 [DSM:4] Currently Processing record: 5
2019-05-03.20:24:31.0010 [DSM:4] Currently Processing record: 6
2019-05-03.20:24:31.0022 [DSM:4] Currently Processing record: 7
2019-05-03.20:24:31.0033 [DSM:4] Currently Processing record: 8
2019-05-03.20:24:31.0074 [DSM:4] Currently Processing record: 9
2019-05-03.20:24:31.0085 [DSM:4] Currently Processing record: 10
2019-05-03.20:24:31.0095 [DSM:4] Currently Processing record: 11
2019-05-03.20:24:31.0106 [DSM:4] Currently Processing record: 12
2019-05-03.20:24:31.0117 [DSM:4] Currently Processing record: 13
2019-05-03.20:24:31.0127 [DSM:4] Currently Processing record: 14
2019-05-03.20:24:31.0138 [DSM:4] Currently Processing record: 15
2019-05-03.20:24:31.0150 [DSM:4] Currently Processing record: 16
2019-05-03.20:24:31.0163 [DSM:4] Currently Processing record: 17
2019-05-03.20:24:31.0175 [DSM:4] Currently Processing record: 18
2019-05-03.20:24:31.0189 [DSM:4] Currently Processing record: 19
2019-05-03.20:24:31.0201 [DSM:4] Currently Processing record: 20
2019-05-03.20:24:31.0215 [DSM:4] Currently Processing record: 21
2019-05-03.20:24:31.0229 [DSM:4] Currently Processing record: 22
2019-05-03.20:24:31.0242 [DSM:4] Currently Processing record: 23
2019-05-03.20:24:31.0256 [DSM:4] Currently Processing record: 24
2019-05-03.20:24:31.0270 [DSM:4] Currently Processing record: 25
2019-05-03.20:24:31.0283 [DSM:4] Currently Processing record: 26
2019-05-03.20:24:31.0296 [DSM:4] Currently Processing record: 27
2019-05-03.20:24:31.0308 [DSM:4] Currently Processing record: 28
2019-05-03.20:24:31.0320 [DSM:4] Currently Processing record: 29
2019-05-03.20:24:31.0333 [DSM:4] Currently Processing record: 30
2019-05-03.20:24:31.0345 [DSM:4] Currently Processing record: 31
2019-05-03.20:24:31.0359 [DSM:4] Currently Processing record: 32
2019-05-03.20:24:31.0371 [DSM:4] Currently Processing record: 33
2019-05-03.20:24:31.0386 [DSM:4] Currently Processing record: 34
2019-05-03.20:24:31.0400 [DSM:4] Currently Processing record: 35
2019-05-03.20:24:31.0414 [DSM:4] Currently Processing record: 36
2019-05-03.20:24:31.0428 [DSM:4] Currently Processing record: 37
2019-05-03.20:24:31.0444 [DSM:4] Currently Processing record: 38
2019-05-03.20:24:31.0451 [DSM:4] Registered Name Changed from Ob Ch Itsjaros D,Ream to Ob Ch Itsjaros D'ream for Reg No.: K133776
2019-05-03.20:24:31.0467 [DSM:4] Currently Processing record: 39
2019-05-03.20:24:31.0480 [DSM:4] Currently Processing record: 40
2019-05-03.20:24:31.0491 [DSM:4] Currently Processing record: 41
2019-05-03.20:24:31.0505 [DSM:4] Currently Processing record: 42
2019-05-03.20:24:31.0519 [DSM:4] Currently Processing record: 43
2019-05-03.20:24:31.0530 [DSM:4] Currently Processing record: 44
2019-05-03.20:24:31.0544 [DSM:4] Currently Processing record: 45
2019-05-03.20:24:31.0556 [DSM:4] Currently Processing record: 46
2019-05-03.20:24:31.0569 [DSM:4] Currently Processing record: 47
2019-05-03.20:24:31.0581 [DSM:4] Currently Processing record: 48
2019-05-03.20:24:31.0595 [DSM:4] Currently Processing record: 49
2019-05-03.20:24:31.0608 [DSM:4] Currently Processing record: 50
2019-05-03.20:24:31.0622 [DSM:4] Currently Processing record: 51
2019-05-03.20:24:31.0635 [DSM:4] Currently Processing record: 52
2019-05-03.20:24:31.0647 [DSM:4] Currently Processing record: 53
2019-05-03.20:24:31.0659 [DSM:4] Currently Processing record: 54
2019-05-03.20:24:31.0672 [DSM:4] Currently Processing record: 55
2019-05-03.20:24:31.0685 [DSM:4] Currently Processing record: 56
2019-05-03.20:24:31.0708 [DSM:4] Currently Processing record: 57
2019-05-03.20:24:31.0726 [DSM:4] Currently Processing record: 58
2019-05-03.20:24:31.0739 [DSM:4] Currently Processing record: 59
2019-05-03.20:24:31.0751 [DSM:4] Currently Processing record: 60
2019-05-03.20:24:31.0763 [DSM:4] Currently Processing record: 61
2019-05-03.20:24:31.0776 [DSM:4] Currently Processing record: 62
2019-05-03.20:24:31.0791 [DSM:4] Currently Processing record: 63
2019-05-03.20:24:31.0802 [DSM:4] Currently Processing record: 64
2019-05-03.20:24:31.0818 [DSM:4] Currently Processing record: 65
2019-05-03.20:24:31.0830 [DSM:4] Currently Processing record: 66
2019-05-03.20:24:31.0842 [DSM:4] Currently Processing record: 67
2019-05-03.20:24:31.0853 [DSM:4] Currently Processing record: 68
2019-05-03.20:24:31.0864 [DSM:4] Currently Processing record: 69
2019-05-03.20:24:31.0874 [DSM:4] Currently Processing record: 70
2019-05-03.20:24:31.0885 [DSM:4] Currently Processing record: 71
2019-05-03.20:24:31.0898 [DSM:4] Currently Processing record: 72
2019-05-03.20:24:31.0912 [DSM:4] Currently Processing record: 73
2019-05-03.20:24:31.0924 [DSM:4] Currently Processing record: 74
2019-05-03.20:24:31.0936 [DSM:4] Currently Processing record: 75
2019-05-03.20:24:31.0948 [DSM:4] Currently Processing record: 76
2019-05-03.20:24:31.0960 [DSM:4] Currently Processing record: 77
2019-05-03.20:24:31.0972 [DSM:4] Currently Processing record: 78
2019-05-03.20:24:31.0984 [DSM:4] Currently Processing record: 79
2019-05-03.20:24:31.0996 [DSM:4] Currently Processing record: 80
2019-05-03.20:24:32.0010 [DSM:4] Currently Processing record: 81
2019-05-03.20:24:32.0021 [DSM:4] Currently Processing record: 82
2019-05-03.20:24:32.0033 [DSM:4] Currently Processing record: 83
2019-05-03.20:24:32.0044 [DSM:4] Currently Processing record: 84
2019-05-03.20:24:32.0058 [DSM:4] Currently Processing record: 85
2019-05-03.20:24:32.0071 [DSM:4] Currently Processing record: 86
2019-05-03.20:24:32.0084 [DSM:4] Currently Processing record: 87
2019-05-03.20:24:32.0098 [DSM:4] Currently Processing record: 88
2019-05-03.20:24:32.0113 [DSM:4] Currently Processing record: 89
2019-05-03.20:24:32.0128 [DSM:4] Currently Processing record: 90
2019-05-03.20:24:32.0142 [DSM:4] Currently Processing record: 91
2019-05-03.20:24:32.0154 [DSM:4] Currently Processing record: 92
2019-05-03.20:24:32.0167 [DSM:4] Currently Processing record: 93
2019-05-03.20:24:32.0191 [DSM:4] Currently Processing record: 94
2019-05-03.20:24:32.0216 [DSM:4] Currently Processing record: 95
2019-05-03.20:24:32.0239 [DSM:4] Currently Processing record: 96
2019-05-03.20:24:32.0253 [DSM:4] Currently Processing record: 97
2019-05-03.20:24:32.0267 [DSM:4] Currently Processing record: 98
2019-05-03.20:24:32.0280 [DSM:4] Currently Processing record: 99
2019-05-03.20:24:32.0293 [DSM:4] Currently Processing record: 100
2019-05-03.20:24:32.0308 [DSM:4] Currently Processing record: 101
2019-05-03.20:24:32.0321 [DSM:4] Currently Processing record: 102
2019-05-03.20:24:32.0335 [DSM:4] Currently Processing record: 103
2019-05-03.20:24:32.0350 [DSM:4] Currently Processing record: 104
2019-05-03.20:24:32.0366 [DSM:4] Currently Processing record: 105
2019-05-03.20:24:32.0378 [DSM:4] Currently Processing record: 106
2019-05-03.20:24:32.0391 [DSM:4] Currently Processing record: 107
2019-05-03.20:24:32.0404 [DSM:4] Currently Processing record: 108
2019-05-03.20:24:32.0420 [DSM:4] Currently Processing record: 109
2019-05-03.20:24:32.0434 [DSM:4] Currently Processing record: 110
2019-05-03.20:24:32.0448 [DSM:4] Currently Processing record: 111
2019-05-03.20:24:32.0460 [DSM:4] Currently Processing record: 112
2019-05-03.20:24:32.0474 [DSM:4] Currently Processing record: 113
2019-05-03.20:24:32.0486 [DSM:4] Currently Processing record: 114
2019-05-03.20:24:32.0499 [DSM:4] Currently Processing record: 115
2019-05-03.20:24:32.0513 [DSM:4] Currently Processing record: 116
2019-05-03.20:24:32.0527 [DSM:4] Currently Processing record: 117
2019-05-03.20:24:32.0538 [DSM:4] Currently Processing record: 118
2019-05-03.20:24:32.0552 [DSM:4] Currently Processing record: 119
2019-05-03.20:24:32.0564 [DSM:4] Currently Processing record: 120
2019-05-03.20:24:32.0579 [DSM:4] Currently Processing record: 121
2019-05-03.20:24:32.0595 [DSM:4] Currently Processing record: 122
2019-05-03.20:24:32.0608 [DSM:4] Currently Processing record: 123
2019-05-03.20:24:32.0624 [DSM:4] Currently Processing record: 124
2019-05-03.20:24:32.0637 [DSM:4] Currently Processing record: 125
2019-05-03.20:24:32.0650 [DSM:4] Currently Processing record: 126
2019-05-03.20:24:32.0664 [DSM:4] Currently Processing record: 127
2019-05-03.20:24:32.0678 [DSM:4] Currently Processing record: 128
2019-05-03.20:24:32.0693 [DSM:4] Currently Processing record: 129
2019-05-03.20:24:32.0707 [DSM:4] Currently Processing record: 130
2019-05-03.20:24:32.0721 [DSM:4] Currently Processing record: 131
2019-05-03.20:24:32.0737 [DSM:4] Currently Processing record: 132
2019-05-03.20:24:32.0749 [DSM:4] Currently Processing record: 133
2019-05-03.20:24:32.0763 [DSM:4] Currently Processing record: 134
2019-05-03.20:24:32.0776 [DSM:4] Currently Processing record: 135
2019-05-03.20:24:32.0790 [DSM:4] Currently Processing record: 136
2019-05-03.20:24:32.0804 [DSM:4] Currently Processing record: 137
2019-05-03.20:24:32.0819 [DSM:4] Currently Processing record: 138
2019-05-03.20:24:32.0841 [DSM:4] Currently Processing record: 139
2019-05-03.20:24:32.0862 [DSM:4] Currently Processing record: 140
2019-05-03.20:24:32.0878 [DSM:4] Currently Processing record: 141
2019-05-03.20:24:32.0889 [DSM:4] Currently Processing record: 142
2019-05-03.20:24:32.0902 [DSM:4] Currently Processing record: 143
2019-05-03.20:24:32.0913 [DSM:4] Currently Processing record: 144
2019-05-03.20:24:32.0927 [DSM:4] Currently Processing record: 145
2019-05-03.20:24:32.0939 [DSM:4] Currently Processing record: 146
2019-05-03.20:24:32.0954 [DSM:4] Currently Processing record: 147
2019-05-03.20:24:32.0967 [DSM:4] Currently Processing record: 148
2019-05-03.20:24:32.0979 [DSM:4] Currently Processing record: 149
2019-05-03.20:24:32.0990 [DSM:4] Currently Processing record: 150
2019-05-03.20:24:33.0002 [DSM:4] Currently Processing record: 151
2019-05-03.20:24:33.0015 [DSM:4] Currently Processing record: 152
2019-05-03.20:24:33.0031 [DSM:4] Currently Processing record: 153
2019-05-03.20:24:33.0045 [DSM:4] Currently Processing record: 154
2019-05-03.20:24:33.0059 [DSM:4] Currently Processing record: 155
2019-05-03.20:24:33.0072 [DSM:4] Currently Processing record: 156
2019-05-03.20:24:33.0085 [DSM:4] Currently Processing record: 157
2019-05-03.20:24:33.0098 [DSM:4] Currently Processing record: 158
2019-05-03.20:24:33.0113 [DSM:4] Currently Processing record: 159
2019-05-03.20:24:33.0128 [DSM:4] Currently Processing record: 160
2019-05-03.20:24:33.0141 [DSM:4] Currently Processing record: 161
2019-05-03.20:24:33.0155 [DSM:4] Currently Processing record: 162
2019-05-03.20:24:33.0170 [DSM:4] Currently Processing record: 163
2019-05-03.20:24:33.0183 [DSM:4] Currently Processing record: 164
2019-05-03.20:24:33.0197 [DSM:4] Currently Processing record: 165
2019-05-03.20:24:33.0213 [DSM:4] Currently Processing record: 166
2019-05-03.20:24:33.0228 [DSM:4] Currently Processing record: 167
2019-05-03.20:24:33.0243 [DSM:4] Currently Processing record: 168
2019-05-03.20:24:33.0256 [DSM:4] Currently Processing record: 169
2019-05-03.20:24:33.0272 [DSM:4] Currently Processing record: 170
2019-05-03.20:24:33.0286 [DSM:4] Currently Processing record: 171
2019-05-03.20:24:33.0299 [DSM:4] Currently Processing record: 172
2019-05-03.20:24:33.0313 [DSM:4] Currently Processing record: 173
2019-05-03.20:24:33.0328 [DSM:4] Currently Processing record: 174
2019-05-03.20:24:33.0341 [DSM:4] Currently Processing record: 175
2019-05-03.20:24:33.0355 [DSM:4] Currently Processing record: 176
2019-05-03.20:24:33.0367 [DSM:4] Currently Processing record: 177
2019-05-03.20:24:33.0382 [DSM:4] Currently Processing record: 178
2019-05-03.20:24:33.0394 [DSM:4] Currently Processing record: 179
2019-05-03.20:24:33.0408 [DSM:4] Currently Processing record: 180
2019-05-03.20:24:33.0422 [DSM:4] Currently Processing record: 181
2019-05-03.20:24:33.0436 [DSM:4] Currently Processing record: 182
2019-05-03.20:24:33.0449 [DSM:4] Currently Processing record: 183
2019-05-03.20:24:33.0463 [DSM:4] Currently Processing record: 184
2019-05-03.20:24:33.0476 [DSM:4] Currently Processing record: 185
2019-05-03.20:24:33.0499 [DSM:4] Currently Processing record: 186
2019-05-03.20:24:33.0522 [DSM:4] Currently Processing record: 187
2019-05-03.20:24:33.0548 [DSM:4] Currently Processing record: 188
2019-05-03.20:24:33.0563 [DSM:4] Currently Processing record: 189
2019-05-03.20:24:33.0578 [DSM:4] Currently Processing record: 190
2019-05-03.20:24:33.0595 [DSM:4] Currently Processing record: 191
2019-05-03.20:24:33.0610 [DSM:4] Currently Processing record: 192
2019-05-03.20:24:33.0623 [DSM:4] Currently Processing record: 193
2019-05-03.20:24:33.0639 [DSM:4] Currently Processing record: 194
2019-05-03.20:24:33.0655 [DSM:4] Currently Processing record: 195
2019-05-03.20:24:33.0670 [DSM:4] Currently Processing record: 196
2019-05-03.20:24:33.0685 [DSM:4] Currently Processing record: 197
2019-05-03.20:24:33.0699 [DSM:4] Currently Processing record: 198
2019-05-03.20:24:33.0712 [DSM:4] Currently Processing record: 199
2019-05-03.20:24:33.0728 [DSM:4] Currently Processing record: 200
2019-05-03.20:24:33.0743 [DSM:4] Currently Processing record: 201
2019-05-03.20:24:33.0757 [DSM:4] Currently Processing record: 202
2019-05-03.20:24:33.0772 [DSM:4] Currently Processing record: 203
2019-05-03.20:24:33.0780 [DSM:4] Date of Birth Changed from 01/01/2000 00:00:00 to 01/01/0001 00:00:00 for Reg No.: AR03007111
2019-05-03.20:24:33.0784 [DSM:4] Date of Birth Changed from 01/01/2000 00:00:00 to NULL for Reg No.: AR03007111
2019-05-03.20:24:33.0795 [DSM:4] Currently Processing record: 204
2019-05-03.20:24:33.0810 [DSM:4] Currently Processing record: 205
2019-05-03.20:24:33.0825 [DSM:4] Currently Processing record: 206
2019-05-03.20:24:33.0840 [DSM:4] Currently Processing record: 207
2019-05-03.20:24:33.0856 [DSM:4] Currently Processing record: 208
2019-05-03.20:24:33.0870 [DSM:4] Currently Processing record: 209
2019-05-03.20:24:33.0886 [DSM:4] Currently Processing record: 210
2019-05-03.20:24:33.0900 [DSM:4] Currently Processing record: 211
2019-05-03.20:24:33.0914 [DSM:4] Currently Processing record: 212
2019-05-03.20:24:33.0930 [DSM:4] Currently Processing record: 213
2019-05-03.20:24:33.0944 [DSM:4] Currently Processing record: 214
2019-05-03.20:24:33.0960 [DSM:4] Currently Processing record: 215
2019-05-03.20:24:33.0981 [DSM:4] Currently Processing record: 216
2019-05-03.20:24:34.0002 [DSM:4] Currently Processing record: 217
2019-05-03.20:24:34.0016 [DSM:4] Currently Processing record: 218
2019-05-03.20:24:34.0028 [DSM:4] Currently Processing record: 219
2019-05-03.20:24:34.0044 [DSM:4] Currently Processing record: 220
2019-05-03.20:24:34.0057 [DSM:4] Currently Processing record: 221
2019-05-03.20:24:34.0075 [DSM:4] Currently Processing record: 222
2019-05-03.20:24:34.0088 [DSM:4] Currently Processing record: 223
2019-05-03.20:24:34.0103 [DSM:4] Currently Processing record: 224
2019-05-03.20:24:34.0117 [DSM:4] Currently Processing record: 225
2019-05-03.20:24:34.0129 [DSM:4] Currently Processing record: 226
2019-05-03.20:24:34.0141 [DSM:4] Currently Processing record: 227
2019-05-03.20:24:34.0153 [DSM:4] Currently Processing record: 228
2019-05-03.20:24:34.0167 [DSM:4] Currently Processing record: 229
2019-05-03.20:24:34.0178 [DSM:4] Currently Processing record: 230
2019-05-03.20:24:34.0202 [DSM:4] Currently Processing record: 231
2019-05-03.20:24:34.0224 [DSM:4] Currently Processing record: 232
2019-05-03.20:24:34.0247 [DSM:4] Currently Processing record: 233
2019-05-03.20:24:34.0261 [DSM:4] Currently Processing record: 234
2019-05-03.20:24:34.0272 [DSM:4] Currently Processing record: 235
2019-05-03.20:24:34.0286 [DSM:4] Currently Processing record: 236
2019-05-03.20:24:34.0298 [DSM:4] Currently Processing record: 237
2019-05-03.20:24:34.0310 [DSM:4] Currently Processing record: 238
2019-05-03.20:24:34.0323 [DSM:4] Currently Processing record: 239
2019-05-03.20:24:34.0337 [DSM:4] Currently Processing record: 240
2019-05-03.20:24:34.0348 [DSM:4] Currently Processing record: 241
2019-05-03.20:24:34.0362 [DSM:4] Currently Processing record: 242
2019-05-03.20:24:34.0374 [DSM:4] Currently Processing record: 243
2019-05-03.20:24:34.0388 [DSM:4] Currently Processing record: 244
2019-05-03.20:24:34.0402 [DSM:4] Currently Processing record: 245
2019-05-03.20:24:34.0416 [DSM:4] Currently Processing record: 246
2019-05-03.20:24:34.0429 [DSM:4] Currently Processing record: 247
2019-05-03.20:24:34.0442 [DSM:4] Currently Processing record: 248
2019-05-03.20:24:34.0456 [DSM:4] Currently Processing record: 249
2019-05-03.20:24:34.0481 [DSM:4] Currently Processing record: 250
2019-05-03.20:24:34.0503 [DSM:4] Currently Processing record: 251
2019-05-03.20:24:34.0528 [DSM:4] Currently Processing record: 252
2019-05-03.20:24:34.0552 [DSM:4] Currently Processing record: 253
2019-05-03.20:24:34.0568 [DSM:4] Currently Processing record: 254
2019-05-03.20:24:34.0583 [DSM:4] Currently Processing record: 255
2019-05-03.20:24:34.0596 [DSM:4] Currently Processing record: 256
2019-05-03.20:24:34.0611 [DSM:4] Currently Processing record: 257
2019-05-03.20:24:34.0624 [DSM:4] Currently Processing record: 258
2019-05-03.20:24:34.0640 [DSM:4] Currently Processing record: 259
2019-05-03.20:24:34.0655 [DSM:4] Currently Processing record: 260
2019-05-03.20:24:34.0672 [DSM:4] Currently Processing record: 261
2019-05-03.20:24:34.0685 [DSM:4] Currently Processing record: 262
2019-05-03.20:24:34.0700 [DSM:4] Currently Processing record: 263
2019-05-03.20:24:34.0713 [DSM:4] Currently Processing record: 264
2019-05-03.20:24:34.0727 [DSM:4] Currently Processing record: 265
2019-05-03.20:24:34.0741 [DSM:4] Currently Processing record: 266
2019-05-03.20:24:34.0757 [DSM:4] Currently Processing record: 267
2019-05-03.20:24:34.0770 [DSM:4] Currently Processing record: 268
2019-05-03.20:24:34.0784 [DSM:4] Currently Processing record: 269
2019-05-03.20:24:34.0798 [DSM:4] Currently Processing record: 270
2019-05-03.20:24:34.0812 [DSM:4] Currently Processing record: 271
2019-05-03.20:24:34.0824 [DSM:4] Currently Processing record: 272
2019-05-03.20:24:34.0838 [DSM:4] Currently Processing record: 273
2019-05-03.20:24:34.0850 [DSM:4] Currently Processing record: 274
2019-05-03.20:24:34.0866 [DSM:4] Currently Processing record: 275
2019-05-03.20:24:34.0881 [DSM:4] Currently Processing record: 276
2019-05-03.20:24:34.0895 [DSM:4] Currently Processing record: 277
2019-05-03.20:24:34.0909 [DSM:4] Currently Processing record: 278
2019-05-03.20:24:34.0922 [DSM:4] Currently Processing record: 279
2019-05-03.20:24:34.0938 [DSM:4] Currently Processing record: 280
2019-05-03.20:24:34.0952 [DSM:4] Currently Processing record: 281
2019-05-03.20:24:34.0965 [DSM:4] Currently Processing record: 282
2019-05-03.20:24:34.0980 [DSM:4] Currently Processing record: 283
2019-05-03.20:24:34.0994 [DSM:4] Currently Processing record: 284
2019-05-03.20:24:35.0008 [DSM:4] Currently Processing record: 285
2019-05-03.20:24:35.0023 [DSM:4] Currently Processing record: 286
2019-05-03.20:24:35.0038 [DSM:4] Currently Processing record: 287
2019-05-03.20:24:35.0053 [DSM:4] Currently Processing record: 288
2019-05-03.20:24:35.0066 [DSM:4] Currently Processing record: 289
2019-05-03.20:24:35.0082 [DSM:4] Currently Processing record: 290
2019-05-03.20:24:35.0095 [DSM:4] Currently Processing record: 291
2019-05-03.20:24:35.0112 [DSM:4] Currently Processing record: 292
2019-05-03.20:24:35.0135 [DSM:4] Currently Processing record: 293
2019-05-03.20:24:35.0150 [DSM:4] Currently Processing record: 294
2019-05-03.20:24:35.0163 [DSM:4] Currently Processing record: 295
2019-05-03.20:24:35.0177 [DSM:4] Currently Processing record: 296
2019-05-03.20:24:35.0191 [DSM:4] Currently Processing record: 297
2019-05-03.20:24:35.0203 [DSM:4] Currently Processing record: 298
2019-05-03.20:24:35.0217 [DSM:4] Currently Processing record: 299
2019-05-03.20:24:35.0233 [DSM:4] Currently Processing record: 300
2019-05-03.20:24:35.0245 [DSM:4] Currently Processing record: 301
2019-05-03.20:24:35.0258 [DSM:4] Currently Processing record: 302
2019-05-03.20:24:35.0271 [DSM:4] Currently Processing record: 303
2019-05-03.20:24:35.0284 [DSM:4] Currently Processing record: 304
2019-05-03.20:24:35.0298 [DSM:4] Currently Processing record: 305
2019-05-03.20:24:35.0314 [DSM:4] Currently Processing record: 306
2019-05-03.20:24:35.0327 [DSM:4] Currently Processing record: 307
2019-05-03.20:24:35.0341 [DSM:4] Currently Processing record: 308
2019-05-03.20:24:35.0355 [DSM:4] Currently Processing record: 309
2019-05-03.20:24:35.0368 [DSM:4] Currently Processing record: 310
2019-05-03.20:24:35.0380 [DSM:4] Currently Processing record: 311
2019-05-03.20:24:35.0395 [DSM:4] Currently Processing record: 312
2019-05-03.20:24:35.0408 [DSM:4] Currently Processing record: 313
2019-05-03.20:24:35.0424 [DSM:4] Currently Processing record: 314
2019-05-03.20:24:35.0438 [DSM:4] Currently Processing record: 315
2019-05-03.20:24:35.0455 [DSM:4] Currently Processing record: 316
2019-05-03.20:24:35.0470 [DSM:4] Currently Processing record: 317
2019-05-03.20:24:35.0487 [DSM:4] Currently Processing record: 318
2019-05-03.20:24:35.0499 [DSM:4] Currently Processing record: 319
2019-05-03.20:24:35.0516 [DSM:4] Currently Processing record: 320
2019-05-03.20:24:35.0532 [DSM:4] Currently Processing record: 321
2019-05-03.20:24:35.0547 [DSM:4] Currently Processing record: 322
2019-05-03.20:24:35.0562 [DSM:4] Currently Processing record: 323
2019-05-03.20:24:35.0576 [DSM:4] Currently Processing record: 324
2019-05-03.20:24:35.0592 [DSM:4] Currently Processing record: 325
2019-05-03.20:24:35.0606 [DSM:4] Currently Processing record: 326
2019-05-03.20:24:35.0622 [DSM:4] Currently Processing record: 327
2019-05-03.20:24:35.0637 [DSM:4] Currently Processing record: 328
2019-05-03.20:24:35.0652 [DSM:4] Currently Processing record: 329
2019-05-03.20:24:35.0669 [DSM:4] Currently Processing record: 330
2019-05-03.20:24:35.0686 [DSM:4] Currently Processing record: 331
2019-05-03.20:24:35.0702 [DSM:4] Currently Processing record: 332
2019-05-03.20:24:35.0718 [DSM:4] Currently Processing record: 333
2019-05-03.20:24:35.0733 [DSM:4] Currently Processing record: 334
2019-05-03.20:24:35.0749 [DSM:4] Currently Processing record: 335
2019-05-03.20:24:35.0765 [DSM:4] Currently Processing record: 336
2019-05-03.20:24:35.0780 [DSM:4] Currently Processing record: 337
2019-05-03.20:24:35.0796 [DSM:4] Currently Processing record: 338
2019-05-03.20:24:35.0810 [DSM:4] Currently Processing record: 339
2019-05-03.20:24:35.0824 [DSM:4] Currently Processing record: 340
2019-05-03.20:24:35.0840 [DSM:4] Currently Processing record: 341
2019-05-03.20:24:35.0855 [DSM:4] Currently Processing record: 342
2019-05-03.20:24:35.0871 [DSM:4] Currently Processing record: 343
2019-05-03.20:24:35.0886 [DSM:4] Currently Processing record: 344
2019-05-03.20:24:35.0903 [DSM:4] Currently Processing record: 345
2019-05-03.20:24:35.0918 [DSM:4] Currently Processing record: 346
2019-05-03.20:24:35.0934 [DSM:4] Currently Processing record: 347
2019-05-03.20:24:35.0949 [DSM:4] Currently Processing record: 348
2019-05-03.20:24:35.0966 [DSM:4] Currently Processing record: 349
2019-05-03.20:24:35.0980 [DSM:4] Currently Processing record: 350
2019-05-03.20:24:35.0996 [DSM:4] Currently Processing record: 351
2019-05-03.20:24:36.0012 [DSM:4] Currently Processing record: 352
2019-05-03.20:24:36.0028 [DSM:4] Currently Processing record: 353
2019-05-03.20:24:36.0044 [DSM:4] Currently Processing record: 354
2019-05-03.20:24:36.0059 [DSM:4] Currently Processing record: 355
2019-05-03.20:24:36.0076 [DSM:4] Currently Processing record: 356
2019-05-03.20:24:36.0092 [DSM:4] Currently Processing record: 357
2019-05-03.20:24:36.0109 [DSM:4] Currently Processing record: 358
2019-05-03.20:24:36.0125 [DSM:4] Currently Processing record: 359
2019-05-03.20:24:36.0140 [DSM:4] Currently Processing record: 360
2019-05-03.20:24:36.0155 [DSM:4] Currently Processing record: 361
2019-05-03.20:24:36.0170 [DSM:4] Currently Processing record: 362
2019-05-03.20:24:36.0186 [DSM:4] Currently Processing record: 363
2019-05-03.20:24:36.0201 [DSM:4] Currently Processing record: 364
2019-05-03.20:24:36.0218 [DSM:4] Currently Processing record: 365
2019-05-03.20:24:36.0233 [DSM:4] Currently Processing record: 366
2019-05-03.20:24:36.0251 [DSM:4] Currently Processing record: 367
2019-05-03.20:24:36.0273 [DSM:4] Currently Processing record: 368
2019-05-03.20:24:36.0291 [DSM:4] Currently Processing record: 369
2019-05-03.20:24:36.0305 [DSM:4] Currently Processing record: 370
2019-05-03.20:24:36.0323 [DSM:4] Currently Processing record: 371
2019-05-03.20:24:36.0339 [DSM:4] Currently Processing record: 372
2019-05-03.20:24:36.0351 [DSM:4] Currently Processing record: 373
2019-05-03.20:24:36.0365 [DSM:4] Currently Processing record: 374
2019-05-03.20:24:36.0379 [DSM:4] Currently Processing record: 375
2019-05-03.20:24:36.0393 [DSM:4] Currently Processing record: 376
2019-05-03.20:24:36.0404 [DSM:4] Currently Processing record: 377
2019-05-03.20:24:36.0417 [DSM:4] Currently Processing record: 378
2019-05-03.20:24:36.0440 [DSM:4] Currently Processing record: 379
2019-05-03.20:24:36.0462 [DSM:4] Currently Processing record: 380
2019-05-03.20:24:36.0487 [DSM:4] Currently Processing record: 381
2019-05-03.20:24:36.0510 [DSM:4] Currently Processing record: 382
2019-05-03.20:24:36.0525 [DSM:4] Currently Processing record: 383
2019-05-03.20:24:36.0541 [DSM:4] Currently Processing record: 384
2019-05-03.20:24:36.0554 [DSM:4] Currently Processing record: 385
2019-05-03.20:24:36.0567 [DSM:4] Currently Processing record: 386
2019-05-03.20:24:36.0581 [DSM:4] Currently Processing record: 387
2019-05-03.20:24:36.0595 [DSM:4] Currently Processing record: 388
2019-05-03.20:24:36.0609 [DSM:4] Currently Processing record: 389
2019-05-03.20:24:36.0635 [DSM:4] Currently Processing record: 390
2019-05-03.20:24:36.0658 [DSM:4] Currently Processing record: 391
2019-05-03.20:24:36.0672 [DSM:4] Currently Processing record: 392
2019-05-03.20:24:36.0688 [DSM:4] Currently Processing record: 393
2019-05-03.20:24:36.0703 [DSM:4] Currently Processing record: 394
2019-05-03.20:24:36.0719 [DSM:4] Currently Processing record: 395
2019-05-03.20:24:36.0734 [DSM:4] Currently Processing record: 396
2019-05-03.20:24:36.0752 [DSM:4] Currently Processing record: 397
2019-05-03.20:24:36.0768 [DSM:4] Currently Processing record: 398
2019-05-03.20:24:36.0784 [DSM:4] Currently Processing record: 399
2019-05-03.20:24:36.0799 [DSM:4] Currently Processing record: 400
2019-05-03.20:24:36.0814 [DSM:4] Currently Processing record: 401
2019-05-03.20:24:36.0829 [DSM:4] Currently Processing record: 402
2019-05-03.20:24:36.0845 [DSM:4] Currently Processing record: 403
2019-05-03.20:24:36.0859 [DSM:4] Currently Processing record: 404
2019-05-03.20:24:36.0875 [DSM:4] Currently Processing record: 405
2019-05-03.20:24:36.0890 [DSM:4] Currently Processing record: 406
2019-05-03.20:24:36.0905 [DSM:4] Currently Processing record: 407
2019-05-03.20:24:36.0920 [DSM:4] Currently Processing record: 408
2019-05-03.20:24:36.0937 [DSM:4] Currently Processing record: 409
2019-05-03.20:24:36.0954 [DSM:4] Currently Processing record: 410
2019-05-03.20:24:36.0969 [DSM:4] Currently Processing record: 411
2019-05-03.20:24:36.0983 [DSM:4] Currently Processing record: 412
2019-05-03.20:24:37.0008 [DSM:4] Currently Processing record: 413
2019-05-03.20:24:37.0024 [DSM:4] Currently Processing record: 414
2019-05-03.20:24:37.0040 [DSM:4] Currently Processing record: 415
2019-05-03.20:24:37.0054 [DSM:4] Currently Processing record: 416
2019-05-03.20:24:37.0071 [DSM:4] Currently Processing record: 417
2019-05-03.20:24:37.0086 [DSM:4] Currently Processing record: 418
2019-05-03.20:24:37.0103 [DSM:4] Currently Processing record: 419
2019-05-03.20:24:37.0119 [DSM:4] Currently Processing record: 420
2019-05-03.20:24:37.0135 [DSM:4] Currently Processing record: 421
2019-05-03.20:24:37.0152 [DSM:4] Currently Processing record: 422
2019-05-03.20:24:37.0169 [DSM:4] Currently Processing record: 423
2019-05-03.20:24:37.0188 [DSM:4] Currently Processing record: 424
2019-05-03.20:24:37.0204 [DSM:4] Currently Processing record: 425
2019-05-03.20:24:37.0220 [DSM:4] Currently Processing record: 426
2019-05-03.20:24:37.0237 [DSM:4] Currently Processing record: 427
2019-05-03.20:24:37.0251 [DSM:4] Currently Processing record: 428
2019-05-03.20:24:37.0267 [DSM:4] Currently Processing record: 429
2019-05-03.20:24:37.0282 [DSM:4] Currently Processing record: 430
2019-05-03.20:24:37.0299 [DSM:4] Currently Processing record: 431
2019-05-03.20:24:37.0315 [DSM:4] Currently Processing record: 432
2019-05-03.20:24:37.0330 [DSM:4] Currently Processing record: 433
2019-05-03.20:24:37.0357 [DSM:4] Currently Processing record: 434
2019-05-03.20:24:37.0382 [DSM:4] Currently Processing record: 435
2019-05-03.20:24:37.0405 [DSM:4] Registered Name Changed from Nobite Offshore Account Ob W to Nobite Offshore Account OW for Reg No.: AM0245601
2019-05-03.20:24:37.0419 [DSM:4] Currently Processing record: 436
2019-05-03.20:24:37.0437 [DSM:4] Currently Processing record: 437
2019-05-03.20:24:37.0451 [DSM:4] Currently Processing record: 438
2019-05-03.20:24:37.0465 [DSM:4] Currently Processing record: 439
2019-05-03.20:24:37.0477 [DSM:4] Currently Processing record: 440
2019-05-03.20:24:37.0491 [DSM:4] Currently Processing record: 441
2019-05-03.20:24:37.0503 [DSM:4] Currently Processing record: 442
2019-05-03.20:24:37.0519 [DSM:4] Currently Processing record: 443
2019-05-03.20:24:37.0531 [DSM:4] Currently Processing record: 444
2019-05-03.20:24:37.0545 [DSM:4] Currently Processing record: 445
2019-05-03.20:24:37.0556 [DSM:4] Currently Processing record: 446
2019-05-03.20:24:37.0568 [DSM:4] Currently Processing record: 447
2019-05-03.20:24:37.0581 [DSM:4] Currently Processing record: 448
2019-05-03.20:24:37.0594 [DSM:4] Currently Processing record: 449
2019-05-03.20:24:37.0609 [DSM:4] Currently Processing record: 450
2019-05-03.20:24:37.0622 [DSM:4] Currently Processing record: 451
2019-05-03.20:24:37.0639 [DSM:4] Currently Processing record: 452
2019-05-03.20:24:37.0654 [DSM:4] Currently Processing record: 453
2019-05-03.20:24:37.0671 [DSM:4] Currently Processing record: 454
2019-05-03.20:24:37.0695 [DSM:4] Currently Processing record: 455
2019-05-03.20:24:37.0719 [DSM:4] Currently Processing record: 456
2019-05-03.20:24:37.0735 [DSM:4] Currently Processing record: 457
2019-05-03.20:24:37.0751 [DSM:4] Currently Processing record: 458
2019-05-03.20:24:37.0767 [DSM:4] Currently Processing record: 459
2019-05-03.20:24:37.0783 [DSM:4] Currently Processing record: 460
2019-05-03.20:24:37.0797 [DSM:4] Currently Processing record: 461
2019-05-03.20:24:37.0814 [DSM:4] Currently Processing record: 462
2019-05-03.20:24:37.0832 [DSM:4] Currently Processing record: 463
2019-05-03.20:24:37.0849 [DSM:4] Currently Processing record: 464
2019-05-03.20:24:37.0865 [DSM:4] Currently Processing record: 465
2019-05-03.20:24:37.0881 [DSM:4] Currently Processing record: 466
2019-05-03.20:24:37.0896 [DSM:4] Currently Processing record: 467
2019-05-03.20:24:37.0911 [DSM:4] Currently Processing record: 468
2019-05-03.20:24:37.0926 [DSM:4] Currently Processing record: 469
2019-05-03.20:24:37.0943 [DSM:4] Currently Processing record: 470
2019-05-03.20:24:37.0960 [DSM:4] Currently Processing record: 471
2019-05-03.20:24:37.0977 [DSM:4] Currently Processing record: 472
2019-05-03.20:24:37.0993 [DSM:4] Currently Processing record: 473
2019-05-03.20:24:38.0008 [DSM:4] Currently Processing record: 474
2019-05-03.20:24:38.0024 [DSM:4] Currently Processing record: 475
2019-05-03.20:24:38.0039 [DSM:4] Currently Processing record: 476
2019-05-03.20:24:38.0055 [DSM:4] Currently Processing record: 477
2019-05-03.20:24:38.0081 [DSM:4] Currently Processing record: 478
2019-05-03.20:24:38.0105 [DSM:4] Currently Processing record: 479
2019-05-03.20:24:38.0130 [DSM:4] Currently Processing record: 480
2019-05-03.20:24:38.0157 [DSM:4] Currently Processing record: 481
2019-05-03.20:24:38.0184 [DSM:4] Currently Processing record: 482
2019-05-03.20:24:38.0202 [DSM:4] Currently Processing record: 483
2019-05-03.20:24:38.0218 [DSM:4] Currently Processing record: 484
2019-05-03.20:24:38.0235 [DSM:4] Currently Processing record: 485
2019-05-03.20:24:38.0251 [DSM:4] Currently Processing record: 486
2019-05-03.20:24:38.0267 [DSM:4] Currently Processing record: 487
2019-05-03.20:24:38.0282 [DSM:4] Currently Processing record: 488
2019-05-03.20:24:38.0298 [DSM:4] Currently Processing record: 489
2019-05-03.20:24:38.0314 [DSM:4] Currently Processing record: 490
2019-05-03.20:24:38.0328 [DSM:4] Currently Processing record: 491
2019-05-03.20:24:38.0344 [DSM:4] Currently Processing record: 492
2019-05-03.20:24:38.0359 [DSM:4] Currently Processing record: 493
2019-05-03.20:24:38.0375 [DSM:4] Currently Processing record: 494
2019-05-03.20:24:38.0391 [DSM:4] Currently Processing record: 495
2019-05-03.20:24:38.0408 [DSM:4] Currently Processing record: 496
2019-05-03.20:24:38.0424 [DSM:4] Currently Processing record: 497
2019-05-03.20:24:38.0439 [DSM:4] Currently Processing record: 498
2019-05-03.20:24:38.0454 [DSM:4] Currently Processing record: 499
2019-05-03.20:24:38.0470 [DSM:4] Currently Processing record: 500
2019-05-03.20:24:38.0486 [DSM:4] Currently Processing record: 501
2019-05-03.20:24:38.0503 [DSM:4] Currently Processing record: 502
2019-05-03.20:24:38.0519 [DSM:4] Currently Processing record: 503
2019-05-03.20:24:38.0539 [DSM:4] Currently Processing record: 504
2019-05-03.20:24:38.0564 [DSM:4] Currently Processing record: 505
2019-05-03.20:24:38.0583 [DSM:4] Currently Processing record: 506
2019-05-03.20:24:38.0597 [DSM:4] Currently Processing record: 507
2019-05-03.20:24:38.0610 [DSM:4] Currently Processing record: 508
2019-05-03.20:24:38.0624 [DSM:4] Currently Processing record: 509
2019-05-03.20:24:38.0638 [DSM:4] Currently Processing record: 510
2019-05-03.20:24:38.0652 [DSM:4] Currently Processing record: 511
2019-05-03.20:24:38.0667 [DSM:4] Currently Processing record: 512
2019-05-03.20:24:38.0679 [DSM:4] Currently Processing record: 513
2019-05-03.20:24:38.0692 [DSM:4] Currently Processing record: 514
2019-05-03.20:24:38.0703 [DSM:4] Currently Processing record: 515
2019-05-03.20:24:38.0716 [DSM:4] Currently Processing record: 516
2019-05-03.20:24:38.0728 [DSM:4] Currently Processing record: 517
2019-05-03.20:24:38.0742 [DSM:4] Currently Processing record: 518
2019-05-03.20:24:38.0757 [DSM:4] Currently Processing record: 519
2019-05-03.20:24:38.0771 [DSM:4] Currently Processing record: 520
2019-05-03.20:24:38.0786 [DSM:4] Currently Processing record: 521
2019-05-03.20:24:38.0801 [DSM:4] Currently Processing record: 522
2019-05-03.20:24:38.0815 [DSM:4] Currently Processing record: 523
2019-05-03.20:24:38.0831 [DSM:4] Currently Processing record: 524
2019-05-03.20:24:38.0845 [DSM:4] Currently Processing record: 525
2019-05-03.20:24:38.0859 [DSM:4] Currently Processing record: 526
2019-05-03.20:24:38.0874 [DSM:4] Currently Processing record: 527
2019-05-03.20:24:38.0889 [DSM:4] Currently Processing record: 528
2019-05-03.20:24:38.0903 [DSM:4] Currently Processing record: 529
2019-05-03.20:24:38.0919 [DSM:4] Currently Processing record: 530
2019-05-03.20:24:38.0934 [DSM:4] Currently Processing record: 531
2019-05-03.20:24:38.0950 [DSM:4] Currently Processing record: 532
2019-05-03.20:24:38.0966 [DSM:4] Currently Processing record: 533
2019-05-03.20:24:38.0982 [DSM:4] Currently Processing record: 534
2019-05-03.20:24:38.0997 [DSM:4] Currently Processing record: 535
2019-05-03.20:24:39.0013 [DSM:4] Currently Processing record: 536
2019-05-03.20:24:39.0027 [DSM:4] Currently Processing record: 537
2019-05-03.20:24:39.0043 [DSM:4] Currently Processing record: 538
2019-05-03.20:24:39.0057 [DSM:4] Currently Processing record: 539
2019-05-03.20:24:39.0081 [DSM:4] Currently Processing record: 540
2019-05-03.20:24:39.0106 [DSM:4] Currently Processing record: 541
2019-05-03.20:24:39.0122 [DSM:4] Currently Processing record: 542
2019-05-03.20:24:39.0138 [DSM:4] Currently Processing record: 543
2019-05-03.20:24:39.0154 [DSM:4] Currently Processing record: 544
2019-05-03.20:24:39.0173 [DSM:4] Currently Processing record: 545
2019-05-03.20:24:39.0189 [DSM:4] Currently Processing record: 546
2019-05-03.20:24:39.0206 [DSM:4] Currently Processing record: 547
2019-05-03.20:24:39.0220 [DSM:4] Currently Processing record: 548
2019-05-03.20:24:39.0236 [DSM:4] Currently Processing record: 549
2019-05-03.20:24:39.0251 [DSM:4] Currently Processing record: 550
2019-05-03.20:24:39.0267 [DSM:4] Currently Processing record: 551
2019-05-03.20:24:39.0280 [DSM:4] Currently Processing record: 552
2019-05-03.20:24:39.0284 [DSM:4] Currently Processing record: 553
2019-05-03.20:24:39.0288 [DSM:4] Currently Processing record: 554
2019-05-03.20:24:39.0303 [DSM:4] Currently Processing record: 555
2019-05-03.20:24:39.0318 [DSM:4] Currently Processing record: 556
2019-05-03.20:24:39.0334 [DSM:4] Currently Processing record: 557
2019-05-03.20:24:39.0347 [DSM:4] Currently Processing record: 558
2019-05-03.20:24:39.0363 [DSM:4] Currently Processing record: 559
2019-05-03.20:24:39.0377 [DSM:4] Currently Processing record: 560
2019-05-03.20:24:39.0395 [DSM:4] Currently Processing record: 561
2019-05-03.20:24:39.0410 [DSM:4] Currently Processing record: 562
2019-05-03.20:24:39.0425 [DSM:4] Currently Processing record: 563
2019-05-03.20:24:39.0440 [DSM:4] Currently Processing record: 564
2019-05-03.20:24:39.0457 [DSM:4] Currently Processing record: 565
2019-05-03.20:24:39.0472 [DSM:4] Currently Processing record: 566
2019-05-03.20:24:39.0487 [DSM:4] Currently Processing record: 567
2019-05-03.20:24:39.0501 [DSM:4] Currently Processing record: 568
2019-05-03.20:24:39.0517 [DSM:4] Currently Processing record: 569
2019-05-03.20:24:39.0531 [DSM:4] Currently Processing record: 570
2019-05-03.20:24:39.0546 [DSM:4] Currently Processing record: 571
2019-05-03.20:24:39.0560 [DSM:4] Currently Processing record: 572
2019-05-03.20:24:39.0576 [DSM:4] Currently Processing record: 573
2019-05-03.20:24:39.0595 [DSM:4] Currently Processing record: 574
2019-05-03.20:24:39.0611 [DSM:4] Currently Processing record: 575
2019-05-03.20:24:39.0624 [DSM:4] Currently Processing record: 576
2019-05-03.20:24:39.0639 [DSM:4] Currently Processing record: 577
2019-05-03.20:24:39.0657 [DSM:4] Currently Processing record: 578
2019-05-03.20:24:39.0675 [DSM:4] Currently Processing record: 579
2019-05-03.20:24:39.0700 [DSM:4] Currently Processing record: 580
2019-05-03.20:24:39.0718 [DSM:4] Currently Processing record: 581
2019-05-03.20:24:39.0733 [DSM:4] Currently Processing record: 582
2019-05-03.20:24:39.0747 [DSM:4] Currently Processing record: 583
2019-05-03.20:24:39.0760 [DSM:4] Currently Processing record: 584
2019-05-03.20:24:39.0773 [DSM:4] Currently Processing record: 585
2019-05-03.20:24:39.0787 [DSM:4] Currently Processing record: 586
2019-05-03.20:24:39.0808 [DSM:4] Currently Processing record: 587
2019-05-03.20:24:39.0822 [DSM:4] Currently Processing record: 588
2019-05-03.20:24:39.0836 [DSM:4] Currently Processing record: 589
2019-05-03.20:24:39.0848 [DSM:4] Currently Processing record: 590
2019-05-03.20:24:39.0862 [DSM:4] Currently Processing record: 591
2019-05-03.20:24:39.0875 [DSM:4] Currently Processing record: 592
2019-05-03.20:24:39.0890 [DSM:4] Currently Processing record: 593
2019-05-03.20:24:39.0903 [DSM:4] Currently Processing record: 594
2019-05-03.20:24:39.0920 [DSM:4] Currently Processing record: 595
2019-05-03.20:24:39.0935 [DSM:4] Currently Processing record: 596
2019-05-03.20:24:39.0949 [DSM:4] Currently Processing record: 597
2019-05-03.20:24:39.0973 [DSM:4] Currently Processing record: 598
2019-05-03.20:24:39.0998 [DSM:4] Currently Processing record: 599
2019-05-03.20:24:40.0014 [DSM:4] Currently Processing record: 600
2019-05-03.20:24:40.0029 [DSM:4] Currently Processing record: 601
2019-05-03.20:24:40.0046 [DSM:4] Currently Processing record: 602
2019-05-03.20:24:40.0060 [DSM:4] Currently Processing record: 603
2019-05-03.20:24:40.0075 [DSM:4] Currently Processing record: 604
2019-05-03.20:24:40.0100 [DSM:4] Currently Processing record: 605
2019-05-03.20:24:40.0125 [DSM:4] Currently Processing record: 606
2019-05-03.20:24:40.0141 [DSM:4] Currently Processing record: 607
2019-05-03.20:24:40.0156 [DSM:4] Currently Processing record: 608
2019-05-03.20:24:40.0172 [DSM:4] Currently Processing record: 609
2019-05-03.20:24:40.0186 [DSM:4] Currently Processing record: 610
2019-05-03.20:24:40.0204 [DSM:4] Currently Processing record: 611
2019-05-03.20:24:40.0220 [DSM:4] Currently Processing record: 612
2019-05-03.20:24:40.0247 [DSM:4] Currently Processing record: 613
2019-05-03.20:24:40.0273 [DSM:4] Currently Processing record: 614
2019-05-03.20:24:40.0297 [DSM:4] Currently Processing record: 615
2019-05-03.20:24:40.0323 [DSM:4] Currently Processing record: 616
2019-05-03.20:24:40.0349 [DSM:4] Currently Processing record: 617
2019-05-03.20:24:40.0365 [DSM:4] Currently Processing record: 618
2019-05-03.20:24:40.0382 [DSM:4] Currently Processing record: 619
2019-05-03.20:24:40.0399 [DSM:4] Currently Processing record: 620
2019-05-03.20:24:40.0415 [DSM:4] Currently Processing record: 621
2019-05-03.20:24:40.0433 [DSM:4] Currently Processing record: 622
2019-05-03.20:24:40.0448 [DSM:4] Currently Processing record: 623
2019-05-03.20:24:40.0464 [DSM:4] Currently Processing record: 624
2019-05-03.20:24:40.0481 [DSM:4] Currently Processing record: 625
2019-05-03.20:24:40.0497 [DSM:4] Currently Processing record: 626
2019-05-03.20:24:40.0514 [DSM:4] Currently Processing record: 627
2019-05-03.20:24:40.0531 [DSM:4] Currently Processing record: 628
2019-05-03.20:24:40.0546 [DSM:4] Currently Processing record: 629
2019-05-03.20:24:40.0561 [DSM:4] Currently Processing record: 630
2019-05-03.20:24:40.0578 [DSM:4] Currently Processing record: 631
2019-05-03.20:24:40.0593 [DSM:4] Currently Processing record: 632
2019-05-03.20:24:40.0610 [DSM:4] Currently Processing record: 633
2019-05-03.20:24:40.0627 [DSM:4] Currently Processing record: 634
2019-05-03.20:24:40.0642 [DSM:4] Currently Processing record: 635
2019-05-03.20:24:40.0657 [DSM:4] Currently Processing record: 636
2019-05-03.20:24:40.0674 [DSM:4] Currently Processing record: 637
2019-05-03.20:24:40.0688 [DSM:4] Currently Processing record: 638
2019-05-03.20:24:40.0706 [DSM:4] Currently Processing record: 639
2019-05-03.20:24:40.0720 [DSM:4] Currently Processing record: 640
2019-05-03.20:24:40.0739 [DSM:4] Currently Processing record: 641
2019-05-03.20:24:40.0757 [DSM:4] Currently Processing record: 642
2019-05-03.20:24:40.0774 [DSM:4] Currently Processing record: 643
2019-05-03.20:24:40.0790 [DSM:4] Currently Processing record: 644
2019-05-03.20:24:40.0805 [DSM:4] Currently Processing record: 645
2019-05-03.20:24:40.0840 [DSM:4] Currently Processing record: 646
2019-05-03.20:24:40.0859 [DSM:4] Currently Processing record: 647
2019-05-03.20:24:40.0875 [DSM:4] Currently Processing record: 648
2019-05-03.20:24:40.0889 [DSM:4] Currently Processing record: 649
2019-05-03.20:24:40.0903 [DSM:4] Currently Processing record: 650
2019-05-03.20:24:40.0917 [DSM:4] Currently Processing record: 651
2019-05-03.20:24:40.0930 [DSM:4] Currently Processing record: 652
2019-05-03.20:24:40.0944 [DSM:4] Currently Processing record: 653
2019-05-03.20:24:40.0958 [DSM:4] Currently Processing record: 654
2019-05-03.20:24:40.0970 [DSM:4] Currently Processing record: 655
2019-05-03.20:24:40.0984 [DSM:4] Currently Processing record: 656
2019-05-03.20:24:40.0998 [DSM:4] Currently Processing record: 657
2019-05-03.20:24:41.0012 [DSM:4] Currently Processing record: 658
2019-05-03.20:24:41.0029 [DSM:1] *****************************
2019-05-03.20:24:41.0034 [DSM:1] 656 class entries added
2019-05-03.20:24:41.0039 [DSM:1] 2 NFC entries ignored
2019-05-03.20:24:41.0044 [DSM:1] 0 entries marked as not for Import
2019-05-03.20:24:41.0049 [DSM:1] *****************************
