2015-04-30.20:22:57.0083 [SPSSync:12] Invalid date of birth for record number 99
2015-04-30.20:22:57.0184 [SPSSync:12] Dog Breed not specified for record number 181
2015-04-30.20:22:57.0332 [SPSSync:12] Invalid date of birth for record number 279
2015-04-30.20:22:57.0335 [SPSSync:12] Invalid date of birth for record number 280
2015-04-30.20:22:57.0338 [SPSSync:12] Invalid date of birth for record number 281
2015-04-30.20:22:57.0644 [SPSSync:12] Invalid date of birth for record number 450
2015-04-30.20:22:57.0647 [SPSSync:12] Invalid date of birth for record number 451
2015-04-30.20:22:57.0650 [SPSSync:12] Invalid date of birth for record number 452
2015-04-30.20:22:57.0919 [SPSSync:12] Invalid date of birth for record number 546
2015-04-30.20:22:57.0924 [SPSSync:12] Invalid date of birth for record number 547
2015-04-30.20:22:58.0018 [SPSSync:12] Invalid date of birth for record number 579
2015-04-30.20:22:58.0112 [SPSSync:12] Invalid date of entry for record number 609
2015-04-30.20:22:58.0118 [SPSSync:12] Invalid date of entry for record number 610
2015-04-30.20:22:58.0124 [SPSSync:12] Invalid date of entry for record number 611
2015-04-30.20:22:58.0129 [SPSSync:12] Invalid date of entry for record number 612
2015-04-30.20:22:58.0134 [SPSSync:12] Invalid date of entry for record number 613
2015-04-30.20:22:58.0139 [SPSSync:12] Invalid date of entry for record number 614
2015-04-30.20:22:58.0145 [SPSSync:12] Invalid date of entry for record number 615
2015-04-30.20:22:58.0321 [SPSSync:12] Invalid date of birth for record number 677
2015-04-30.20:22:58.0514 [SPSSync:12] Invalid date of birth for record number 757
2015-04-30.20:22:58.0571 [SPSSync:12] Invalid date of birth for record number 779
2015-04-30.20:22:58.0706 [SPSSync:12] Invalid date of birth for record number 826
2015-04-30.20:22:58.0709 [SPSSync:12] Invalid date of birth for record number 827
2015-04-30.20:22:58.0776 [SPSSync:12] 850 records retrieved from the spreadsheet
2015-04-30.20:22:59.0053 [SPSSync:10] *****************************
2015-04-30.20:22:59.0054 [SPSSync:10] 1 class entries added
2015-04-30.20:22:59.0055 [SPSSync:10] 129 NFC entries ignored
2015-04-30.20:22:59.0056 [SPSSync:10] 849 entries marked as not for Import
2015-04-30.20:22:59.0059 [SPSSync:10] *****************************
