2015-04-30.20:06:29.0693 [SPSSync:12] Invalid date of birth for record number 99
2015-04-30.20:06:29.0802 [SPSSync:12] Dog Breed not specified for record number 181
2015-04-30.20:06:29.0947 [SPSSync:12] Invalid date of birth for record number 279
2015-04-30.20:06:29.0950 [SPSSync:12] Invalid date of birth for record number 280
2015-04-30.20:06:29.0953 [SPSSync:12] Invalid date of birth for record number 281
2015-04-30.20:06:30.0261 [SPSSync:12] Invalid date of birth for record number 450
2015-04-30.20:06:30.0264 [SPSSync:12] Invalid date of birth for record number 451
2015-04-30.20:06:30.0267 [SPSSync:12] Invalid date of birth for record number 452
2015-04-30.20:06:30.0463 [SPSSync:12] Invalid date of birth for record number 546
2015-04-30.20:06:30.0467 [SPSSync:12] Invalid date of birth for record number 547
2015-04-30.20:06:30.0538 [SPSSync:12] Invalid date of birth for record number 579
2015-04-30.20:06:30.0608 [SPSSync:12] Invalid date of entry for record number 609
2015-04-30.20:06:30.0613 [SPSSync:12] Invalid date of entry for record number 610
2015-04-30.20:06:30.0619 [SPSSync:12] Invalid date of entry for record number 611
2015-04-30.20:06:30.0623 [SPSSync:12] Invalid date of entry for record number 612
2015-04-30.20:06:30.0627 [SPSSync:12] Invalid date of entry for record number 613
2015-04-30.20:06:30.0631 [SPSSync:12] Invalid date of entry for record number 614
2015-04-30.20:06:30.0634 [SPSSync:12] Invalid date of entry for record number 615
2015-04-30.20:06:30.0807 [SPSSync:12] Invalid date of birth for record number 677
2015-04-30.20:06:31.0035 [SPSSync:12] Invalid date of birth for record number 757
2015-04-30.20:06:31.0092 [SPSSync:12] Invalid date of birth for record number 779
2015-04-30.20:06:31.0209 [SPSSync:12] Invalid date of birth for record number 826
2015-04-30.20:06:31.0214 [SPSSync:12] Invalid date of birth for record number 827
2015-04-30.20:06:31.0301 [SPSSync:12] 850 records retrieved from the spreadsheet
2015-04-30.20:06:48.0170 [SPSSync:12] Incorrect gender for class
2015-04-30.20:06:48.0172 [SPSSync:12] Unable to add Whyso Marbled of Modelcott (K133644) to class 10 : C Dog
2015-04-30.20:07:00.0464 [SPSSync:10] *****************************
2015-04-30.20:07:00.0466 [SPSSync:10] 720 class entries added
2015-04-30.20:07:00.0467 [SPSSync:10] 129 NFC entries ignored
2015-04-30.20:07:00.0468 [SPSSync:10] 0 entries marked as not for Import
2015-04-30.20:07:00.0469 [SPSSync:10] *****************************
