2016-04-24.21:18:33.0154 [SPSSync:11] Invalid date of birth for record number 668
2016-04-24.21:18:33.0227 [SPSSync:11] 836 records retrieved from the spreadsheet
2016-04-24.21:18:33.0230 [SPSSync:11] Currently Processing record: 1
2016-04-24.21:18:33.0282 [SPSSync:11] Currently Processing record: 2
2016-04-24.21:18:33.0290 [SPSSync:11] Currently Processing record: 3
2016-04-24.21:18:33.0308 [SPSSync:11] Currently Processing record: 4
2016-04-24.21:18:33.0308 [SPSSync:11] Currently Processing record: 5
2016-04-24.21:18:33.0315 [SPSSync:11] Currently Processing record: 6
2016-04-24.21:18:33.0323 [SPSSync:11] Currently Processing record: 7
2016-04-24.21:18:33.0325 [SPSSync:11] Registered Name Changed from Tor of Plasmajors OW to Tor Of Plasmajors OW for Reg No.: AK0900845
2016-04-24.21:18:33.0356 [SPSSync:11] Currently Processing record: 8
2016-04-24.21:18:33.0363 [SPSSync:11] Currently Processing record: 9
2016-04-24.21:18:33.0363 [SPSSync:11] Currently Processing record: 10
2016-04-24.21:18:33.0363 [SPSSync:11] Currently Processing record: 11
2016-04-24.21:18:33.0374 [SPSSync:11] Registered Name Changed from CH Chalkwell comic relief  OW to CH Chalkwell Comic Relief  OW for Reg No.: AK02585901
2016-04-24.21:18:33.0395 [SPSSync:11] Currently Processing record: 12
2016-04-24.21:18:33.0403 [SPSSync:11] Currently Processing record: 13
2016-04-24.21:18:33.0403 [SPSSync:11] Currently Processing record: 14
2016-04-24.21:18:33.0406 [SPSSync:11] Registered Name Changed from chalkwell senior moment to Chalkwell Senior Moment for Reg No.: AK52085902
2016-04-24.21:18:33.0410 [SPSSync:11] Currently Processing record: 15
2016-04-24.21:18:33.0429 [SPSSync:11] Currently Processing record: 16
2016-04-24.21:18:33.0439 [SPSSync:11] Currently Processing record: 17
2016-04-24.21:18:33.0448 [SPSSync:11] Currently Processing record: 18
2016-04-24.21:18:33.0455 [SPSSync:11] Currently Processing record: 19
2016-04-24.21:18:33.0455 [SPSSync:11] Currently Processing record: 20
2016-04-24.21:18:33.0461 [SPSSync:11] Currently Processing record: 21
2016-04-24.21:18:33.0467 [SPSSync:11] Currently Processing record: 22
2016-04-24.21:18:33.0473 [SPSSync:11] Currently Processing record: 23
2016-04-24.21:18:33.0479 [SPSSync:11] Currently Processing record: 24
2016-04-24.21:18:33.0487 [SPSSync:11] Currently Processing record: 25
2016-04-24.21:18:33.0493 [SPSSync:11] Currently Processing record: 26
2016-04-24.21:18:33.0493 [SPSSync:11] Currently Processing record: 27
2016-04-24.21:18:33.0500 [SPSSync:11] Currently Processing record: 28
2016-04-24.21:18:33.0503 [SPSSync:11] Registered Name Changed from Islemoor Ruby Tuesday with Barhi ShCM to Islemoor Ruby Tuesday With Barhi Shcm for Reg No.: AH01941301
2016-04-24.21:18:33.0507 [SPSSync:11] Currently Processing record: 29
2016-04-24.21:18:33.0507 [SPSSync:11] Currently Processing record: 30
2016-04-24.21:18:33.0507 [SPSSync:11] Currently Processing record: 31
2016-04-24.21:18:33.0515 [SPSSync:11] Currently Processing record: 32
2016-04-24.21:18:33.0521 [SPSSync:11] Currently Processing record: 33
2016-04-24.21:18:33.0530 [SPSSync:11] Currently Processing record: 34
2016-04-24.21:18:33.0540 [SPSSync:11] Currently Processing record: 35
2016-04-24.21:18:33.0548 [SPSSync:11] Currently Processing record: 36
2016-04-24.21:18:33.0556 [SPSSync:11] Currently Processing record: 37
2016-04-24.21:18:33.0559 [SPSSync:11] Registered Name Changed from Tazzzman of Blumoon to Tazzzman Of Blumoon for Reg No.: K141206
2016-04-24.21:18:33.0563 [SPSSync:11] Currently Processing record: 38
2016-04-24.21:18:33.0570 [SPSSync:11] Currently Processing record: 39
2016-04-24.21:18:33.0570 [SPSSync:11] Currently Processing record: 40
2016-04-24.21:18:33.0570 [SPSSync:11] Currently Processing record: 41
2016-04-24.21:18:33.0571 [SPSSync:11] Currently Processing record: 42
2016-04-24.21:18:33.0571 [SPSSync:11] Currently Processing record: 43
2016-04-24.21:18:33.0571 [SPSSync:11] Currently Processing record: 44
2016-04-24.21:18:33.0577 [SPSSync:11] Currently Processing record: 45
2016-04-24.21:18:33.0583 [SPSSync:11] Currently Processing record: 46
2016-04-24.21:18:33.0589 [SPSSync:11] Currently Processing record: 47
2016-04-24.21:18:33.0595 [SPSSync:11] Currently Processing record: 48
2016-04-24.21:18:33.0595 [SPSSync:11] Currently Processing record: 49
2016-04-24.21:18:33.0602 [SPSSync:11] Currently Processing record: 50
2016-04-24.21:18:33.0608 [SPSSync:11] Currently Processing record: 51
2016-04-24.21:18:33.0614 [SPSSync:11] Currently Processing record: 52
2016-04-24.21:18:33.0620 [SPSSync:11] Currently Processing record: 53
2016-04-24.21:18:33.0641 [SPSSync:11] Currently Processing record: 54
2016-04-24.21:18:33.0658 [SPSSync:11] Currently Processing record: 55
2016-04-24.21:18:33.0675 [SPSSync:11] Currently Processing record: 56
2016-04-24.21:18:33.0685 [SPSSync:11] Currently Processing record: 57
2016-04-24.21:18:33.0692 [SPSSync:11] Currently Processing record: 58
2016-04-24.21:18:33.0699 [SPSSync:11] Currently Processing record: 59
2016-04-24.21:18:33.0704 [SPSSync:11] Currently Processing record: 60
2016-04-24.21:18:33.0705 [SPSSync:11] Currently Processing record: 61
2016-04-24.21:18:33.0714 [SPSSync:11] Currently Processing record: 62
2016-04-24.21:18:33.0722 [SPSSync:11] Currently Processing record: 63
2016-04-24.21:18:33.0730 [SPSSync:11] Currently Processing record: 64
2016-04-24.21:18:33.0739 [SPSSync:11] Currently Processing record: 65
2016-04-24.21:18:33.0748 [SPSSync:11] Currently Processing record: 66
2016-04-24.21:18:33.0755 [SPSSync:11] Currently Processing record: 67
2016-04-24.21:18:33.0755 [SPSSync:11] Currently Processing record: 68
2016-04-24.21:18:33.0763 [SPSSync:11] Currently Processing record: 69
2016-04-24.21:18:33.0771 [SPSSync:11] Currently Processing record: 70
2016-04-24.21:18:33.0778 [SPSSync:11] Currently Processing record: 71
2016-04-24.21:18:33.0785 [SPSSync:11] Currently Processing record: 72
2016-04-24.21:18:33.0794 [SPSSync:11] Currently Processing record: 73
2016-04-24.21:18:33.0801 [SPSSync:11] Currently Processing record: 74
2016-04-24.21:18:33.0810 [SPSSync:11] Currently Processing record: 75
2016-04-24.21:18:33.0816 [SPSSync:11] Currently Processing record: 76
2016-04-24.21:18:33.0816 [SPSSync:11] Currently Processing record: 77
2016-04-24.21:18:33.0818 [SPSSync:11] Registered Name Changed from Eyeswideopen Bud-wiser to Eyeswideopen Bud-Wiser for Reg No.: K139618
2016-04-24.21:18:33.0823 [SPSSync:11] Currently Processing record: 78
2016-04-24.21:18:33.0831 [SPSSync:11] Currently Processing record: 79
2016-04-24.21:18:33.0837 [SPSSync:11] Currently Processing record: 80
2016-04-24.21:18:33.0843 [SPSSync:11] Currently Processing record: 81
2016-04-24.21:18:33.0850 [SPSSync:11] Currently Processing record: 82
2016-04-24.21:18:33.0856 [SPSSync:11] Currently Processing record: 83
2016-04-24.21:18:33.0862 [SPSSync:11] Currently Processing record: 84
2016-04-24.21:18:33.0862 [SPSSync:11] Currently Processing record: 85
2016-04-24.21:18:33.0870 [SPSSync:11] Currently Processing record: 86
2016-04-24.21:18:33.0878 [SPSSync:11] Currently Processing record: 87
2016-04-24.21:18:33.0886 [SPSSync:11] Currently Processing record: 88
2016-04-24.21:18:33.0892 [SPSSync:11] Currently Processing record: 89
2016-04-24.21:18:33.0898 [SPSSync:11] Currently Processing record: 90
2016-04-24.21:18:33.0901 [SPSSync:11] Registered Name Changed from Quories jynx (isds 00/317820) (ap2) to Quories Jynx (Isds 00/317820) (Ap2) for Reg No.: AP0901461
2016-04-24.21:18:33.0905 [SPSSync:11] Currently Processing record: 91
2016-04-24.21:18:33.0908 [SPSSync:11] Date of Birth Changed from 01/01/2000 00:00:00 to 31/03/2006 00:00:00 for Reg No.: K138115
2016-04-24.21:18:33.0908 [SPSSync:11] Year of Birth Changed from 0 to 2006 for Reg No.: K138115
2016-04-24.21:18:33.0914 [SPSSync:11] Currently Processing record: 92
2016-04-24.21:18:33.0922 [SPSSync:11] Currently Processing record: 93
2016-04-24.21:18:33.0930 [SPSSync:11] Currently Processing record: 94
2016-04-24.21:18:33.0938 [SPSSync:11] Currently Processing record: 95
2016-04-24.21:18:33.0944 [SPSSync:11] Currently Processing record: 96
2016-04-24.21:18:33.0952 [SPSSync:11] Currently Processing record: 97
2016-04-24.21:18:33.0958 [SPSSync:11] Currently Processing record: 98
2016-04-24.21:18:33.0965 [SPSSync:11] Currently Processing record: 99
2016-04-24.21:18:33.0973 [SPSSync:11] Currently Processing record: 100
2016-04-24.21:18:33.0979 [SPSSync:11] Currently Processing record: 101
2016-04-24.21:18:33.0988 [SPSSync:11] Currently Processing record: 102
2016-04-24.21:18:33.0995 [SPSSync:11] Currently Processing record: 103
2016-04-24.21:18:33.0995 [SPSSync:11] Currently Processing record: 104
2016-04-24.21:18:33.0995 [SPSSync:11] Currently Processing record: 105
2016-04-24.21:18:33.0995 [SPSSync:11] Currently Processing record: 106
2016-04-24.21:18:34.0004 [SPSSync:11] Currently Processing record: 107
2016-04-24.21:18:34.0011 [SPSSync:11] Currently Processing record: 108
2016-04-24.21:18:34.0012 [SPSSync:11] Registered Name Changed from Starnias Thriller This Is It OW C Ex to Starnias Thriller This Is It OW C EX for Reg No.: AK04628501
2016-04-24.21:18:34.0012 [SPSSync:11] Currently Processing record: 109
2016-04-24.21:18:34.0012 [SPSSync:11] Registered Name Changed from Gypton Just A Genius OW C Ex to Gypton Just A Genius OW C EX for Reg No.: K118985
2016-04-24.21:18:34.0012 [SPSSync:11] Currently Processing record: 110
2016-04-24.21:18:34.0027 [SPSSync:11] Currently Processing record: 111
2016-04-24.21:18:34.0027 [SPSSync:11] Currently Processing record: 112
2016-04-24.21:18:34.0043 [SPSSync:11] Currently Processing record: 113
2016-04-24.21:18:34.0043 [SPSSync:11] Currently Processing record: 114
2016-04-24.21:18:34.0064 [SPSSync:11] Currently Processing record: 115
2016-04-24.21:18:34.0079 [SPSSync:11] Currently Processing record: 116
2016-04-24.21:18:34.0079 [SPSSync:11] Currently Processing record: 117
2016-04-24.21:18:34.0095 [SPSSync:11] Registered Name Changed from Amberslade Dancing Brooke CDex to Amberslade Dancing Brooke Cdex for Reg No.: AG02538607
2016-04-24.21:18:34.0095 [SPSSync:11] Currently Processing record: 118
2016-04-24.21:18:34.0095 [SPSSync:11] Currently Processing record: 119
2016-04-24.21:18:34.0095 [SPSSync:11] Currently Processing record: 120
2016-04-24.21:18:34.0111 [SPSSync:11] Currently Processing record: 121
2016-04-24.21:18:34.0111 [SPSSync:11] Currently Processing record: 122
2016-04-24.21:18:34.0126 [SPSSync:11] Currently Processing record: 123
2016-04-24.21:18:34.0126 [SPSSync:11] Currently Processing record: 124
2016-04-24.21:18:34.0126 [SPSSync:11] Currently Processing record: 125
2016-04-24.21:18:34.0142 [SPSSync:11] Currently Processing record: 126
2016-04-24.21:18:34.0142 [SPSSync:11] Currently Processing record: 127
2016-04-24.21:18:34.0164 [SPSSync:11] Currently Processing record: 128
2016-04-24.21:18:34.0164 [SPSSync:11] Currently Processing record: 129
2016-04-24.21:18:34.0179 [SPSSync:11] Currently Processing record: 130
2016-04-24.21:18:34.0179 [SPSSync:11] Currently Processing record: 131
2016-04-24.21:18:34.0179 [SPSSync:11] Currently Processing record: 132
2016-04-24.21:18:34.0179 [SPSSync:11] Currently Processing record: 133
2016-04-24.21:18:34.0179 [SPSSync:11] Currently Processing record: 134
2016-04-24.21:18:34.0195 [SPSSync:11] Currently Processing record: 135
2016-04-24.21:18:34.0195 [SPSSync:11] Registered Name Changed from Cytas Aiming For The Top to CYTAS AIMING FOR THE TOP for Reg No.: AP03359505
2016-04-24.21:18:34.0195 [SPSSync:11] Currently Processing record: 136
2016-04-24.21:18:34.0211 [SPSSync:11] Currently Processing record: 137
2016-04-24.21:18:34.0211 [SPSSync:11] Registered Name Changed from Aculsia Against The World Nov Ex to Aculsia Against The World Nov Ex. for Reg No.: AP02213105
2016-04-24.21:18:34.0211 [SPSSync:11] Currently Processing record: 138
2016-04-24.21:18:34.0211 [SPSSync:11] Registered Name Changed from Stillmoor Lunar Mist B Ex to Stillmoor Lunar Mist B Ex. for Reg No.: AJ01090904
2016-04-24.21:18:34.0211 [SPSSync:11] Currently Processing record: 139
2016-04-24.21:18:34.0226 [SPSSync:11] Currently Processing record: 140
2016-04-24.21:18:34.0226 [SPSSync:11] Currently Processing record: 141
2016-04-24.21:18:34.0242 [SPSSync:11] Currently Processing record: 142
2016-04-24.21:18:34.0242 [SPSSync:11] Currently Processing record: 143
2016-04-24.21:18:34.0264 [SPSSync:11] Currently Processing record: 144
2016-04-24.21:18:34.0264 [SPSSync:11] Currently Processing record: 145
2016-04-24.21:18:34.0264 [SPSSync:11] Currently Processing record: 146
2016-04-24.21:18:34.0264 [SPSSync:11] Currently Processing record: 147
2016-04-24.21:18:34.0279 [SPSSync:11] Currently Processing record: 148
2016-04-24.21:18:34.0279 [SPSSync:11] Currently Processing record: 149
2016-04-24.21:18:34.0295 [SPSSync:11] Currently Processing record: 150
2016-04-24.21:18:34.0295 [SPSSync:11] Registered Name Changed from Forevermagic Xrated OW C Ex to OB CH Forevermagic Xrated OW Cex for Reg No.: K122668
2016-04-24.21:18:34.0295 [SPSSync:11] Currently Processing record: 151
2016-04-24.21:18:34.0295 [SPSSync:11] Registered Name Changed from Itsjaros D'zigner OW to Itsjaros D'zigner OW Cex for Reg No.: K133777
2016-04-24.21:18:34.0311 [SPSSync:11] Currently Processing record: 152
2016-04-24.21:18:34.0311 [SPSSync:11] Currently Processing record: 153
2016-04-24.21:18:34.0326 [SPSSync:11] Currently Processing record: 154
2016-04-24.21:18:34.0326 [SPSSync:11] Registered Name Changed from Itjaros No Doubt to Itsjaros No Doubt for Reg No.: K142608
2016-04-24.21:18:34.0326 [SPSSync:11] Currently Processing record: 155
2016-04-24.21:18:34.0326 [SPSSync:11] Currently Processing record: 156
2016-04-24.21:18:34.0342 [SPSSync:11] Currently Processing record: 157
2016-04-24.21:18:34.0342 [SPSSync:11] Currently Processing record: 158
2016-04-24.21:18:34.0342 [SPSSync:11] Registered Name Changed from Rooqui's Hookline Ansinka to Rooqui’S HOOKLINE ANSINKA (ISDS 324037) for Reg No.: AQ00461906
2016-04-24.21:18:34.0342 [SPSSync:11] Currently Processing record: 159
2016-04-24.21:18:34.0342 [SPSSync:11] Currently Processing record: 160
2016-04-24.21:18:34.0342 [SPSSync:11] Currently Processing record: 161
2016-04-24.21:18:34.0364 [SPSSync:11] Currently Processing record: 162
2016-04-24.21:18:34.0364 [SPSSync:11] Currently Processing record: 163
2016-04-24.21:18:34.0380 [SPSSync:11] Registered Name Changed from Kingsfarm Millers Lad (Am2) to Kingsfarm Millers Lad (AM2) for Reg No.: AM01444103
2016-04-24.21:18:34.0395 [SPSSync:11] Currently Processing record: 164
2016-04-24.21:18:34.0395 [SPSSync:11] Currently Processing record: 165
2016-04-24.21:18:34.0411 [SPSSync:11] Currently Processing record: 166
2016-04-24.21:18:34.0427 [SPSSync:11] Currently Processing record: 167
2016-04-24.21:18:34.0427 [SPSSync:11] Currently Processing record: 168
2016-04-24.21:18:34.0427 [SPSSync:11] Currently Processing record: 169
2016-04-24.21:18:34.0427 [SPSSync:11] Currently Processing record: 170
2016-04-24.21:18:34.0427 [SPSSync:11] Currently Processing record: 171
2016-04-24.21:18:34.0427 [SPSSync:11] Currently Processing record: 172
2016-04-24.21:18:34.0427 [SPSSync:11] Currently Processing record: 173
2016-04-24.21:18:34.0442 [SPSSync:11] Currently Processing record: 174
2016-04-24.21:18:34.0442 [SPSSync:11] Currently Processing record: 175
2016-04-24.21:18:34.0460 [SPSSync:11] Currently Processing record: 176
2016-04-24.21:18:34.0469 [SPSSync:11] Currently Processing record: 177
2016-04-24.21:18:34.0478 [SPSSync:11] Currently Processing record: 178
2016-04-24.21:18:34.0486 [SPSSync:11] Currently Processing record: 179
2016-04-24.21:18:34.0492 [SPSSync:11] Currently Processing record: 180
2016-04-24.21:18:34.0493 [SPSSync:11] Currently Processing record: 181
2016-04-24.21:18:34.0493 [SPSSync:11] Currently Processing record: 182
2016-04-24.21:18:34.0498 [SPSSync:11] Currently Processing record: 183
2016-04-24.21:18:34.0498 [SPSSync:11] Currently Processing record: 184
2016-04-24.21:18:34.0498 [SPSSync:11] Currently Processing record: 185
2016-04-24.21:18:34.0514 [SPSSync:11] Currently Processing record: 186
2016-04-24.21:18:34.0514 [SPSSync:11] Currently Processing record: 187
2016-04-24.21:18:34.0529 [SPSSync:11] Currently Processing record: 188
2016-04-24.21:18:34.0529 [SPSSync:11] Currently Processing record: 189
2016-04-24.21:18:34.0529 [SPSSync:11] Registered Name Changed from Zanyway Billie Jean to ZANYWAY BILLIE JEAN for Reg No.: ALO3072903
2016-04-24.21:18:34.0545 [SPSSync:11] Currently Processing record: 190
2016-04-24.21:18:34.0545 [SPSSync:11] Currently Processing record: 191
2016-04-24.21:18:34.0545 [SPSSync:11] Currently Processing record: 192
2016-04-24.21:18:34.0698 [SPSSync:11] Currently Processing record: 193
2016-04-24.21:18:34.0865 [SPSSync:11] Currently Processing record: 194
2016-04-24.21:18:34.0911 [SPSSync:11] Currently Processing record: 195
2016-04-24.21:18:34.0927 [SPSSync:11] Currently Processing record: 196
2016-04-24.21:18:34.0927 [SPSSync:11] Currently Processing record: 197
2016-04-24.21:18:34.0927 [SPSSync:11] Currently Processing record: 198
2016-04-24.21:18:34.0927 [SPSSync:11] Currently Processing record: 199
2016-04-24.21:18:34.0927 [SPSSync:11] Currently Processing record: 200
2016-04-24.21:18:34.0927 [SPSSync:11] Currently Processing record: 201
2016-04-24.21:18:34.0927 [SPSSync:11] Currently Processing record: 202
2016-04-24.21:18:34.0943 [SPSSync:11] Currently Processing record: 203
2016-04-24.21:18:34.0943 [SPSSync:11] Currently Processing record: 204
2016-04-24.21:18:34.0943 [SPSSync:11] Currently Processing record: 205
2016-04-24.21:18:34.0943 [SPSSync:11] Registered Name Changed from Bartonview Expresso to BARTONVIEW EXPRESSO for Reg No.: AJ00688403
2016-04-24.21:18:34.0962 [SPSSync:11] Currently Processing record: 206
2016-04-24.21:18:34.0969 [SPSSync:11] Currently Processing record: 207
2016-04-24.21:18:34.0969 [SPSSync:11] Currently Processing record: 208
2016-04-24.21:18:34.0969 [SPSSync:11] Currently Processing record: 209
2016-04-24.21:18:34.0969 [SPSSync:11] Currently Processing record: 210
2016-04-24.21:18:34.0972 [SPSSync:11] Registered Name Changed from Ob Ch Gwynfair Classical Gas to Obch Gwynfair Classical Gas for Reg No.: K116805
2016-04-24.21:18:34.0977 [SPSSync:11] Currently Processing record: 211
2016-04-24.21:18:34.0984 [SPSSync:11] Currently Processing record: 212
2016-04-24.21:18:34.0993 [SPSSync:11] Currently Processing record: 213
2016-04-24.21:18:34.0998 [SPSSync:11] Currently Processing record: 214
2016-04-24.21:18:34.0998 [SPSSync:11] Currently Processing record: 215
2016-04-24.21:18:35.0014 [SPSSync:11] Currently Processing record: 216
2016-04-24.21:18:35.0014 [SPSSync:11] Currently Processing record: 217
2016-04-24.21:18:35.0029 [SPSSync:11] Currently Processing record: 218
2016-04-24.21:18:35.0029 [SPSSync:11] Currently Processing record: 219
2016-04-24.21:18:35.0029 [SPSSync:11] Currently Processing record: 220
2016-04-24.21:18:35.0045 [SPSSync:11] Currently Processing record: 221
2016-04-24.21:18:35.0045 [SPSSync:11] Currently Processing record: 222
2016-04-24.21:18:35.0045 [SPSSync:11] Currently Processing record: 223
2016-04-24.21:18:35.0064 [SPSSync:11] Currently Processing record: 224
2016-04-24.21:18:35.0064 [SPSSync:11] Currently Processing record: 225
2016-04-24.21:18:35.0080 [SPSSync:11] Currently Processing record: 226
2016-04-24.21:18:35.0080 [SPSSync:11] Currently Processing record: 227
2016-04-24.21:18:35.0096 [SPSSync:11] Currently Processing record: 228
2016-04-24.21:18:35.0096 [SPSSync:11] Currently Processing record: 229
2016-04-24.21:18:35.0111 [SPSSync:11] Currently Processing record: 230
2016-04-24.21:18:35.0111 [SPSSync:11] Currently Processing record: 231
2016-04-24.21:18:35.0111 [SPSSync:11] Currently Processing record: 232
2016-04-24.21:18:35.0111 [SPSSync:11] Currently Processing record: 233
2016-04-24.21:18:35.0127 [SPSSync:11] Currently Processing record: 234
2016-04-24.21:18:35.0127 [SPSSync:11] Date of Birth Changed from 13/04/2003 00:00:00 to 01/01/0001 00:00:00 for Reg No.: AH01927902
2016-04-24.21:18:35.0127 [SPSSync:11] Year of Birth Changed from 2003 to 0 for Reg No.: AH01927902
2016-04-24.21:18:35.0127 [SPSSync:11] Currently Processing record: 235
2016-04-24.21:18:35.0142 [SPSSync:11] Date of Birth Changed from 01/01/2000 00:00:00 to 01/01/0001 00:00:00 for Reg No.: AH01927902
2016-04-24.21:18:35.0142 [SPSSync:11] Currently Processing record: 236
2016-04-24.21:18:35.0142 [SPSSync:11] Currently Processing record: 237
2016-04-24.21:18:35.0161 [SPSSync:11] Currently Processing record: 238
2016-04-24.21:18:35.0164 [SPSSync:11] Currently Processing record: 239
2016-04-24.21:18:35.0164 [SPSSync:11] Currently Processing record: 240
2016-04-24.21:18:35.0164 [SPSSync:11] Currently Processing record: 241
2016-04-24.21:18:35.0164 [SPSSync:11] Currently Processing record: 242
2016-04-24.21:18:35.0164 [SPSSync:11] Currently Processing record: 243
2016-04-24.21:18:35.0180 [SPSSync:11] Currently Processing record: 244
2016-04-24.21:18:35.0180 [SPSSync:11] Currently Processing record: 245
2016-04-24.21:18:35.0180 [SPSSync:11] Currently Processing record: 246
2016-04-24.21:18:35.0196 [SPSSync:11] Currently Processing record: 247
2016-04-24.21:18:35.0196 [SPSSync:11] Currently Processing record: 248
2016-04-24.21:18:35.0211 [SPSSync:11] Currently Processing record: 249
2016-04-24.21:18:35.0211 [SPSSync:11] Currently Processing record: 250
2016-04-24.21:18:35.0227 [SPSSync:11] Currently Processing record: 251
2016-04-24.21:18:35.0227 [SPSSync:11] Currently Processing record: 252
2016-04-24.21:18:35.0243 [SPSSync:11] Currently Processing record: 253
2016-04-24.21:18:35.0243 [SPSSync:11] Currently Processing record: 254
2016-04-24.21:18:35.0261 [SPSSync:11] Currently Processing record: 255
2016-04-24.21:18:35.0265 [SPSSync:11] Currently Processing record: 256
2016-04-24.21:18:35.0265 [SPSSync:11] Currently Processing record: 257
2016-04-24.21:18:35.0265 [SPSSync:11] Currently Processing record: 258
2016-04-24.21:18:35.0265 [SPSSync:11] Currently Processing record: 259
2016-04-24.21:18:35.0280 [SPSSync:11] Currently Processing record: 260
2016-04-24.21:18:35.0280 [SPSSync:11] Currently Processing record: 261
2016-04-24.21:18:35.0296 [SPSSync:11] Currently Processing record: 262
2016-04-24.21:18:35.0296 [SPSSync:11] Registered Name Changed from Enchanted Blue Majic to Abfab So Cheeky for Reg No.: NAF
2016-04-24.21:18:35.0296 [SPSSync:11] Date of Birth Changed from 05/02/2009 00:00:00 to 06/01/2006 00:00:00 for Reg No.: NAF
2016-04-24.21:18:35.0296 [SPSSync:11] Year of Birth Changed from 2009 to 2006 for Reg No.: NAF
2016-04-24.21:18:35.0296 [SPSSync:11] Currently Processing record: 263
2016-04-24.21:18:35.0296 [SPSSync:11] Currently Processing record: 264
2016-04-24.21:18:35.0312 [SPSSync:11] Currently Processing record: 265
2016-04-24.21:18:35.0327 [SPSSync:11] Currently Processing record: 266
2016-04-24.21:18:35.0343 [SPSSync:11] Currently Processing record: 267
2016-04-24.21:18:35.0365 [SPSSync:11] Currently Processing record: 268
2016-04-24.21:18:35.0365 [SPSSync:11] Currently Processing record: 269
2016-04-24.21:18:35.0365 [SPSSync:11] Currently Processing record: 270
2016-04-24.21:18:35.0365 [SPSSync:11] Currently Processing record: 271
2016-04-24.21:18:35.0380 [SPSSync:11] Currently Processing record: 272
2016-04-24.21:18:35.0380 [SPSSync:11] Currently Processing record: 273
2016-04-24.21:18:35.0396 [SPSSync:11] Currently Processing record: 274
2016-04-24.21:18:35.0396 [SPSSync:11] Currently Processing record: 275
2016-04-24.21:18:35.0396 [SPSSync:11] Currently Processing record: 276
2016-04-24.21:18:35.0396 [SPSSync:11] Currently Processing record: 277
2016-04-24.21:18:35.0412 [SPSSync:11] Currently Processing record: 278
2016-04-24.21:18:35.0412 [SPSSync:11] Currently Processing record: 279
2016-04-24.21:18:35.0412 [SPSSync:11] Currently Processing record: 280
2016-04-24.21:18:35.0427 [SPSSync:11] Currently Processing record: 281
2016-04-24.21:18:35.0427 [SPSSync:11] Currently Processing record: 282
2016-04-24.21:18:35.0443 [SPSSync:11] Currently Processing record: 283
2016-04-24.21:18:35.0443 [SPSSync:11] Registered Name Changed from Coppers Blue Heeler Nov Ex to Coppers Blue Heeler   NOV.EX. for Reg No.: K127549
2016-04-24.21:18:35.0443 [SPSSync:11] Currently Processing record: 284
2016-04-24.21:18:35.0459 [SPSSync:11] Currently Processing record: 285
2016-04-24.21:18:35.0467 [SPSSync:11] Currently Processing record: 286
2016-04-24.21:18:35.0474 [SPSSync:11] Currently Processing record: 287
2016-04-24.21:18:35.0482 [SPSSync:11] Currently Processing record: 288
2016-04-24.21:18:35.0489 [SPSSync:11] Currently Processing record: 289
2016-04-24.21:18:35.0489 [SPSSync:11] Currently Processing record: 290
2016-04-24.21:18:35.0489 [SPSSync:11] Currently Processing record: 291
2016-04-24.21:18:35.0498 [SPSSync:11] Currently Processing record: 292
2016-04-24.21:18:35.0498 [SPSSync:11] Currently Processing record: 293
2016-04-24.21:18:35.0514 [SPSSync:11] Date of Birth Changed from 01/01/2000 00:00:00 to 29/12/2009 00:00:00 for Reg No.: AQ00146706
2016-04-24.21:18:35.0514 [SPSSync:11] Year of Birth Changed from 0 to 2009 for Reg No.: AQ00146706
2016-04-24.21:18:35.0514 [SPSSync:11] Currently Processing record: 294
2016-04-24.21:18:35.0529 [SPSSync:11] Currently Processing record: 295
2016-04-24.21:18:35.0545 [SPSSync:11] Date of Birth Changed from 01/01/2000 00:00:00 to 15/11/2004 00:00:00 for Reg No.: AH527731
2016-04-24.21:18:35.0545 [SPSSync:11] Year of Birth Changed from 0 to 2004 for Reg No.: AH527731
2016-04-24.21:18:35.0545 [SPSSync:11] Currently Processing record: 296
2016-04-24.21:18:35.0565 [SPSSync:11] Currently Processing record: 297
2016-04-24.21:18:35.0565 [SPSSync:11] Currently Processing record: 298
2016-04-24.21:18:35.0580 [SPSSync:11] Currently Processing record: 299
2016-04-24.21:18:35.0580 [SPSSync:11] Currently Processing record: 300
2016-04-24.21:18:35.0598 [SPSSync:11] Currently Processing record: 301
2016-04-24.21:18:35.0598 [SPSSync:11] Currently Processing record: 302
2016-04-24.21:18:35.0614 [SPSSync:11] Currently Processing record: 303
2016-04-24.21:18:35.0614 [SPSSync:11] Currently Processing record: 304
2016-04-24.21:18:35.0630 [SPSSync:11] Currently Processing record: 305
2016-04-24.21:18:35.0630 [SPSSync:11] Currently Processing record: 306
2016-04-24.21:18:35.0630 [SPSSync:11] Currently Processing record: 307
2016-04-24.21:18:35.0645 [SPSSync:11] Currently Processing record: 308
2016-04-24.21:18:35.0645 [SPSSync:11] Currently Processing record: 309
2016-04-24.21:18:35.0665 [SPSSync:11] Currently Processing record: 310
2016-04-24.21:18:35.0665 [SPSSync:11] Currently Processing record: 311
2016-04-24.21:18:35.0680 [SPSSync:11] Currently Processing record: 312
2016-04-24.21:18:35.0680 [SPSSync:11] Currently Processing record: 313
2016-04-24.21:18:35.0696 [SPSSync:11] Currently Processing record: 314
2016-04-24.21:18:35.0696 [SPSSync:11] Currently Processing record: 315
2016-04-24.21:18:35.0712 [SPSSync:11] Currently Processing record: 316
2016-04-24.21:18:35.0712 [SPSSync:11] Currently Processing record: 317
2016-04-24.21:18:35.0712 [SPSSync:11] Currently Processing record: 318
2016-04-24.21:18:35.0712 [SPSSync:11] Currently Processing record: 319
2016-04-24.21:18:35.0727 [SPSSync:11] Currently Processing record: 320
2016-04-24.21:18:35.0743 [SPSSync:11] Currently Processing record: 321
2016-04-24.21:18:35.0764 [SPSSync:11] Currently Processing record: 322
2016-04-24.21:18:35.0780 [SPSSync:11] Currently Processing record: 323
2016-04-24.21:18:35.0796 [SPSSync:11] Currently Processing record: 324
2016-04-24.21:18:35.0796 [SPSSync:11] Currently Processing record: 325
2016-04-24.21:18:35.0812 [SPSSync:11] Currently Processing record: 326
2016-04-24.21:18:35.0812 [SPSSync:11] Currently Processing record: 327
2016-04-24.21:18:35.0812 [SPSSync:11] Currently Processing record: 328
2016-04-24.21:18:35.0812 [SPSSync:11] Currently Processing record: 329
2016-04-24.21:18:35.0827 [SPSSync:11] Currently Processing record: 330
2016-04-24.21:18:35.0827 [SPSSync:11] Registered Name Changed from Dellekko Rockafella Cdx to Dellekko Rockafella CDX for Reg No.: AG04079607
2016-04-24.21:18:35.0827 [SPSSync:11] Currently Processing record: 331
2016-04-24.21:18:35.0843 [SPSSync:11] Currently Processing record: 332
2016-04-24.21:18:35.0843 [SPSSync:11] Currently Processing record: 333
2016-04-24.21:18:35.0860 [SPSSync:11] Currently Processing record: 334
2016-04-24.21:18:35.0860 [SPSSync:11] Currently Processing record: 335
2016-04-24.21:18:35.0865 [SPSSync:11] Currently Processing record: 336
2016-04-24.21:18:35.0896 [SPSSync:11] Currently Processing record: 337
2016-04-24.21:18:35.0896 [SPSSync:11] Currently Processing record: 338
2016-04-24.21:18:35.0912 [SPSSync:11] Currently Processing record: 339
2016-04-24.21:18:35.0928 [SPSSync:11] Currently Processing record: 340
2016-04-24.21:18:35.0943 [SPSSync:11] Currently Processing record: 341
2016-04-24.21:18:35.0943 [SPSSync:11] Currently Processing record: 342
2016-04-24.21:18:35.0943 [SPSSync:11] Currently Processing record: 343
2016-04-24.21:18:35.0961 [SPSSync:11] Currently Processing record: 344
2016-04-24.21:18:35.0969 [SPSSync:11] Currently Processing record: 345
2016-04-24.21:18:35.0975 [SPSSync:11] Currently Processing record: 346
2016-04-24.21:18:35.0984 [SPSSync:11] Currently Processing record: 347
2016-04-24.21:18:35.0992 [SPSSync:11] Currently Processing record: 348
2016-04-24.21:18:35.0998 [SPSSync:11] Currently Processing record: 349
2016-04-24.21:18:35.0998 [SPSSync:11] Currently Processing record: 350
2016-04-24.21:18:35.0998 [SPSSync:11] Currently Processing record: 351
2016-04-24.21:18:36.0014 [SPSSync:11] Currently Processing record: 352
2016-04-24.21:18:36.0014 [SPSSync:11] Currently Processing record: 353
2016-04-24.21:18:36.0014 [SPSSync:11] Currently Processing record: 354
2016-04-24.21:18:36.0029 [SPSSync:11] Currently Processing record: 355
2016-04-24.21:18:36.0029 [SPSSync:11] Currently Processing record: 356
2016-04-24.21:18:36.0045 [SPSSync:11] Currently Processing record: 357
2016-04-24.21:18:36.0045 [SPSSync:11] Currently Processing record: 358
2016-04-24.21:18:36.0045 [SPSSync:11] Currently Processing record: 359
2016-04-24.21:18:36.0064 [SPSSync:11] Currently Processing record: 360
2016-04-24.21:18:36.0065 [SPSSync:11] Currently Processing record: 361
2016-04-24.21:18:36.0065 [SPSSync:11] Currently Processing record: 362
2016-04-24.21:18:36.0065 [SPSSync:11] Currently Processing record: 363
2016-04-24.21:18:36.0065 [SPSSync:11] Currently Processing record: 364
2016-04-24.21:18:36.0080 [SPSSync:11] Currently Processing record: 365
2016-04-24.21:18:36.0080 [SPSSync:11] Currently Processing record: 366
2016-04-24.21:18:36.0098 [SPSSync:11] Currently Processing record: 367
2016-04-24.21:18:36.0098 [SPSSync:11] Currently Processing record: 368
2016-04-24.21:18:36.0098 [SPSSync:11] Registered Name Changed from Independent Spirit's Kentucky to Independent Spirit's Grace for Reg No.: SEE BELOW
2016-04-24.21:18:36.0098 [SPSSync:11] Date of Birth Changed from 04/05/2009 00:00:00 to 08/06/2007 00:00:00 for Reg No.: SEE BELOW
2016-04-24.21:18:36.0098 [SPSSync:11] Year of Birth Changed from 2009 to 2007 for Reg No.: SEE BELOW
2016-04-24.21:18:36.0114 [SPSSync:11] Currently Processing record: 369
2016-04-24.21:18:36.0114 [SPSSync:11] Currently Processing record: 370
2016-04-24.21:18:36.0129 [SPSSync:11] Currently Processing record: 371
2016-04-24.21:18:36.0129 [SPSSync:11] Currently Processing record: 372
2016-04-24.21:18:36.0129 [SPSSync:11] Currently Processing record: 373
2016-04-24.21:18:36.0129 [SPSSync:11] Currently Processing record: 374
2016-04-24.21:18:36.0129 [SPSSync:11] Currently Processing record: 375
2016-04-24.21:18:36.0145 [SPSSync:11] Currently Processing record: 376
2016-04-24.21:18:36.0145 [SPSSync:11] Registered Name Changed from Beckim Just My Boy Nov Ex to Beckim Just My Boy Novice Ex for Reg No.: K136869
2016-04-24.21:18:36.0145 [SPSSync:11] Currently Processing record: 377
2016-04-24.21:18:36.0165 [SPSSync:11] Currently Processing record: 378
2016-04-24.21:18:36.0165 [SPSSync:11] Registered Name Changed from Rethymni Zeus Nov Ex to Rethymni Zeus Nov. Ex. for Reg No.: K118750
2016-04-24.21:18:36.0165 [SPSSync:11] Currently Processing record: 379
2016-04-24.21:18:36.0181 [SPSSync:11] Currently Processing record: 380
2016-04-24.21:18:36.0181 [SPSSync:11] Currently Processing record: 381
2016-04-24.21:18:36.0198 [SPSSync:11] Currently Processing record: 382
2016-04-24.21:18:36.0198 [SPSSync:11] Currently Processing record: 383
2016-04-24.21:18:36.0198 [SPSSync:11] Currently Processing record: 384
2016-04-24.21:18:36.0198 [SPSSync:11] Currently Processing record: 385
2016-04-24.21:18:36.0198 [SPSSync:11] Currently Processing record: 386
2016-04-24.21:18:36.0198 [SPSSync:11] Registered Name Changed from Longhalves On A Rhythm to Obch Longhalves On A Rhythm for Reg No.: K133762
2016-04-24.21:18:36.0214 [SPSSync:11] Currently Processing record: 387
2016-04-24.21:18:36.0214 [SPSSync:11] Currently Processing record: 388
2016-04-24.21:18:36.0214 [SPSSync:11] Currently Processing record: 389
2016-04-24.21:18:36.0230 [SPSSync:11] Currently Processing record: 390
2016-04-24.21:18:36.0230 [SPSSync:11] Currently Processing record: 391
2016-04-24.21:18:36.0245 [SPSSync:11] Currently Processing record: 392
2016-04-24.21:18:36.0245 [SPSSync:11] Currently Processing record: 393
2016-04-24.21:18:36.0265 [SPSSync:11] Currently Processing record: 394
2016-04-24.21:18:36.0273 [SPSSync:11] Currently Processing record: 395
2016-04-24.21:18:36.0276 [SPSSync:11] Date of Birth Changed from 23/08/2006 00:00:00 to 01/01/0001 00:00:00 for Reg No.: K138884
2016-04-24.21:18:36.0276 [SPSSync:11] Year of Birth Changed from 2006 to 0 for Reg No.: K138884
2016-04-24.21:18:36.0281 [SPSSync:11] Currently Processing record: 396
2016-04-24.21:18:36.0284 [SPSSync:11] Date of Birth Changed from 01/01/2000 00:00:00 to 01/01/0001 00:00:00 for Reg No.: K138884
2016-04-24.21:18:36.0289 [SPSSync:11] Currently Processing record: 397
2016-04-24.21:18:36.0297 [SPSSync:11] Currently Processing record: 398
2016-04-24.21:18:36.0308 [SPSSync:11] Currently Processing record: 399
2016-04-24.21:18:36.0319 [SPSSync:11] Currently Processing record: 400
2016-04-24.21:18:36.0325 [SPSSync:11] Currently Processing record: 401
2016-04-24.21:18:36.0332 [SPSSync:11] Currently Processing record: 402
2016-04-24.21:18:36.0338 [SPSSync:11] Currently Processing record: 403
2016-04-24.21:18:36.0345 [SPSSync:11] Currently Processing record: 404
2016-04-24.21:18:36.0347 [SPSSync:11] Currently Processing record: 405
2016-04-24.21:18:36.0347 [SPSSync:11] Currently Processing record: 406
2016-04-24.21:18:36.0365 [SPSSync:11] Currently Processing record: 407
2016-04-24.21:18:36.0365 [SPSSync:11] Currently Processing record: 408
2016-04-24.21:18:36.0365 [SPSSync:11] Currently Processing record: 409
2016-04-24.21:18:36.0381 [SPSSync:11] Registered Name Changed from Joevaness Wych Solar Wind A Ex to Joevaness Wych Solar Wind A Ex. for Reg No.: AM03059401
2016-04-24.21:18:36.0381 [SPSSync:11] Currently Processing record: 410
2016-04-24.21:18:36.0381 [SPSSync:11] Registered Name Changed from Joevaness Wych Rapid Racer Nov Ex to Joevaness Wych Rapid Racer Nov. Ex for Reg No.: AJ04935107
2016-04-24.21:18:36.0381 [SPSSync:11] Currently Processing record: 411
2016-04-24.21:18:36.0381 [SPSSync:11] Currently Processing record: 412
2016-04-24.21:18:36.0381 [SPSSync:11] Currently Processing record: 413
2016-04-24.21:18:36.0398 [SPSSync:11] Registered Name Changed from Fourier Cornus Favorite (Al4) to FOURIER CORNUS FAVORITE (AL4) for Reg No.: AL04517308
2016-04-24.21:18:36.0398 [SPSSync:11] Currently Processing record: 414
2016-04-24.21:18:36.0398 [SPSSync:11] Currently Processing record: 415
2016-04-24.21:18:36.0414 [SPSSync:11] Currently Processing record: 416
2016-04-24.21:18:36.0414 [SPSSync:11] Currently Processing record: 417
2016-04-24.21:18:36.0429 [SPSSync:11] Currently Processing record: 418
2016-04-24.21:18:36.0429 [SPSSync:11] Currently Processing record: 419
2016-04-24.21:18:36.0445 [SPSSync:11] Currently Processing record: 420
2016-04-24.21:18:36.0445 [SPSSync:11] Currently Processing record: 421
2016-04-24.21:18:36.0461 [SPSSync:11] Currently Processing record: 422
2016-04-24.21:18:36.0462 [SPSSync:11] Currently Processing record: 423
2016-04-24.21:18:36.0471 [SPSSync:11] Currently Processing record: 424
2016-04-24.21:18:36.0478 [SPSSync:11] Currently Processing record: 425
2016-04-24.21:18:36.0478 [SPSSync:11] Currently Processing record: 426
2016-04-24.21:18:36.0485 [SPSSync:11] Currently Processing record: 427
2016-04-24.21:18:36.0492 [SPSSync:11] Currently Processing record: 428
2016-04-24.21:18:36.0498 [SPSSync:11] Currently Processing record: 429
2016-04-24.21:18:36.0498 [SPSSync:11] Currently Processing record: 430
2016-04-24.21:18:36.0498 [SPSSync:11] Registered Name Changed from Sixela Over The Border to Sixela Over The Border OW for Reg No.: ALO3383207
2016-04-24.21:18:36.0498 [SPSSync:11] Currently Processing record: 431
2016-04-24.21:18:36.0514 [SPSSync:11] Currently Processing record: 432
2016-04-24.21:18:36.0514 [SPSSync:11] Currently Processing record: 433
2016-04-24.21:18:36.0514 [SPSSync:11] Currently Processing record: 434
2016-04-24.21:18:36.0530 [SPSSync:11] Currently Processing record: 435
2016-04-24.21:18:36.0530 [SPSSync:11] Currently Processing record: 436
2016-04-24.21:18:36.0545 [SPSSync:11] Currently Processing record: 437
2016-04-24.21:18:36.0598 [SPSSync:11] Currently Processing record: 438
2016-04-24.21:18:36.0614 [SPSSync:11] Currently Processing record: 439
2016-04-24.21:18:36.0614 [SPSSync:11] Date of Birth Changed from 05/11/2010 00:00:00 to 05/11/2009 00:00:00 for Reg No.: K149684
2016-04-24.21:18:36.0614 [SPSSync:11] Year of Birth Changed from 2010 to 2009 for Reg No.: K149684
2016-04-24.21:18:36.0630 [SPSSync:11] Currently Processing record: 440
2016-04-24.21:18:36.0630 [SPSSync:11] Currently Processing record: 441
2016-04-24.21:18:36.0645 [SPSSync:11] Currently Processing record: 442
2016-04-24.21:18:36.0645 [SPSSync:11] Currently Processing record: 443
2016-04-24.21:18:36.0665 [SPSSync:11] Currently Processing record: 444
2016-04-24.21:18:36.0665 [SPSSync:11] Currently Processing record: 445
2016-04-24.21:18:36.0681 [SPSSync:11] Currently Processing record: 446
2016-04-24.21:18:36.0681 [SPSSync:11] Currently Processing record: 447
2016-04-24.21:18:36.0681 [SPSSync:11] Currently Processing record: 448
2016-04-24.21:18:36.0698 [SPSSync:11] Currently Processing record: 449
2016-04-24.21:18:36.0698 [SPSSync:11] Currently Processing record: 450
2016-04-24.21:18:36.0730 [SPSSync:11] Currently Processing record: 451
2016-04-24.21:18:36.0730 [SPSSync:11] Currently Processing record: 452
2016-04-24.21:18:36.0730 [SPSSync:11] Currently Processing record: 453
2016-04-24.21:18:36.0730 [SPSSync:11] Currently Processing record: 454
2016-04-24.21:18:36.0745 [SPSSync:11] Currently Processing record: 455
2016-04-24.21:18:36.0745 [SPSSync:11] Currently Processing record: 456
2016-04-24.21:18:36.0764 [SPSSync:11] Currently Processing record: 457
2016-04-24.21:18:36.0764 [SPSSync:11] Currently Processing record: 458
2016-04-24.21:18:36.0764 [SPSSync:11] Currently Processing record: 459
2016-04-24.21:18:36.0764 [SPSSync:11] Currently Processing record: 460
2016-04-24.21:18:36.0766 [SPSSync:11] Currently Processing record: 461
2016-04-24.21:18:36.0766 [SPSSync:11] Currently Processing record: 462
2016-04-24.21:18:36.0766 [SPSSync:11] Currently Processing record: 463
2016-04-24.21:18:36.0781 [SPSSync:11] Currently Processing record: 464
2016-04-24.21:18:36.0781 [SPSSync:11] Currently Processing record: 465
2016-04-24.21:18:36.0798 [SPSSync:11] Currently Processing record: 466
2016-04-24.21:18:36.0798 [SPSSync:11] Currently Processing record: 467
2016-04-24.21:18:36.0798 [SPSSync:11] Currently Processing record: 468
2016-04-24.21:18:36.0814 [SPSSync:11] Currently Processing record: 469
2016-04-24.21:18:36.0829 [SPSSync:11] Currently Processing record: 470
2016-04-24.21:18:36.0845 [SPSSync:11] Currently Processing record: 471
2016-04-24.21:18:36.0866 [SPSSync:11] Currently Processing record: 472
2016-04-24.21:18:36.0898 [SPSSync:11] Currently Processing record: 473
2016-04-24.21:18:36.0898 [SPSSync:11] Currently Processing record: 474
2016-04-24.21:18:36.0898 [SPSSync:11] Currently Processing record: 475
2016-04-24.21:18:36.0898 [SPSSync:11] Registered Name Changed from Abfab So Cheeky to Astra Kanga for Reg No.: NAF
2016-04-24.21:18:36.0898 [SPSSync:11] Date of Birth Changed from 06/01/2006 00:00:00 to 13/10/2010 00:00:00 for Reg No.: NAF
2016-04-24.21:18:36.0898 [SPSSync:11] Year of Birth Changed from 2006 to 2010 for Reg No.: NAF
2016-04-24.21:18:36.0914 [SPSSync:11] Currently Processing record: 476
2016-04-24.21:18:36.0914 [SPSSync:11] Currently Processing record: 477
2016-04-24.21:18:36.0914 [SPSSync:11] Date of Birth Changed from 01/01/2000 00:00:00 to 01/01/0001 00:00:00 for Reg No.: K126398
2016-04-24.21:18:36.0987 [SPSSync:11] Currently Processing record: 478
2016-04-24.21:18:36.0992 [SPSSync:11] Registered Name Changed from Featherstone Flintstone to Featherstone Flintstone OW for Reg No.: K136497
2016-04-24.21:18:36.0992 [SPSSync:11] Date of Birth Changed from 01/01/2000 00:00:00 to 29/05/2006 00:00:00 for Reg No.: K136497
2016-04-24.21:18:36.0992 [SPSSync:11] Year of Birth Changed from 0 to 2006 for Reg No.: K136497
2016-04-24.21:18:37.0130 [SPSSync:11] Currently Processing record: 479
2016-04-24.21:18:37.0145 [SPSSync:11] Currently Processing record: 480
2016-04-24.21:18:37.0145 [SPSSync:11] Currently Processing record: 481
2016-04-24.21:18:37.0145 [SPSSync:11] Currently Processing record: 482
2016-04-24.21:18:37.0145 [SPSSync:11] Currently Processing record: 483
2016-04-24.21:18:37.0145 [SPSSync:11] Currently Processing record: 484
2016-04-24.21:18:37.0145 [SPSSync:11] Currently Processing record: 485
2016-04-24.21:18:37.0145 [SPSSync:11] Currently Processing record: 486
2016-04-24.21:18:37.0145 [SPSSync:11] Currently Processing record: 487
2016-04-24.21:18:37.0166 [SPSSync:11] Currently Processing record: 488
2016-04-24.21:18:37.0182 [SPSSync:11] Currently Processing record: 489
2016-04-24.21:18:37.0198 [SPSSync:11] Currently Processing record: 490
2016-04-24.21:18:37.0198 [SPSSync:11] Currently Processing record: 491
2016-04-24.21:18:37.0198 [SPSSync:11] Currently Processing record: 492
2016-04-24.21:18:37.0230 [SPSSync:11] Currently Processing record: 493
2016-04-24.21:18:37.0245 [SPSSync:11] Currently Processing record: 494
2016-04-24.21:18:37.0266 [SPSSync:11] Currently Processing record: 495
2016-04-24.21:18:37.0266 [SPSSync:11] Currently Processing record: 496
2016-04-24.21:18:37.0282 [SPSSync:11] Currently Processing record: 497
2016-04-24.21:18:37.0282 [SPSSync:11] Currently Processing record: 498
2016-04-24.21:18:37.0298 [SPSSync:11] Currently Processing record: 499
2016-04-24.21:18:37.0298 [SPSSync:11] Currently Processing record: 500
2016-04-24.21:18:37.0314 [SPSSync:11] Currently Processing record: 501
2016-04-24.21:18:37.0314 [SPSSync:11] Currently Processing record: 502
2016-04-24.21:18:37.0329 [SPSSync:11] Currently Processing record: 503
2016-04-24.21:18:37.0329 [SPSSync:11] Currently Processing record: 504
2016-04-24.21:18:37.0329 [SPSSync:11] Currently Processing record: 505
2016-04-24.21:18:37.0345 [SPSSync:11] Currently Processing record: 506
2016-04-24.21:18:37.0345 [SPSSync:11] Currently Processing record: 507
2016-04-24.21:18:37.0364 [SPSSync:11] Currently Processing record: 508
2016-04-24.21:18:37.0366 [SPSSync:11] Currently Processing record: 509
2016-04-24.21:18:37.0366 [SPSSync:11] Currently Processing record: 510
2016-04-24.21:18:37.0382 [SPSSync:11] Currently Processing record: 511
2016-04-24.21:18:37.0382 [SPSSync:11] Currently Processing record: 512
2016-04-24.21:18:37.0398 [SPSSync:11] Currently Processing record: 513
2016-04-24.21:18:37.0398 [SPSSync:11] Currently Processing record: 514
2016-04-24.21:18:37.0414 [SPSSync:11] Currently Processing record: 515
2016-04-24.21:18:37.0414 [SPSSync:11] Currently Processing record: 516
2016-04-24.21:18:37.0429 [SPSSync:11] Currently Processing record: 517
2016-04-24.21:18:37.0429 [SPSSync:11] Currently Processing record: 518
2016-04-24.21:18:37.0445 [SPSSync:11] Currently Processing record: 519
2016-04-24.21:18:37.0445 [SPSSync:11] Currently Processing record: 520
2016-04-24.21:18:37.0462 [SPSSync:11] Currently Processing record: 521
2016-04-24.21:18:37.0471 [SPSSync:11] Currently Processing record: 522
2016-04-24.21:18:37.0478 [SPSSync:11] Currently Processing record: 523
2016-04-24.21:18:37.0487 [SPSSync:11] Currently Processing record: 524
2016-04-24.21:18:37.0494 [SPSSync:11] Currently Processing record: 525
2016-04-24.21:18:37.0494 [SPSSync:11] Currently Processing record: 526
2016-04-24.21:18:37.0498 [SPSSync:11] Currently Processing record: 527
2016-04-24.21:18:37.0498 [SPSSync:11] Currently Processing record: 528
2016-04-24.21:18:37.0514 [SPSSync:11] Currently Processing record: 529
2016-04-24.21:18:37.0514 [SPSSync:11] Currently Processing record: 530
2016-04-24.21:18:37.0530 [SPSSync:11] Currently Processing record: 531
2016-04-24.21:18:37.0530 [SPSSync:11] Currently Processing record: 532
2016-04-24.21:18:37.0530 [SPSSync:11] Currently Processing record: 533
2016-04-24.21:18:37.0545 [SPSSync:11] Currently Processing record: 534
2016-04-24.21:18:37.0545 [SPSSync:11] Currently Processing record: 535
2016-04-24.21:18:37.0545 [SPSSync:11] Registered Name Changed from Bekkis Takes Two to Bekkis Takes Two OW for Reg No.: AM01146601
2016-04-24.21:18:37.0563 [SPSSync:11] Currently Processing record: 536
2016-04-24.21:18:37.0566 [SPSSync:11] Currently Processing record: 537
2016-04-24.21:18:37.0566 [SPSSync:11] Currently Processing record: 538
2016-04-24.21:18:37.0566 [SPSSync:11] Currently Processing record: 539
2016-04-24.21:18:37.0582 [SPSSync:11] Currently Processing record: 540
2016-04-24.21:18:37.0582 [SPSSync:11] Registered Name Changed from Ob Ch Nobite Defence Of The Realm to OB. CH. Nobite Defence Of The Realm for Reg No.: AF01949501
2016-04-24.21:18:37.0582 [SPSSync:11] Currently Processing record: 541
2016-04-24.21:18:37.0598 [SPSSync:11] Currently Processing record: 542
2016-04-24.21:18:37.0598 [SPSSync:11] Currently Processing record: 543
2016-04-24.21:18:37.0614 [SPSSync:11] Currently Processing record: 544
2016-04-24.21:18:37.0630 [SPSSync:11] Currently Processing record: 545
2016-04-24.21:18:37.0645 [SPSSync:11] Currently Processing record: 546
2016-04-24.21:18:37.0645 [SPSSync:11] Currently Processing record: 547
2016-04-24.21:18:37.0645 [SPSSync:11] Currently Processing record: 548
2016-04-24.21:18:37.0645 [SPSSync:11] Currently Processing record: 549
2016-04-24.21:18:37.0666 [SPSSync:11] Currently Processing record: 550
2016-04-24.21:18:37.0666 [SPSSync:11] Currently Processing record: 551
2016-04-24.21:18:37.0682 [SPSSync:11] Currently Processing record: 552
2016-04-24.21:18:37.0682 [SPSSync:11] Currently Processing record: 553
2016-04-24.21:18:37.0698 [SPSSync:11] Currently Processing record: 554
2016-04-24.21:18:37.0698 [SPSSync:11] Currently Processing record: 555
2016-04-24.21:18:37.0714 [SPSSync:11] Currently Processing record: 556
2016-04-24.21:18:37.0714 [SPSSync:11] Currently Processing record: 557
2016-04-24.21:18:37.0729 [SPSSync:11] Currently Processing record: 558
2016-04-24.21:18:37.0729 [SPSSync:11] Currently Processing record: 559
2016-04-24.21:18:37.0745 [SPSSync:11] Currently Processing record: 560
2016-04-24.21:18:37.0745 [SPSSync:11] Currently Processing record: 561
2016-04-24.21:18:37.0745 [SPSSync:11] Date of Birth Changed from 01/01/2000 00:00:00 to 01/01/0001 00:00:00 for Reg No.: K138363
2016-04-24.21:18:37.0764 [SPSSync:11] Currently Processing record: 562
2016-04-24.21:18:37.0766 [SPSSync:11] Date of Birth Changed from 01/01/2000 00:00:00 to 01/01/0001 00:00:00 for Reg No.: K138363
2016-04-24.21:18:37.0766 [SPSSync:11] Currently Processing record: 563
2016-04-24.21:18:37.0766 [SPSSync:11] Registered Name Changed from Ob Ch Forevermagic It's Trendy to Obedience Champion Forevermagic It's Trendy for Reg No.: K121559
2016-04-24.21:18:37.0766 [SPSSync:11] Currently Processing record: 564
2016-04-24.21:18:37.0766 [SPSSync:11] Currently Processing record: 565
2016-04-24.21:18:37.0782 [SPSSync:11] Registered Name Changed from Sarkam Georgie My Last Fling (Ar1) to Sarkam Georgie My Last Fling (AR1) for Reg No.: K145956
2016-04-24.21:18:37.0782 [SPSSync:11] Currently Processing record: 566
2016-04-24.21:18:37.0782 [SPSSync:11] Registered Name Changed from Jayjay At Badgers Cross to JAYJAY AT BADGERS CROSS for Reg No.: K137928
2016-04-24.21:18:37.0782 [SPSSync:11] Currently Processing record: 567
2016-04-24.21:18:37.0798 [SPSSync:11] Currently Processing record: 568
2016-04-24.21:18:37.0798 [SPSSync:11] Currently Processing record: 569
2016-04-24.21:18:37.0814 [SPSSync:11] Registered Name Changed from Everush Olympic Flame to OB CH Everush Olympic Flame for Reg No.: AQ00378804
2016-04-24.21:18:37.0814 [SPSSync:11] Currently Processing record: 570
2016-04-24.21:18:37.0814 [SPSSync:11] Currently Processing record: 571
2016-04-24.21:18:37.0830 [SPSSync:11] Currently Processing record: 572
2016-04-24.21:18:37.0830 [SPSSync:11] Currently Processing record: 573
2016-04-24.21:18:37.0845 [SPSSync:11] Currently Processing record: 574
2016-04-24.21:18:37.0845 [SPSSync:11] Currently Processing record: 575
2016-04-24.21:18:37.0866 [SPSSync:11] Currently Processing record: 576
2016-04-24.21:18:37.0874 [SPSSync:11] Currently Processing record: 577
2016-04-24.21:18:37.0882 [SPSSync:11] Currently Processing record: 578
2016-04-24.21:18:37.0882 [SPSSync:11] Currently Processing record: 579
2016-04-24.21:18:37.0890 [SPSSync:11] Currently Processing record: 580
2016-04-24.21:18:37.0898 [SPSSync:11] Currently Processing record: 581
2016-04-24.21:18:37.0945 [SPSSync:11] Currently Processing record: 582
2016-04-24.21:18:37.0969 [SPSSync:11] Currently Processing record: 583
2016-04-24.21:18:37.0978 [SPSSync:11] Currently Processing record: 584
2016-04-24.21:18:37.0987 [SPSSync:11] Currently Processing record: 585
2016-04-24.21:18:37.0994 [SPSSync:11] Currently Processing record: 586
2016-04-24.21:18:37.0998 [SPSSync:11] Currently Processing record: 587
2016-04-24.21:18:37.0998 [SPSSync:11] Currently Processing record: 588
2016-04-24.21:18:38.0014 [SPSSync:11] Currently Processing record: 589
2016-04-24.21:18:38.0014 [SPSSync:11] Currently Processing record: 590
2016-04-24.21:18:38.0014 [SPSSync:11] Currently Processing record: 591
2016-04-24.21:18:38.0029 [SPSSync:11] Currently Processing record: 592
2016-04-24.21:18:38.0029 [SPSSync:11] Currently Processing record: 593
2016-04-24.21:18:38.0029 [SPSSync:11] Registered Name Changed from Boom Bang-A-Bang to BOOM BANG-A-BANG for Reg No.: K139488
2016-04-24.21:18:38.0045 [SPSSync:11] Currently Processing record: 594
2016-04-24.21:18:38.0045 [SPSSync:11] Currently Processing record: 595
2016-04-24.21:18:38.0045 [SPSSync:11] Currently Processing record: 596
2016-04-24.21:18:38.0045 [SPSSync:11] Currently Processing record: 597
2016-04-24.21:18:38.0045 [SPSSync:11] Registered Name Changed from Gnobulls Fire Cracker At Copyhold to Gnobulls Fire Cracker At Copyhold Nov.Ex for Reg No.: AQ03114601
2016-04-24.21:18:38.0065 [SPSSync:11] Currently Processing record: 598
2016-04-24.21:18:38.0067 [SPSSync:11] Currently Processing record: 599
2016-04-24.21:18:38.0067 [SPSSync:11] Registered Name Changed from Dazmarnic Firefly At Copyhold OW B Ex to Dazmarnic Firefly At Copyhold OW B.Ex for Reg No.: AJ05418404
2016-04-24.21:18:38.0067 [SPSSync:11] Currently Processing record: 600
2016-04-24.21:18:38.0082 [SPSSync:11] Currently Processing record: 601
2016-04-24.21:18:38.0082 [SPSSync:11] Currently Processing record: 602
2016-04-24.21:18:38.0098 [SPSSync:11] Currently Processing record: 603
2016-04-24.21:18:38.0098 [SPSSync:11] Currently Processing record: 604
2016-04-24.21:18:38.0098 [SPSSync:11] Currently Processing record: 605
2016-04-24.21:18:38.0098 [SPSSync:11] Currently Processing record: 606
2016-04-24.21:18:38.0114 [SPSSync:11] Currently Processing record: 607
2016-04-24.21:18:38.0114 [SPSSync:11] Currently Processing record: 608
2016-04-24.21:18:38.0130 [SPSSync:11] Currently Processing record: 609
2016-04-24.21:18:38.0130 [SPSSync:11] Currently Processing record: 610
2016-04-24.21:18:38.0145 [SPSSync:11] Currently Processing record: 611
2016-04-24.21:18:38.0164 [SPSSync:11] Currently Processing record: 612
2016-04-24.21:18:38.0167 [SPSSync:11] Registered Name Changed from Ob Ch Jonjosam Drunken Duncan OW to OB CH     Jonjosam Drunken Duncan  OW for Reg No.: AH02189001
2016-04-24.21:18:38.0167 [SPSSync:11] Currently Processing record: 613
2016-04-24.21:18:38.0167 [SPSSync:11] Currently Processing record: 614
2016-04-24.21:18:38.0182 [SPSSync:11] Currently Processing record: 615
2016-04-24.21:18:38.0182 [SPSSync:11] Currently Processing record: 616
2016-04-24.21:18:38.0198 [SPSSync:11] Currently Processing record: 617
2016-04-24.21:18:38.0198 [SPSSync:11] Currently Processing record: 618
2016-04-24.21:18:38.0214 [SPSSync:11] Currently Processing record: 619
2016-04-24.21:18:38.0214 [SPSSync:11] Currently Processing record: 620
2016-04-24.21:18:38.0229 [SPSSync:11] Currently Processing record: 621
2016-04-24.21:18:38.0229 [SPSSync:11] Currently Processing record: 622
2016-04-24.21:18:38.0245 [SPSSync:11] Currently Processing record: 623
2016-04-24.21:18:38.0245 [SPSSync:11] Registered Name Changed from Rockin In The Mist As Malaridge OW to Rockin In The Mist At Malaridge OW for Reg No.: KC122585
2016-04-24.21:18:38.0245 [SPSSync:11] Currently Processing record: 624
2016-04-24.21:18:38.0261 [SPSSync:11] Currently Processing record: 625
2016-04-24.21:18:38.0267 [SPSSync:11] Currently Processing record: 626
2016-04-24.21:18:38.0267 [SPSSync:11] Currently Processing record: 627
2016-04-24.21:18:38.0267 [SPSSync:11] Currently Processing record: 628
2016-04-24.21:18:38.0283 [SPSSync:11] Currently Processing record: 629
2016-04-24.21:18:38.0283 [SPSSync:11] Currently Processing record: 630
2016-04-24.21:18:38.0298 [SPSSync:11] Currently Processing record: 631
2016-04-24.21:18:38.0298 [SPSSync:11] Currently Processing record: 632
2016-04-24.21:18:38.0314 [SPSSync:11] Currently Processing record: 633
2016-04-24.21:18:38.0330 [SPSSync:11] Currently Processing record: 634
2016-04-24.21:18:38.0330 [SPSSync:11] Currently Processing record: 635
2016-04-24.21:18:38.0330 [SPSSync:11] Currently Processing record: 636
2016-04-24.21:18:38.0345 [SPSSync:11] Currently Processing record: 637
2016-04-24.21:18:38.0345 [SPSSync:11] Registered Name Changed from Janyjoy Jumpin Jaro to Ob Ch Janyjoy Jumpin Jaro for Reg No.: K119819
2016-04-24.21:18:38.0345 [SPSSync:11] Currently Processing record: 638
2016-04-24.21:18:38.0366 [SPSSync:11] Currently Processing record: 639
2016-04-24.21:18:38.0367 [SPSSync:11] Currently Processing record: 640
2016-04-24.21:18:38.0367 [SPSSync:11] Currently Processing record: 641
2016-04-24.21:18:38.0383 [SPSSync:11] Currently Processing record: 642
2016-04-24.21:18:38.0383 [SPSSync:11] Currently Processing record: 643
2016-04-24.21:18:38.0398 [SPSSync:11] Currently Processing record: 644
2016-04-24.21:18:38.0398 [SPSSync:11] Currently Processing record: 645
2016-04-24.21:18:38.0414 [SPSSync:11] Currently Processing record: 646
2016-04-24.21:18:38.0414 [SPSSync:11] Currently Processing record: 647
2016-04-24.21:18:38.0429 [SPSSync:11] Currently Processing record: 648
2016-04-24.21:18:38.0429 [SPSSync:11] Currently Processing record: 649
2016-04-24.21:18:38.0429 [SPSSync:11] Currently Processing record: 650
2016-04-24.21:18:38.0445 [SPSSync:11] Currently Processing record: 651
2016-04-24.21:18:38.0445 [SPSSync:11] Currently Processing record: 652
2016-04-24.21:18:38.0463 [SPSSync:11] Currently Processing record: 653
2016-04-24.21:18:38.0469 [SPSSync:11] Currently Processing record: 654
2016-04-24.21:18:38.0476 [SPSSync:11] Currently Processing record: 655
2016-04-24.21:18:38.0482 [SPSSync:11] Currently Processing record: 656
2016-04-24.21:18:38.0491 [SPSSync:11] Currently Processing record: 657
2016-04-24.21:18:38.0498 [SPSSync:11] Currently Processing record: 658
2016-04-24.21:18:38.0498 [SPSSync:11] Currently Processing record: 659
2016-04-24.21:18:38.0498 [SPSSync:11] Currently Processing record: 660
2016-04-24.21:18:38.0514 [SPSSync:11] Registered Name Changed from Whyso Wicked Of Valgrays to Whyso Wicked Of Valgrays OW for Reg No.: K12377
2016-04-24.21:18:38.0514 [SPSSync:11] Currently Processing record: 661
2016-04-24.21:18:38.0514 [SPSSync:11] Currently Processing record: 662
2016-04-24.21:18:38.0514 [SPSSync:11] Date of Birth Changed from 01/01/2000 00:00:00 to 01/01/0001 00:00:00 for Reg No.: K133644
2016-04-24.21:18:38.0530 [SPSSync:11] Year of Birth Changed from 0 to 2009 for Reg No.: K133644
2016-04-24.21:18:38.0530 [SPSSync:11] Currently Processing record: 663
2016-04-24.21:18:38.0530 [SPSSync:11] Currently Processing record: 664
2016-04-24.21:18:38.0545 [SPSSync:11] Currently Processing record: 665
2016-04-24.21:18:38.0545 [SPSSync:11] Currently Processing record: 666
2016-04-24.21:18:38.0563 [SPSSync:11] Currently Processing record: 667
2016-04-24.21:18:38.0566 [SPSSync:11] Date of Birth Changed from 01/01/2000 00:00:00 to 01/01/0001 00:00:00 for Reg No.: K140381
2016-04-24.21:18:38.0567 [SPSSync:11] Currently Processing record: 668
2016-04-24.21:18:38.0567 [SPSSync:11] Currently Processing record: 669
2016-04-24.21:18:38.0582 [SPSSync:11] Currently Processing record: 670
2016-04-24.21:18:38.0582 [SPSSync:11] Currently Processing record: 671
2016-04-24.21:18:38.0582 [SPSSync:11] Currently Processing record: 672
2016-04-24.21:18:38.0598 [SPSSync:11] Currently Processing record: 673
2016-04-24.21:18:38.0614 [SPSSync:11] Currently Processing record: 674
2016-04-24.21:18:38.0614 [SPSSync:11] Currently Processing record: 675
2016-04-24.21:18:38.0629 [SPSSync:11] Currently Processing record: 676
2016-04-24.21:18:38.0629 [SPSSync:11] Currently Processing record: 677
2016-04-24.21:18:38.0645 [SPSSync:11] Currently Processing record: 678
2016-04-24.21:18:38.0645 [SPSSync:11] Date of Birth Changed from 01/01/2000 00:00:00 to 01/01/0001 00:00:00 for Reg No.: K149621
2016-04-24.21:18:38.0645 [SPSSync:11] Year of Birth Changed from 0 to 2009 for Reg No.: K149621
2016-04-24.21:18:38.0645 [SPSSync:11] Currently Processing record: 679
2016-04-24.21:18:38.0645 [SPSSync:11] Date of Birth Changed from 01/01/2000 00:00:00 to 01/01/0001 00:00:00 for Reg No.: K149621
2016-04-24.21:18:38.0663 [SPSSync:11] Currently Processing record: 680
2016-04-24.21:18:38.0667 [SPSSync:11] Date of Birth Changed from 01/01/2000 00:00:00 to 01/01/0001 00:00:00 for Reg No.: K149621
2016-04-24.21:18:38.0672 [SPSSync:11] Currently Processing record: 681
2016-04-24.21:18:38.0682 [SPSSync:11] Currently Processing record: 682
2016-04-24.21:18:38.0690 [SPSSync:11] Currently Processing record: 683
2016-04-24.21:18:38.0697 [SPSSync:11] Currently Processing record: 684
2016-04-24.21:18:38.0698 [SPSSync:11] Currently Processing record: 685
2016-04-24.21:18:38.0714 [SPSSync:11] Currently Processing record: 686
2016-04-24.21:18:38.0714 [SPSSync:11] Currently Processing record: 687
2016-04-24.21:18:38.0730 [SPSSync:11] Currently Processing record: 688
2016-04-24.21:18:38.0730 [SPSSync:11] Currently Processing record: 689
2016-04-24.21:18:38.0745 [SPSSync:11] Currently Processing record: 690
2016-04-24.21:18:38.0745 [SPSSync:11] Currently Processing record: 691
2016-04-24.21:18:38.0745 [SPSSync:11] Registered Name Changed from Shadoway Game Of Chance RL2Ex to Shadoway Game Of Chance Rl4ex for Reg No.: AM04625802
2016-04-24.21:18:38.0745 [SPSSync:11] Currently Processing record: 692
2016-04-24.21:18:38.0767 [SPSSync:11] Currently Processing record: 693
2016-04-24.21:18:38.0767 [SPSSync:11] Currently Processing record: 694
2016-04-24.21:18:38.0767 [SPSSync:11] Currently Processing record: 695
2016-04-24.21:18:38.0783 [SPSSync:11] Currently Processing record: 696
2016-04-24.21:18:38.0783 [SPSSync:11] Currently Processing record: 697
2016-04-24.21:18:38.0799 [SPSSync:11] Currently Processing record: 698
2016-04-24.21:18:38.0799 [SPSSync:11] Currently Processing record: 699
2016-04-24.21:18:38.0814 [SPSSync:11] Currently Processing record: 700
2016-04-24.21:18:38.0830 [SPSSync:11] Currently Processing record: 701
2016-04-24.21:18:38.0846 [SPSSync:11] Currently Processing record: 702
2016-04-24.21:18:38.0867 [SPSSync:11] Currently Processing record: 703
2016-04-24.21:18:38.0883 [SPSSync:11] Currently Processing record: 704
2016-04-24.21:18:38.0883 [SPSSync:11] Currently Processing record: 705
2016-04-24.21:18:38.0899 [SPSSync:11] Currently Processing record: 706
2016-04-24.21:18:38.0914 [SPSSync:11] Currently Processing record: 707
2016-04-24.21:18:38.0914 [SPSSync:11] Currently Processing record: 708
2016-04-24.21:18:38.0930 [SPSSync:11] Currently Processing record: 709
2016-04-24.21:18:38.0930 [SPSSync:11] Currently Processing record: 710
2016-04-24.21:18:38.0946 [SPSSync:11] Currently Processing record: 711
2016-04-24.21:18:38.0962 [SPSSync:11] Currently Processing record: 712
2016-04-24.21:18:38.0974 [SPSSync:11] Currently Processing record: 713
2016-04-24.21:18:38.0984 [SPSSync:11] Currently Processing record: 714
2016-04-24.21:18:38.0992 [SPSSync:11] Currently Processing record: 715
2016-04-24.21:18:38.0999 [SPSSync:11] Currently Processing record: 716
2016-04-24.21:18:38.0999 [SPSSync:11] Currently Processing record: 717
2016-04-24.21:18:39.0014 [SPSSync:11] Currently Processing record: 718
2016-04-24.21:18:39.0014 [SPSSync:11] Currently Processing record: 719
2016-04-24.21:18:39.0030 [SPSSync:11] Currently Processing record: 720
2016-04-24.21:18:39.0046 [SPSSync:11] Currently Processing record: 721
2016-04-24.21:18:39.0046 [SPSSync:11] Currently Processing record: 722
2016-04-24.21:18:39.0066 [SPSSync:11] Currently Processing record: 723
2016-04-24.21:18:39.0067 [SPSSync:11] Currently Processing record: 724
2016-04-24.21:18:39.0067 [SPSSync:11] Currently Processing record: 725
2016-04-24.21:18:39.0083 [SPSSync:11] Currently Processing record: 726
2016-04-24.21:18:39.0099 [SPSSync:11] Currently Processing record: 727
2016-04-24.21:18:39.0099 [SPSSync:11] Currently Processing record: 728
2016-04-24.21:18:39.0099 [SPSSync:11] Currently Processing record: 729
2016-04-24.21:18:39.0114 [SPSSync:11] Currently Processing record: 730
2016-04-24.21:18:39.0114 [SPSSync:11] Currently Processing record: 731
2016-04-24.21:18:39.0130 [SPSSync:11] Currently Processing record: 732
2016-04-24.21:18:39.0130 [SPSSync:11] Currently Processing record: 733
2016-04-24.21:18:39.0246 [SPSSync:11] Currently Processing record: 734
2016-04-24.21:18:39.0299 [SPSSync:11] Currently Processing record: 735
2016-04-24.21:18:39.0315 [SPSSync:11] Currently Processing record: 736
2016-04-24.21:18:39.0330 [SPSSync:11] Currently Processing record: 737
2016-04-24.21:18:39.0346 [SPSSync:11] Currently Processing record: 738
2016-04-24.21:18:39.0368 [SPSSync:11] Currently Processing record: 739
2016-04-24.21:18:39.0383 [SPSSync:11] Currently Processing record: 740
2016-04-24.21:18:39.0383 [SPSSync:11] Currently Processing record: 741
2016-04-24.21:18:39.0399 [SPSSync:11] Currently Processing record: 742
2016-04-24.21:18:39.0399 [SPSSync:11] Currently Processing record: 743
2016-04-24.21:18:39.0415 [SPSSync:11] Currently Processing record: 744
2016-04-24.21:18:39.0415 [SPSSync:11] Currently Processing record: 745
2016-04-24.21:18:39.0430 [SPSSync:11] Currently Processing record: 746
2016-04-24.21:18:39.0430 [SPSSync:11] Currently Processing record: 747
2016-04-24.21:18:39.0462 [SPSSync:11] Currently Processing record: 748
2016-04-24.21:18:39.0469 [SPSSync:11] Currently Processing record: 749
2016-04-24.21:18:39.0496 [SPSSync:11] Currently Processing record: 750
2016-04-24.21:18:39.0498 [SPSSync:11] Currently Processing record: 751
2016-04-24.21:18:39.0514 [SPSSync:11] Currently Processing record: 752
2016-04-24.21:18:39.0514 [SPSSync:11] Currently Processing record: 753
2016-04-24.21:18:39.0529 [SPSSync:11] Currently Processing record: 754
2016-04-24.21:18:39.0529 [SPSSync:11] Currently Processing record: 755
2016-04-24.21:18:39.0545 [SPSSync:11] Currently Processing record: 756
2016-04-24.21:18:39.0545 [SPSSync:11] Currently Processing record: 757
2016-04-24.21:18:39.0545 [SPSSync:11] Currently Processing record: 758
2016-04-24.21:18:39.0568 [SPSSync:11] Currently Processing record: 759
2016-04-24.21:18:39.0568 [SPSSync:11] Currently Processing record: 760
2016-04-24.21:18:39.0584 [SPSSync:11] Currently Processing record: 761
2016-04-24.21:18:39.0584 [SPSSync:11] Currently Processing record: 762
2016-04-24.21:18:39.0599 [SPSSync:11] Currently Processing record: 763
2016-04-24.21:18:39.0599 [SPSSync:11] Currently Processing record: 764
2016-04-24.21:18:39.0615 [SPSSync:11] Currently Processing record: 765
2016-04-24.21:18:39.0615 [SPSSync:11] Currently Processing record: 766
2016-04-24.21:18:39.0631 [SPSSync:11] Currently Processing record: 767
2016-04-24.21:18:39.0631 [SPSSync:11] Currently Processing record: 768
2016-04-24.21:18:39.0646 [SPSSync:11] Currently Processing record: 769
2016-04-24.21:18:39.0646 [SPSSync:11] Currently Processing record: 770
2016-04-24.21:18:39.0668 [SPSSync:11] Currently Processing record: 771
2016-04-24.21:18:39.0668 [SPSSync:11] Currently Processing record: 772
2016-04-24.21:18:39.0684 [SPSSync:11] Currently Processing record: 773
2016-04-24.21:18:39.0684 [SPSSync:11] Currently Processing record: 774
2016-04-24.21:18:39.0699 [SPSSync:11] Currently Processing record: 775
2016-04-24.21:18:39.0715 [SPSSync:11] Currently Processing record: 776
2016-04-24.21:18:39.0731 [SPSSync:11] Currently Processing record: 777
2016-04-24.21:18:39.0746 [SPSSync:11] Currently Processing record: 778
2016-04-24.21:18:39.0768 [SPSSync:11] Currently Processing record: 779
2016-04-24.21:18:39.0768 [SPSSync:11] Currently Processing record: 780
2016-04-24.21:18:39.0784 [SPSSync:11] Currently Processing record: 781
2016-04-24.21:18:39.0784 [SPSSync:11] Currently Processing record: 782
2016-04-24.21:18:39.0799 [SPSSync:11] Currently Processing record: 783
2016-04-24.21:18:39.0815 [SPSSync:11] Currently Processing record: 784
2016-04-24.21:18:39.0815 [SPSSync:11] Currently Processing record: 785
2016-04-24.21:18:39.0831 [SPSSync:11] Currently Processing record: 786
2016-04-24.21:18:39.0831 [SPSSync:11] Currently Processing record: 787
2016-04-24.21:18:39.0846 [SPSSync:11] Currently Processing record: 788
2016-04-24.21:18:39.0846 [SPSSync:11] Currently Processing record: 789
2016-04-24.21:18:39.0862 [SPSSync:11] Currently Processing record: 790
2016-04-24.21:18:39.0868 [SPSSync:11] Currently Processing record: 791
2016-04-24.21:18:39.0868 [SPSSync:11] Currently Processing record: 792
2016-04-24.21:18:39.0884 [SPSSync:11] Currently Processing record: 793
2016-04-24.21:18:39.0884 [SPSSync:11] Currently Processing record: 794
2016-04-24.21:18:39.0899 [SPSSync:11] Currently Processing record: 795
2016-04-24.21:18:39.0899 [SPSSync:11] Currently Processing record: 796
2016-04-24.21:18:39.0915 [SPSSync:11] Currently Processing record: 797
2016-04-24.21:18:39.0915 [SPSSync:11] Currently Processing record: 798
2016-04-24.21:18:39.0931 [SPSSync:11] Currently Processing record: 799
2016-04-24.21:18:39.0931 [SPSSync:11] Currently Processing record: 800
2016-04-24.21:18:39.0946 [SPSSync:11] Currently Processing record: 801
2016-04-24.21:18:39.0946 [SPSSync:11] Currently Processing record: 802
2016-04-24.21:18:39.0967 [SPSSync:11] Currently Processing record: 803
2016-04-24.21:18:39.0974 [SPSSync:11] Currently Processing record: 804
2016-04-24.21:18:39.0980 [SPSSync:11] Currently Processing record: 805
2016-04-24.21:18:39.0989 [SPSSync:11] Currently Processing record: 806
2016-04-24.21:18:39.0998 [SPSSync:11] Currently Processing record: 807
2016-04-24.21:18:39.0998 [SPSSync:11] Currently Processing record: 808
2016-04-24.21:18:39.0998 [SPSSync:11] Currently Processing record: 809
2016-04-24.21:18:40.0014 [SPSSync:11] Currently Processing record: 810
2016-04-24.21:18:40.0014 [SPSSync:11] Currently Processing record: 811
2016-04-24.21:18:40.0030 [SPSSync:11] Currently Processing record: 812
2016-04-24.21:18:40.0030 [SPSSync:11] Currently Processing record: 813
2016-04-24.21:18:40.0045 [SPSSync:11] Currently Processing record: 814
2016-04-24.21:18:40.0045 [SPSSync:11] Currently Processing record: 815
2016-04-24.21:18:40.0215 [SPSSync:11] Currently Processing record: 816
2016-04-24.21:18:40.0231 [SPSSync:11] Currently Processing record: 817
2016-04-24.21:18:40.0231 [SPSSync:11] Currently Processing record: 818
2016-04-24.21:18:40.0231 [SPSSync:11] Currently Processing record: 819
2016-04-24.21:18:40.0247 [SPSSync:11] Currently Processing record: 820
2016-04-24.21:18:40.0264 [SPSSync:11] Currently Processing record: 821
2016-04-24.21:18:40.0274 [SPSSync:11] Currently Processing record: 822
2016-04-24.21:18:40.0281 [SPSSync:11] Currently Processing record: 823
2016-04-24.21:18:40.0292 [SPSSync:11] Currently Processing record: 824
2016-04-24.21:18:40.0298 [SPSSync:11] Currently Processing record: 825
2016-04-24.21:18:40.0298 [SPSSync:11] Currently Processing record: 826
2016-04-24.21:18:40.0314 [SPSSync:11] Currently Processing record: 827
2016-04-24.21:18:40.0484 [SPSSync:11] Currently Processing record: 828
2016-04-24.21:18:40.0647 [SPSSync:11] Currently Processing record: 829
2016-04-24.21:18:40.0815 [SPSSync:11] Currently Processing record: 830
2016-04-24.21:18:40.0984 [SPSSync:11] Currently Processing record: 831
2016-04-24.21:18:40.0999 [SPSSync:11] Currently Processing record: 832
2016-04-24.21:18:41.0015 [SPSSync:11] Currently Processing record: 833
2016-04-24.21:18:41.0030 [SPSSync:11] Currently Processing record: 834
2016-04-24.21:18:41.0046 [SPSSync:11] Currently Processing record: 835
2016-04-24.21:18:41.0071 [SPSSync:11] Currently Processing record: 836
2016-04-24.21:18:41.0089 [SPSSync:9] *****************************
2016-04-24.21:18:41.0090 [SPSSync:9] 724 class entries added
2016-04-24.21:18:41.0090 [SPSSync:9] 112 NFC entries ignored
2016-04-24.21:18:41.0090 [SPSSync:9] 0 entries marked as not for Import
2016-04-24.21:18:41.0090 [SPSSync:9] *****************************
